#
# A fatal error has been detected by the Java Runtime Environment:
#
#  EXCEPTION_ACCESS_VIOLATION (0xc0000005) at pc=0x00000000714349af, pid=4344, tid=0x0000000000001c78
#
# JRE version: OpenJDK Runtime Environment (8.0_76-b03) (build 1.8.0_76-release-b03)
# Java VM: OpenJDK 64-Bit Server VM (25.76-b03 mixed mode windows-amd64 compressed oops)
# Problematic frame:
# V  [jvm.dll+0x349af]
#
# Failed to write core dump. Minidumps are not enabled by default on client versions of Windows
#
# If you would like to submit a bug report, please visit:
#   http://bugreport.java.com/bugreport/crash.jsp
#

---------------  T H R E A D  ---------------

Current thread (0x000000001887b800):  JavaThread "Daemon worker" [_thread_in_vm, id=7288, stack(0x000000001a240000,0x000000001a340000)]

siginfo: ExceptionCode=0xc0000005, reading address 0x0000000059edf49c

Registers:
RAX=0x0000000059edf49c, RBX=0x000000001887b800, RCX=0x0000000000000000, RDX=0x000000003e3b2956
RSP=0x000000001a339820, RBP=0x000000001b7fd6b0, RSI=0x000000001a339ef0, RDI=0x000000003e3b2956
R8 =0x000000001887b800, R9 =0x0000000000000000, R10=0x0000000000000000, R11=0x0000000000000000
R12=0x000000000000733b, R13=0x0000000000000000, R14=0x000000000000002f, R15=0x0000000000000000
RIP=0x00000000714349af, EFLAGS=0x0000000000010246

Top of Stack: (sp=0x000000001a339820)
0x000000001a339820:   000000001887b800 000000001a339ef0
0x000000001a339830:   000000001887b800 000000001b7fd6b0
0x000000001a339840:   0000000000000000 000000001887b800
0x000000001a339850:   0000000000040000 0000000000003b73
0x000000001a339860:   0000000056293b3e 0000000000000000
0x000000001a339870:   0000000000000000 0000000000000000
0x000000001a339880:   0000000000000000 0000000000000000
0x000000001a339890:   000095d7f25841fb 0000000000000001
0x000000001a3398a0:   0000000000000031 0000000000000001
0x000000001a3398b0:   0000000000000031 000000001a339ef0
0x000000001a3398c0:   000000001b7fd6b0 000000001a3399e0
0x000000001a3398d0:   0000000000000000 000000007143513e
0x000000001a3398e0:   0000000000000000 000000001a339900
0x000000001a3398f0:   000000001b7fd601 0000000020df0031
0x000000001a339900:   000000001a339964 000000001a339938
0x000000001a339910:   000000001a339968 000000001a3399e0 

Instructions: (pc=0x00000000714349af)
0x000000007143498f:   06 73 0e 48 8b d3 48 8b cd e8 53 58 00 00 45 33
0x000000007143499f:   db 48 83 7b 08 00 0f 85 c1 03 00 00 48 8b 45 10
0x00000000714349af:   0f b7 08 48 8d 50 02 66 89 4c 24 38 0f b6 44 24
0x00000000714349bf:   39 44 0f b6 e1 66 41 c1 e4 08 48 89 55 10 8b 0a 


Register to memory mapping:

RAX=0x0000000059edf49c is an unknown value
RBX=0x000000001887b800 is a thread
RCX=0x0000000000000000 is an unknown value
RDX=0x000000003e3b2956 is an unknown value
RSP=0x000000001a339820 is pointing into the stack for thread: 0x000000001887b800
RBP=0x000000001b7fd6b0 is an unknown value
RSI=0x000000001a339ef0 is pointing into the stack for thread: 0x000000001887b800
RDI=0x000000003e3b2956 is an unknown value
R8 =0x000000001887b800 is a thread
R9 =0x0000000000000000 is an unknown value
R10=0x0000000000000000 is an unknown value
R11=0x0000000000000000 is an unknown value
R12=0x000000000000733b is an unknown value
R13=0x0000000000000000 is an unknown value
R14=0x000000000000002f is an unknown value
R15=0x0000000000000000 is an unknown value


Stack: [0x000000001a240000,0x000000001a340000],  sp=0x000000001a339820,  free space=998k
Native frames: (J=compiled Java code, j=interpreted, Vv=VM code, C=native code)
V  [jvm.dll+0x349af]
V  [jvm.dll+0x3513e]
V  [jvm.dll+0x3913d]
V  [jvm.dll+0x3ce70]
V  [jvm.dll+0x57b4d]
V  [jvm.dll+0x58427]
V  [jvm.dll+0x59af6]
V  [jvm.dll+0x55667]
V  [jvm.dll+0x395df]
V  [jvm.dll+0x3ce70]
V  [jvm.dll+0x57b4d]
V  [jvm.dll+0x58427]
V  [jvm.dll+0x59af6]
V  [jvm.dll+0x55667]
V  [jvm.dll+0x395df]
V  [jvm.dll+0x3ce70]
V  [jvm.dll+0x57b4d]
V  [jvm.dll+0x58427]
V  [jvm.dll+0x59af6]
V  [jvm.dll+0x59b4d]
V  [jvm.dll+0xd0e53]
V  [jvm.dll+0x95bb3]
V  [jvm.dll+0x95cc6]
C  0x0000000002566fed

Java frames: (J=compiled Java code, j=interpreted, Vv=VM code)
j  com.sun.org.apache.xpath.internal.compiler.FunctionTable.<clinit>()V+22
v  ~StubRoutines::call_stub
j  com.sun.org.apache.xpath.internal.XPath.initFunctionTable()V+1
j  com.sun.org.apache.xpath.internal.XPath.<init>(Ljava/lang/String;Ljavax/xml/transform/SourceLocator;Lcom/sun/org/apache/xml/internal/utils/PrefixResolver;ILjavax/xml/transform/ErrorListener;)V+10
j  com.sun.org.apache.xpath.internal.XPath.<init>(Ljava/lang/String;Ljavax/xml/transform/SourceLocator;Lcom/sun/org/apache/xml/internal/utils/PrefixResolver;I)V+7
j  com.sun.org.apache.xpath.internal.jaxp.XPathImpl.eval(Ljava/lang/String;Ljava/lang/Object;)Lcom/sun/org/apache/xpath/internal/objects/XObject;+11
j  com.sun.org.apache.xpath.internal.jaxp.XPathImpl.evaluate(Ljava/lang/String;Ljava/lang/Object;Ljavax/xml/namespace/QName;)Ljava/lang/Object;+99
j  com.android.builder.core.DefaultManifestParser.getStringValues(Ljava/io/File;Ljava/util/Set;)Ljava/util/Map;+53
j  com.android.builder.core.DefaultManifestParser.<init>(Ljava/io/File;)V+104
j  com.android.builder.core.VariantConfiguration.getManifestAttributeSupplier()Lcom/android/builder/core/ManifestAttributeSupplier;+21
j  com.android.builder.core.VariantConfiguration.getPackageFromManifest()Ljava/lang/String;+19
j  com.android.builder.core.VariantConfiguration.getOriginalApplicationId()Ljava/lang/String;+16
j  com.android.build.gradle.tasks.GenerateBuildConfig$ConfigAction$$Lambda$89.call()Ljava/lang/Object;+4
J 6643 C1 org.gradle.util.GUtil.uncheckedCall(Ljava/util/concurrent/Callable;)Ljava/lang/Object; (13 bytes) @ 0x0000000003a1eda4 [0x0000000003a1ecc0+0xe4]
j  org.gradle.api.internal.ConventionAwareHelper$2.getValue(Lorg/gradle/api/plugins/Convention;Lorg/gradle/api/internal/IConventionAware;)Ljava/lang/Object;+4
j  org.gradle.api.internal.ConventionAwareHelper$MappedPropertyImpl.getValue(Lorg/gradle/api/plugins/Convention;Lorg/gradle/api/internal/IConventionAware;)Ljava/lang/Object;+13
J 5594 C2 org.gradle.api.internal.ConventionAwareHelper.getConventionValue(Ljava/lang/Object;Ljava/lang/String;Z)Ljava/lang/Object; (106 bytes) @ 0x00000000037c2870 [0x00000000037c2360+0x510]
j  com.android.build.gradle.tasks.GenerateBuildConfig_Decorated.getBuildConfigPackageName()Ljava/lang/String;+16
v  ~StubRoutines::call_stub
J 1908  sun.reflect.NativeMethodAccessorImpl.invoke0(Ljava/lang/reflect/Method;Ljava/lang/Object;[Ljava/lang/Object;)Ljava/lang/Object; (0 bytes) @ 0x0000000002c3c8ff [0x0000000002c3c880+0x7f]
J 1907 C1 sun.reflect.NativeMethodAccessorImpl.invoke(Ljava/lang/Object;[Ljava/lang/Object;)Ljava/lang/Object; (104 bytes) @ 0x0000000002c3bb64 [0x0000000002c3a9c0+0x11a4]
J 6636 C2 java.lang.reflect.Method.invoke(Ljava/lang/Object;[Ljava/lang/Object;)Ljava/lang/Object; (62 bytes) @ 0x0000000003a214c4 [0x0000000003a21440+0x84]
J 5763 C1 org.gradle.internal.reflect.JavaMethod.invoke(Ljava/lang/Object;[Ljava/lang/Object;)Ljava/lang/Object; (74 bytes) @ 0x000000000386e87c [0x000000000386e760+0x11c]
j  org.gradle.api.internal.project.taskfactory.AnnotationProcessingTaskFactory$PropertyInfo$4.create()Ljava/lang/Object;+25
j  org.gradle.util.SingleMessageLogger.whileDisabled(Lorg/gradle/internal/Factory;)Ljava/lang/Object;+11
j  org.gradle.api.internal.project.taskfactory.AnnotationProcessingTaskFactory$PropertyInfo.getValue(Ljava/lang/Object;)Lorg/gradle/api/internal/project/taskfactory/AnnotationProcessingTaskFactory$PropertyValue;+49
j  org.gradle.api.internal.project.taskfactory.AnnotationProcessingTaskFactory$Validator.validate(Lorg/gradle/api/internal/TaskInternal;Ljava/util/Collection;)V+45
j  org.gradle.api.internal.tasks.execution.ValidatingTaskExecuter.execute(Lorg/gradle/api/internal/TaskInternal;Lorg/gradle/api/internal/tasks/TaskStateInternal;Lorg/gradle/api/internal/tasks/TaskExecutionContext;)V+49
j  org.gradle.api.internal.tasks.execution.SkipEmptySourceFilesTaskExecuter.execute(Lorg/gradle/api/internal/TaskInternal;Lorg/gradle/api/internal/tasks/TaskStateInternal;Lorg/gradle/api/internal/tasks/TaskExecutionContext;)V+111
j  org.gradle.api.internal.tasks.execution.SkipTaskWithNoActionsExecuter.execute(Lorg/gradle/api/internal/TaskInternal;Lorg/gradle/api/internal/tasks/TaskStateInternal;Lorg/gradle/api/internal/tasks/TaskExecutionContext;)V+110
j  org.gradle.api.internal.tasks.execution.SkipOnlyIfTaskExecuter.execute(Lorg/gradle/api/internal/TaskInternal;Lorg/gradle/api/internal/tasks/TaskStateInternal;Lorg/gradle/api/internal/tasks/TaskExecutionContext;)V+84
j  org.gradle.api.internal.tasks.execution.ExecuteAtMostOnceTaskExecuter.execute(Lorg/gradle/api/internal/TaskInternal;Lorg/gradle/api/internal/tasks/TaskStateInternal;Lorg/gradle/api/internal/tasks/TaskExecutionContext;)V+26
j  org.gradle.execution.taskgraph.DefaultTaskGraphExecuter$EventFiringTaskWorker.execute(Lorg/gradle/api/internal/TaskInternal;)V+106
j  org.gradle.execution.taskgraph.DefaultTaskGraphExecuter$EventFiringTaskWorker.execute(Ljava/lang/Object;)V+5
j  org.gradle.execution.taskgraph.AbstractTaskPlanExecutor$TaskExecutorWorker.processTask(Lorg/gradle/execution/taskgraph/TaskInfo;)V+8
j  org.gradle.execution.taskgraph.AbstractTaskPlanExecutor$TaskExecutorWorker.run()V+56
j  org.gradle.execution.taskgraph.DefaultTaskPlanExecutor.process(Lorg/gradle/execution/taskgraph/TaskExecutionPlan;Lorg/gradle/api/Action;)V+6
j  org.gradle.execution.taskgraph.DefaultTaskGraphExecuter.execute()V+65
j  org.gradle.execution.SelectedTaskExecutionAction.execute(Lorg/gradle/execution/BuildExecutionContext;)V+55
j  org.gradle.execution.DefaultBuildExecuter.execute(Lorg/gradle/api/internal/GradleInternal;I)V+37
j  org.gradle.execution.DefaultBuildExecuter.access$000(Lorg/gradle/execution/DefaultBuildExecuter;Lorg/gradle/api/internal/GradleInternal;I)V+3
j  org.gradle.execution.DefaultBuildExecuter$1.proceed()V+14
j  org.gradle.execution.DryRunBuildExecutionAction.execute(Lorg/gradle/execution/BuildExecutionContext;)V+68
j  org.gradle.execution.DefaultBuildExecuter.execute(Lorg/gradle/api/internal/GradleInternal;I)V+37
j  org.gradle.execution.DefaultBuildExecuter.execute(Lorg/gradle/api/internal/GradleInternal;)V+3
j  org.gradle.initialization.DefaultGradleLauncher$4.run()V+14
J 3138 C1 org.gradle.internal.Factories$1.create()Ljava/lang/Object; (11 bytes) @ 0x0000000002680904 [0x0000000002680800+0x104]
j  org.gradle.internal.progress.DefaultBuildOperationExecutor.run(Lorg/gradle/internal/progress/BuildOperationDetails;Lorg/gradle/internal/Factory;)Ljava/lang/Object;+171
j  org.gradle.internal.progress.DefaultBuildOperationExecutor.run(Ljava/lang/String;Ljava/lang/Runnable;)V+12
j  org.gradle.initialization.DefaultGradleLauncher.doBuildStages(Lorg/gradle/initialization/DefaultGradleLauncher$Stage;)V+85
j  org.gradle.initialization.DefaultGradleLauncher.access$200(Lorg/gradle/initialization/DefaultGradleLauncher;Lorg/gradle/initialization/DefaultGradleLauncher$Stage;)V+2
j  org.gradle.initialization.DefaultGradleLauncher$1.create()Lorg/gradle/BuildResult;+29
j  org.gradle.initialization.DefaultGradleLauncher$1.create()Ljava/lang/Object;+1
j  org.gradle.internal.progress.DefaultBuildOperationExecutor.run(Lorg/gradle/internal/progress/BuildOperationDetails;Lorg/gradle/internal/Factory;)Ljava/lang/Object;+171
j  org.gradle.internal.progress.DefaultBuildOperationExecutor.run(Ljava/lang/String;Lorg/gradle/internal/Factory;)Ljava/lang/Object;+9
j  org.gradle.initialization.DefaultGradleLauncher.doBuild(Lorg/gradle/initialization/DefaultGradleLauncher$Stage;)Lorg/gradle/BuildResult;+15
j  org.gradle.initialization.DefaultGradleLauncher.run()Lorg/gradle/BuildResult;+4
j  org.gradle.launcher.exec.InProcessBuildActionExecuter$DefaultBuildController.run()Lorg/gradle/api/internal/GradleInternal;+4
j  org.gradle.tooling.internal.provider.runner.BuildModelActionRunner.run(Lorg/gradle/internal/invocation/BuildAction;Lorg/gradle/internal/invocation/BuildController;)V+29
j  org.gradle.launcher.exec.ChainingBuildActionRunner.run(Lorg/gradle/internal/invocation/BuildAction;Lorg/gradle/internal/invocation/BuildController;)V+34
j  org.gradle.tooling.internal.provider.runner.SubscribableBuildActionRunner.run(Lorg/gradle/internal/invocation/BuildAction;Lorg/gradle/internal/invocation/BuildController;)V+37
j  org.gradle.launcher.exec.ChainingBuildActionRunner.run(Lorg/gradle/internal/invocation/BuildAction;Lorg/gradle/internal/invocation/BuildController;)V+34
j  org.gradle.launcher.exec.InProcessBuildActionExecuter.execute(Lorg/gradle/internal/invocation/BuildAction;Lorg/gradle/initialization/BuildRequestContext;Lorg/gradle/launcher/exec/BuildActionParameters;Lorg/gradle/internal/service/ServiceRegistry;)Ljava/lang/Object;+77
j  org.gradle.launcher.exec.InProcessBuildActionExecuter.execute(Lorg/gradle/internal/invocation/BuildAction;Lorg/gradle/initialization/BuildRequestContext;Ljava/lang/Object;Lorg/gradle/internal/service/ServiceRegistry;)Ljava/lang/Object;+9
j  org.gradle.launcher.exec.ContinuousBuildActionExecuter.execute(Lorg/gradle/internal/invocation/BuildAction;Lorg/gradle/initialization/BuildRequestContext;Lorg/gradle/launcher/exec/BuildActionParameters;Lorg/gradle/internal/service/ServiceRegistry;)Ljava/lang/Object;+114
j  org.gradle.launcher.exec.ContinuousBuildActionExecuter.execute(Lorg/gradle/internal/invocation/BuildAction;Lorg/gradle/initialization/BuildRequestContext;Ljava/lang/Object;Lorg/gradle/internal/service/ServiceRegistry;)Ljava/lang/Object;+9
j  org.gradle.launcher.daemon.server.exec.ExecuteBuild.doBuild(Lorg/gradle/launcher/daemon/server/api/DaemonCommandExecution;Lorg/gradle/launcher/daemon/protocol/Build;)V+74
j  org.gradle.launcher.daemon.server.exec.BuildCommandOnly.execute(Lorg/gradle/launcher/daemon/server/api/DaemonCommandExecution;)V+49
j  org.gradle.launcher.daemon.server.api.DaemonCommandExecution.proceed()Z+28
j  org.gradle.launcher.daemon.server.exec.WatchForDisconnection.execute(Lorg/gradle/launcher/daemon/server/api/DaemonCommandExecution;)V+19
j  org.gradle.launcher.daemon.server.api.DaemonCommandExecution.proceed()Z+28
j  org.gradle.launcher.daemon.server.exec.ResetDeprecationLogger.execute(Lorg/gradle/launcher/daemon/server/api/DaemonCommandExecution;)V+4
j  org.gradle.launcher.daemon.server.api.DaemonCommandExecution.proceed()Z+28
j  org.gradle.launcher.daemon.server.exec.RequestStopIfSingleUsedDaemon.execute(Lorg/gradle/launcher/daemon/server/api/DaemonCommandExecution;)V+31
j  org.gradle.launcher.daemon.server.api.DaemonCommandExecution.proceed()Z+28
j  org.gradle.launcher.daemon.server.exec.ForwardClientInput$2.call()Ljava/lang/Void;+4
j  org.gradle.launcher.daemon.server.exec.ForwardClientInput$2.call()Ljava/lang/Object;+1
j  org.gradle.util.Swapper.swap(Ljava/lang/Object;Ljava/util/concurrent/Callable;)Ljava/lang/Object;+21
j  org.gradle.launcher.daemon.server.exec.ForwardClientInput.execute(Lorg/gradle/launcher/daemon/server/api/DaemonCommandExecution;)V+63
j  org.gradle.launcher.daemon.server.api.DaemonCommandExecution.proceed()Z+28
j  org.gradle.launcher.daemon.server.health.DaemonHealthTracker.execute(Lorg/gradle/launcher/daemon/server/api/DaemonCommandExecution;)V+35
j  org.gradle.launcher.daemon.server.api.DaemonCommandExecution.proceed()Z+28
j  org.gradle.launcher.daemon.server.exec.LogToClient.doBuild(Lorg/gradle/launcher/daemon/server/api/DaemonCommandExecution;Lorg/gradle/launcher/daemon/protocol/Build;)V+87
j  org.gradle.launcher.daemon.server.exec.BuildCommandOnly.execute(Lorg/gradle/launcher/daemon/server/api/DaemonCommandExecution;)V+49
j  org.gradle.launcher.daemon.server.api.DaemonCommandExecution.proceed()Z+28
j  org.gradle.launcher.daemon.server.exec.EstablishBuildEnvironment.doBuild(Lorg/gradle/launcher/daemon/server/api/DaemonCommandExecution;Lorg/gradle/launcher/daemon/protocol/Build;)V+279
j  org.gradle.launcher.daemon.server.exec.BuildCommandOnly.execute(Lorg/gradle/launcher/daemon/server/api/DaemonCommandExecution;)V+49
j  org.gradle.launcher.daemon.server.api.DaemonCommandExecution.proceed()Z+28
j  org.gradle.launcher.daemon.server.health.HintGCAfterBuild.execute(Lorg/gradle/launcher/daemon/server/api/DaemonCommandExecution;)V+1
j  org.gradle.launcher.daemon.server.api.DaemonCommandExecution.proceed()Z+28
j  org.gradle.launcher.daemon.server.exec.StartBuildOrRespondWithBusy$1.run()V+44
j  org.gradle.launcher.daemon.server.DaemonStateCoordinator$1.run()V+4
j  org.gradle.internal.concurrent.ExecutorPolicy$CatchAndRecordFailures.onExecute(Ljava/lang/Runnable;)V+1
j  org.gradle.internal.concurrent.StoppableExecutorImpl$1.run()V+25
j  java.util.concurrent.ThreadPoolExecutor.runWorker(Ljava/util/concurrent/ThreadPoolExecutor$Worker;)V+95
j  java.util.concurrent.ThreadPoolExecutor$Worker.run()V+5
j  java.lang.Thread.run()V+11
v  ~StubRoutines::call_stub

---------------  P R O C E S S  ---------------

Java Threads: ( => current thread )
  0x000000001b206800 JavaThread "pool-2-thread-1" [_thread_blocked, id=11184, stack(0x000000001e680000,0x000000001e780000)]
  0x000000001c671000 JavaThread "File lock request listener" [_thread_in_native, id=5568, stack(0x000000001e180000,0x000000001e280000)]
  0x0000000018891000 JavaThread "Stdin handler" [_thread_blocked, id=1156, stack(0x000000001a440000,0x000000001a540000)]
  0x000000001888f800 JavaThread "Asynchronous log dispatcher for org.gradle.launcher.daemon.server.DefaultDaemonConnection@185ecc9c" [_thread_blocked, id=11060, stack(0x000000001a340000,0x000000001a440000)]
=>0x000000001887b800 JavaThread "Daemon worker" [_thread_in_vm, id=7288, stack(0x000000001a240000,0x000000001a340000)]
  0x0000000018c7b800 JavaThread "Cancel handler" [_thread_blocked, id=2448, stack(0x000000001a140000,0x000000001a240000)]
  0x0000000018b00000 JavaThread "Handler for socket connection from /127.0.0.1:6408 to /127.0.0.1:6409" [_thread_in_native, id=5980, stack(0x000000001a040000,0x000000001a140000)]
  0x0000000018af7000 JavaThread "Daemon" [_thread_blocked, id=8560, stack(0x0000000019f40000,0x000000001a040000)]
  0x0000000018ad7800 JavaThread "pool-1-thread-1" [_thread_blocked, id=10076, stack(0x0000000019e40000,0x0000000019f40000)]
  0x00000000188a7000 JavaThread "Incoming local TCP Connector on port 6408" [_thread_in_native, id=10268, stack(0x0000000019a10000,0x0000000019b10000)]
  0x0000000015f1e000 JavaThread "Service Thread" daemon [_thread_blocked, id=5100, stack(0x0000000017c00000,0x0000000017d00000)]
  0x0000000015ec1800 JavaThread "C1 CompilerThread2" daemon [_thread_blocked, id=7176, stack(0x0000000017700000,0x0000000017800000)]
  0x0000000015ebe000 JavaThread "C2 CompilerThread1" daemon [_thread_blocked, id=8912, stack(0x0000000017600000,0x0000000017700000)]
  0x0000000015ebc000 JavaThread "C2 CompilerThread0" daemon [_thread_blocked, id=9400, stack(0x0000000017500000,0x0000000017600000)]
  0x0000000015ebb000 JavaThread "Attach Listener" daemon [_thread_blocked, id=2676, stack(0x0000000017400000,0x0000000017500000)]
  0x0000000015eba000 JavaThread "Signal Dispatcher" daemon [_thread_blocked, id=11004, stack(0x0000000017300000,0x0000000017400000)]
  0x0000000015ea8800 JavaThread "Finalizer" daemon [_thread_blocked, id=6968, stack(0x0000000017110000,0x0000000017210000)]
  0x0000000002542000 JavaThread "Reference Handler" daemon [_thread_blocked, id=10800, stack(0x0000000017010000,0x0000000017110000)]
  0x0000000002450800 JavaThread "main" [_thread_blocked, id=9076, stack(0x0000000002350000,0x0000000002450000)]

Other Threads:
  0x0000000015e84800 VMThread [stack: 0x0000000016f10000,0x0000000017010000] [id=3324]
  0x0000000017829000 WatcherThread [stack: 0x0000000017d00000,0x0000000017e00000] [id=10720]

VM state:not at safepoint (normal execution)

VM Mutex/Monitor currently owned by a thread: None

Heap:
 PSYoungGen      total 162816K, used 125647K [0x00000000e0000000, 0x00000000edb80000, 0x0000000100000000)
  eden space 151040K, 75% used [0x00000000e0000000,0x00000000e6f3bbf8,0x00000000e9380000)
  from space 11776K, 99% used [0x00000000e9380000,0x00000000e9ef82b0,0x00000000e9f00000)
  to   space 13824K, 0% used [0x00000000ece00000,0x00000000ece00000,0x00000000edb80000)
 ParOldGen       total 79360K, used 20936K [0x00000000a0000000, 0x00000000a4d80000, 0x00000000e0000000)
  object space 79360K, 26% used [0x00000000a0000000,0x00000000a1472090,0x00000000a4d80000)
 Metaspace       used 49030K, capacity 50362K, committed 50688K, reserved 1093632K
  class space    used 6534K, capacity 6853K, committed 6912K, reserved 1048576K

Card table byte_map: [0x0000000011910000,0x0000000011c20000] byte_map_base: 0x0000000011410000

Marking Bits: (ParMarkBitMap*) 0x0000000071bb9d00
 Begin Bits: [0x0000000012220000, 0x0000000013a20000)
 End Bits:   [0x0000000013a20000, 0x0000000015220000)

Polling page: 0x0000000000b40000

CodeCache: size=245760Kb used=21536Kb max_used=21536Kb free=224223Kb
 bounds [0x0000000002550000, 0x0000000003a70000, 0x0000000011550000]
 total_blobs=6936 nmethods=6234 adapters=615
 compilation: enabled

Compilation events (10 events):
Event: 23.441 Thread 0x0000000015ec1800 6735       3       java.io.ObjectStreamClass::checkDefaultSerialize (20 bytes)
Event: 23.442 Thread 0x0000000015ec1800 nmethod 6735 0x0000000003a66190 code [0x0000000003a66320, 0x0000000003a66738]
Event: 23.442 Thread 0x0000000015ec1800 6733       3       org.gradle.cache.internal.btree.BTreePersistentIndexedCache$IndexBlock::get (39 bytes)
Event: 23.442 Thread 0x0000000015ec1800 nmethod 6733 0x0000000003a66950 code [0x0000000003a66ae0, 0x0000000003a66f18]
Event: 23.442 Thread 0x0000000015ec1800 6729       1       org.gradle.cache.internal.btree.FreeListBlockStore$FreeListBlock::getType (3 bytes)
Event: 23.442 Thread 0x0000000015ec1800 nmethod 6729 0x0000000003a67150 code [0x0000000003a672a0, 0x0000000003a673b0]
Event: 23.461 Thread 0x0000000015ec1800 6736       3       com.sun.org.apache.xerces.internal.dom.DeferredDocumentImpl::setChunkValue (80 bytes)
Event: 23.463 Thread 0x0000000015ec1800 nmethod 6736 0x0000000003a67410 code [0x0000000003a675e0, 0x0000000003a68048]
Event: 23.463 Thread 0x0000000015ec1800 6737       3       com.sun.org.apache.xerces.internal.impl.XMLEntityScanner::scanContent (652 bytes)
Event: 23.465 Thread 0x0000000015ec1800 nmethod 6737 0x0000000003a686d0 code [0x0000000003a68940, 0x0000000003a69bd8]

GC Heap History (10 events):
Event: 7.827 GC heap before
{Heap before GC invocations=7 (full 1):
 PSYoungGen      total 61952K, used 57344K [0x00000000e0000000, 0x00000000e8300000, 0x0000000100000000)
  eden space 57344K, 100% used [0x00000000e0000000,0x00000000e3800000,0x00000000e3800000)
  from space 4608K, 0% used [0x00000000e3800000,0x00000000e3800000,0x00000000e3c80000)
  to   space 9728K, 0% used [0x00000000e7980000,0x00000000e7980000,0x00000000e8300000)
 ParOldGen       total 49664K, used 7475K [0x00000000a0000000, 0x00000000a3080000, 0x00000000e0000000)
  object space 49664K, 15% used [0x00000000a0000000,0x00000000a074cc48,0x00000000a3080000)
 Metaspace       used 25362K, capacity 25858K, committed 26240K, reserved 1071104K
  class space    used 3477K, capacity 3611K, committed 3712K, reserved 1048576K
Event: 7.850 GC heap after
Heap after GC invocations=7 (full 1):
 PSYoungGen      total 102400K, used 6752K [0x00000000e0000000, 0x00000000e8080000, 0x0000000100000000)
  eden space 95232K, 0% used [0x00000000e0000000,0x00000000e0000000,0x00000000e5d00000)
  from space 7168K, 94% used [0x00000000e7980000,0x00000000e8018070,0x00000000e8080000)
  to   space 9728K, 0% used [0x00000000e6d80000,0x00000000e6d80000,0x00000000e7700000)
 ParOldGen       total 49664K, used 7475K [0x00000000a0000000, 0x00000000a3080000, 0x00000000e0000000)
  object space 49664K, 15% used [0x00000000a0000000,0x00000000a074cc48,0x00000000a3080000)
 Metaspace       used 25362K, capacity 25858K, committed 26240K, reserved 1071104K
  class space    used 3477K, capacity 3611K, committed 3712K, reserved 1048576K
}
Event: 10.212 GC heap before
{Heap before GC invocations=8 (full 1):
 PSYoungGen      total 102400K, used 101984K [0x00000000e0000000, 0x00000000e8080000, 0x0000000100000000)
  eden space 95232K, 100% used [0x00000000e0000000,0x00000000e5d00000,0x00000000e5d00000)
  from space 7168K, 94% used [0x00000000e7980000,0x00000000e8018070,0x00000000e8080000)
  to   space 9728K, 0% used [0x00000000e6d80000,0x00000000e6d80000,0x00000000e7700000)
 ParOldGen       total 49664K, used 7475K [0x00000000a0000000, 0x00000000a3080000, 0x00000000e0000000)
  object space 49664K, 15% used [0x00000000a0000000,0x00000000a074cc48,0x00000000a3080000)
 Metaspace       used 28110K, capacity 28538K, committed 28800K, reserved 1075200K
  class space    used 3810K, capacity 3967K, committed 3968K, reserved 1048576K
Event: 10.235 GC heap after
Heap after GC invocations=8 (full 1):
 PSYoungGen      total 121856K, used 5952K [0x00000000e0000000, 0x00000000ea800000, 0x0000000100000000)
  eden space 112128K, 0% used [0x00000000e0000000,0x00000000e0000000,0x00000000e6d80000)
  from space 9728K, 61% used [0x00000000e6d80000,0x00000000e7350060,0x00000000e7700000)
  to   space 9216K, 0% used [0x00000000e9f00000,0x00000000e9f00000,0x00000000ea800000)
 ParOldGen       total 49664K, used 7483K [0x00000000a0000000, 0x00000000a3080000, 0x00000000e0000000)
  object space 49664K, 15% used [0x00000000a0000000,0x00000000a074ec48,0x00000000a3080000)
 Metaspace       used 28110K, capacity 28538K, committed 28800K, reserved 1075200K
  class space    used 3810K, capacity 3967K, committed 3968K, reserved 1048576K
}
Event: 12.823 GC heap before
{Heap before GC invocations=9 (full 1):
 PSYoungGen      total 121856K, used 93259K [0x00000000e0000000, 0x00000000ea800000, 0x0000000100000000)
  eden space 112128K, 77% used [0x00000000e0000000,0x00000000e5542bc8,0x00000000e6d80000)
  from space 9728K, 61% used [0x00000000e6d80000,0x00000000e7350060,0x00000000e7700000)
  to   space 9216K, 0% used [0x00000000e9f00000,0x00000000e9f00000,0x00000000ea800000)
 ParOldGen       total 49664K, used 7483K [0x00000000a0000000, 0x00000000a3080000, 0x00000000e0000000)
  object space 49664K, 15% used [0x00000000a0000000,0x00000000a074ec48,0x00000000a3080000)
 Metaspace       used 34656K, capacity 35262K, committed 35496K, reserved 1079296K
  class space    used 4642K, capacity 4824K, committed 4864K, reserved 1048576K
Event: 12.849 GC heap after
Heap after GC invocations=9 (full 1):
 PSYoungGen      total 160256K, used 9213K [0x00000000e0000000, 0x00000000ec280000, 0x0000000100000000)
  eden space 151040K, 0% used [0x00000000e0000000,0x00000000e0000000,0x00000000e9380000)
  from space 9216K, 99% used [0x00000000e9f00000,0x00000000ea7ff738,0x00000000ea800000)
  to   space 11776K, 0% used [0x00000000e9380000,0x00000000e9380000,0x00000000e9f00000)
 ParOldGen       total 49664K, used 10649K [0x00000000a0000000, 0x00000000a3080000, 0x00000000e0000000)
  object space 49664K, 21% used [0x00000000a0000000,0x00000000a0a66568,0x00000000a3080000)
 Metaspace       used 34656K, capacity 35262K, committed 35496K, reserved 1079296K
  class space    used 4642K, capacity 4824K, committed 4864K, reserved 1048576K
}
Event: 12.849 GC heap before
{Heap before GC invocations=10 (full 2):
 PSYoungGen      total 160256K, used 9213K [0x00000000e0000000, 0x00000000ec280000, 0x0000000100000000)
  eden space 151040K, 0% used [0x00000000e0000000,0x00000000e0000000,0x00000000e9380000)
  from space 9216K, 99% used [0x00000000e9f00000,0x00000000ea7ff738,0x00000000ea800000)
  to   space 11776K, 0% used [0x00000000e9380000,0x00000000e9380000,0x00000000e9f00000)
 ParOldGen       total 49664K, used 10649K [0x00000000a0000000, 0x00000000a3080000, 0x00000000e0000000)
  object space 49664K, 21% used [0x00000000a0000000,0x00000000a0a66568,0x00000000a3080000)
 Metaspace       used 34656K, capacity 35262K, committed 35496K, reserved 1079296K
  class space    used 4642K, capacity 4824K, committed 4864K, reserved 1048576K
Event: 13.025 GC heap after
Heap after GC invocations=10 (full 2):
 PSYoungGen      total 160256K, used 0K [0x00000000e0000000, 0x00000000ec280000, 0x0000000100000000)
  eden space 151040K, 0% used [0x00000000e0000000,0x00000000e0000000,0x00000000e9380000)
  from space 9216K, 0% used [0x00000000e9f00000,0x00000000e9f00000,0x00000000ea800000)
  to   space 11776K, 0% used [0x00000000e9380000,0x00000000e9380000,0x00000000e9f00000)
 ParOldGen       total 79360K, used 18891K [0x00000000a0000000, 0x00000000a4d80000, 0x00000000e0000000)
  object space 79360K, 23% used [0x00000000a0000000,0x00000000a1272ea0,0x00000000a4d80000)
 Metaspace       used 34656K, capacity 35262K, committed 35496K, reserved 1079296K
  class space    used 4642K, capacity 4824K, committed 4864K, reserved 1048576K
}
Event: 16.366 GC heap before
{Heap before GC invocations=11 (full 2):
 PSYoungGen      total 160256K, used 151040K [0x00000000e0000000, 0x00000000ec280000, 0x0000000100000000)
  eden space 151040K, 100% used [0x00000000e0000000,0x00000000e9380000,0x00000000e9380000)
  from space 9216K, 0% used [0x00000000e9f00000,0x00000000e9f00000,0x00000000ea800000)
  to   space 11776K, 0% used [0x00000000e9380000,0x00000000e9380000,0x00000000e9f00000)
 ParOldGen       total 79360K, used 18891K [0x00000000a0000000, 0x00000000a4d80000, 0x00000000e0000000)
  object space 79360K, 23% used [0x00000000a0000000,0x00000000a1272ea0,0x00000000a4d80000)
 Metaspace       used 44260K, capacity 45288K, committed 45440K, reserved 1089536K
  class space    used 5936K, capacity 6172K, committed 6272K, reserved 1048576K
Event: 16.418 GC heap after
Heap after GC invocations=11 (full 2):
 PSYoungGen      total 162816K, used 11744K [0x00000000e0000000, 0x00000000edb80000, 0x0000000100000000)
  eden space 151040K, 0% used [0x00000000e0000000,0x00000000e0000000,0x00000000e9380000)
  from space 11776K, 99% used [0x00000000e9380000,0x00000000e9ef82b0,0x00000000e9f00000)
  to   space 13824K, 0% used [0x00000000ece00000,0x00000000ece00000,0x00000000edb80000)
 ParOldGen       total 79360K, used 20936K [0x00000000a0000000, 0x00000000a4d80000, 0x00000000e0000000)
  object space 79360K, 26% used [0x00000000a0000000,0x00000000a1472090,0x00000000a4d80000)
 Metaspace       used 44260K, capacity 45288K, committed 45440K, reserved 1089536K
  class space    used 5936K, capacity 6172K, committed 6272K, reserved 1048576K
}

Deoptimization events (10 events):
Event: 19.639 Thread 0x000000001887b800 Uncommon trap: reason=array_check action=maybe_recompile pc=0x0000000002d73bb8 method=java.util.AbstractCollection.toArray([Ljava/lang/Object;)[Ljava/lang/Object; @ 119
Event: 19.639 Thread 0x000000001887b800 Uncommon trap: reason=array_check action=maybe_recompile pc=0x0000000002d73bb8 method=java.util.AbstractCollection.toArray([Ljava/lang/Object;)[Ljava/lang/Object; @ 119
Event: 19.639 Thread 0x000000001887b800 Uncommon trap: reason=array_check action=maybe_recompile pc=0x0000000002d73bb8 method=java.util.AbstractCollection.toArray([Ljava/lang/Object;)[Ljava/lang/Object; @ 119
Event: 19.639 Thread 0x000000001887b800 Uncommon trap: reason=array_check action=maybe_recompile pc=0x0000000002d73bb8 method=java.util.AbstractCollection.toArray([Ljava/lang/Object;)[Ljava/lang/Object; @ 119
Event: 22.640 Thread 0x000000001887b800 Uncommon trap: reason=unstable_if action=reinterpret pc=0x0000000002d80f58 method=java.io.BufferedOutputStream.write([BII)V @ 6
Event: 22.644 Thread 0x000000001887b800 Uncommon trap: reason=class_check action=maybe_recompile pc=0x000000000391e1cc method=java.io.BufferedInputStream.read1([BII)I @ 39
Event: 22.703 Thread 0x000000001887b800 Uncommon trap: reason=unstable_if action=reinterpret pc=0x0000000002df4010 method=org.gradle.api.internal.file.pattern.FixedStepsPathMatcher.matches([Ljava/lang/String;I)Z @ 70
Event: 22.795 Thread 0x000000001887b800 Uncommon trap: reason=unstable_if action=reinterpret pc=0x0000000002def518 method=org.gradle.api.internal.file.pattern.FixedStepsPathMatcher.matches([Ljava/lang/String;I)Z @ 70
Event: 22.864 Thread 0x000000001887b800 Uncommon trap: reason=unstable_if action=reinterpret pc=0x0000000002e2e464 method=org.gradle.api.internal.file.pattern.FixedStepsPathMatcher.matches([Ljava/lang/String;I)Z @ 70
Event: 22.968 Thread 0x000000001888f800 Uncommon trap: reason=unstable_if action=reinterpret pc=0x00000000026adaf4 method=java.util.concurrent.locks.ReentrantLock$Sync.nonfairTryAcquire(I)Z @ 34

Internal exceptions (10 events):
Event: 17.690 Thread 0x000000001887b800 Exception <a 'java/lang/ClassNotFoundException': org/gradle/model/internal/core/ModelMapGroovyViewCustomizer> (0x00000000e31f7c98) thrown at [C:\src\android\AOSP-openjdk\external\jetbrains\jdk\hotspot\src\share\vm\classfile\systemDictionary.cpp, line 210]
Event: 17.692 Thread 0x000000001887b800 Exception <a 'java/lang/ClassNotFoundException': org/gradle/model/internal/core/NodeBackedModelMapCustomizer> (0x00000000e321b508) thrown at [C:\src\android\AOSP-openjdk\external\jetbrains\jdk\hotspot\src\share\vm\classfile\systemDictionary.cpp, line 210]
Event: 17.696 Thread 0x000000001887b800 Exception <a 'java/lang/ClassNotFoundException': org/gradle/platform/base/BinaryContainer_ImplCustomizer> (0x00000000e3278468) thrown at [C:\src\android\AOSP-openjdk\external\jetbrains\jdk\hotspot\src\share\vm\classfile\systemDictionary.cpp, line 210]
Event: 17.982 Thread 0x000000001887b800 Exception <a 'java/lang/NoSuchMethodError': <clinit>> (0x00000000e3830e70) thrown at [C:\src\android\AOSP-openjdk\external\jetbrains\jdk\hotspot\src\share\vm\prims\jni.cpp, line 1591]
Event: 17.983 Thread 0x000000001887b800 Exception <a 'java/lang/NoSuchMethodError': <clinit>> (0x00000000e383de58) thrown at [C:\src\android\AOSP-openjdk\external\jetbrains\jdk\hotspot\src\share\vm\prims\jni.cpp, line 1591]
Event: 18.864 Thread 0x000000001887b800 Exception <a 'java/lang/NoSuchMethodError': <clinit>> (0x00000000e3acf1d0) thrown at [C:\src\android\AOSP-openjdk\external\jetbrains\jdk\hotspot\src\share\vm\prims\jni.cpp, line 1591]
Event: 18.867 Thread 0x000000001887b800 Exception <a 'java/lang/NoSuchMethodError': <clinit>> (0x00000000e3ae79e0) thrown at [C:\src\android\AOSP-openjdk\external\jetbrains\jdk\hotspot\src\share\vm\prims\jni.cpp, line 1591]
Event: 18.867 Thread 0x000000001887b800 Exception <a 'java/lang/NoSuchMethodError': <clinit>> (0x00000000e3ae8ef8) thrown at [C:\src\android\AOSP-openjdk\external\jetbrains\jdk\hotspot\src\share\vm\prims\jni.cpp, line 1591]
Event: 18.950 Thread 0x000000001887b800 Exception <a 'java/lang/ClassNotFoundException': com/android/build/gradle/internal/LibraryCache$1BeanInfo> (0x00000000e3cc04d0) thrown at [C:\src\android\AOSP-openjdk\external\jetbrains\jdk\hotspot\src\share\vm\classfile\systemDictionary.cpp, line 210]
Event: 18.950 Thread 0x000000001887b800 Exception <a 'java/lang/ClassNotFoundException': com/android/build/gradle/internal/LibraryCache$1Customizer> (0x00000000e3cd0d68) thrown at [C:\src\android\AOSP-openjdk\external\jetbrains\jdk\hotspot\src\share\vm\classfile\systemDictionary.cpp, line 210]

Events (10 events):
Event: 23.471 loading class com/sun/org/apache/xpath/internal/compiler/FunctionTable done
Event: 23.471 loading class com/sun/org/apache/xpath/internal/functions/FuncCurrent
Event: 23.471 loading class com/sun/org/apache/xpath/internal/functions/Function
Event: 23.471 loading class com/sun/org/apache/xpath/internal/Expression
Event: 23.472 loading class com/sun/org/apache/xpath/internal/ExpressionNode
Event: 23.472 loading class javax/xml/transform/SourceLocator
Event: 23.472 loading class javax/xml/transform/SourceLocator done
Event: 23.472 loading class com/sun/org/apache/xpath/internal/ExpressionNode done
Event: 23.472 loading class com/sun/org/apache/xpath/internal/XPathVisitable
Event: 23.472 loading class com/sun/org/apache/xpath/internal/XPathVisitable done


Dynamic libraries:
0x00007ff71f5e0000 - 0x00007ff71f611000 	C:\Program Files\Android\Android Studio\jre\bin\java.exe
0x00007ffc3b610000 - 0x00007ffc3b7e1000 	C:\WINDOWS\SYSTEM32\ntdll.dll
0x00007ffc3ad40000 - 0x00007ffc3adeb000 	C:\WINDOWS\System32\KERNEL32.DLL
0x00007ffc37ec0000 - 0x00007ffc380dd000 	C:\WINDOWS\System32\KERNELBASE.dll
0x00007ffc38fd0000 - 0x00007ffc39072000 	C:\WINDOWS\System32\ADVAPI32.dll
0x00007ffc3a850000 - 0x00007ffc3a8ee000 	C:\WINDOWS\System32\msvcrt.dll
0x00007ffc39080000 - 0x00007ffc390d9000 	C:\WINDOWS\System32\sechost.dll
0x00007ffc3a960000 - 0x00007ffc3aa81000 	C:\WINDOWS\System32\RPCRT4.dll
0x00007ffc38de0000 - 0x00007ffc38f45000 	C:\WINDOWS\System32\USER32.dll
0x00007ffc37b00000 - 0x00007ffc37b1e000 	C:\WINDOWS\System32\win32u.dll
0x00007ffc3aa90000 - 0x00007ffc3aac4000 	C:\WINDOWS\System32\GDI32.dll
0x00007ffc388c0000 - 0x00007ffc38a42000 	C:\WINDOWS\System32\gdi32full.dll
0x00007ffc2f1a0000 - 0x00007ffc2f419000 	C:\WINDOWS\WinSxS\amd64_microsoft.windows.common-controls_6595b64144ccf1df_6.0.14393.447_none_42191651c6827bb3\COMCTL32.dll
0x00007ffc3b2e0000 - 0x00007ffc3b5a8000 	C:\WINDOWS\System32\combase.dll
0x00007ffc37b90000 - 0x00007ffc37c85000 	C:\WINDOWS\System32\ucrtbase.dll
0x00007ffc37b20000 - 0x00007ffc37b8a000 	C:\WINDOWS\System32\bcryptPrimitives.dll
0x00007ffc390e0000 - 0x00007ffc3910e000 	C:\WINDOWS\System32\IMM32.DLL
0x0000000073010000 - 0x00000000730e2000 	C:\Program Files\Android\Android Studio\jre\jre\bin\msvcr100.dll
0x0000000071400000 - 0x0000000071c34000 	C:\Program Files\Android\Android Studio\jre\jre\bin\server\jvm.dll
0x00007ffc3ab30000 - 0x00007ffc3ab38000 	C:\WINDOWS\System32\PSAPI.DLL
0x00007ffc30f60000 - 0x00007ffc30f69000 	C:\WINDOWS\SYSTEM32\WSOCK32.dll
0x00007ffc35950000 - 0x00007ffc35973000 	C:\WINDOWS\SYSTEM32\WINMM.dll
0x00007ffc34470000 - 0x00007ffc3447a000 	C:\WINDOWS\SYSTEM32\VERSION.dll
0x00007ffc38f60000 - 0x00007ffc38fca000 	C:\WINDOWS\System32\WS2_32.dll
0x00007ffc35920000 - 0x00007ffc3594b000 	C:\WINDOWS\SYSTEM32\WINMMBASE.dll
0x00007ffc38870000 - 0x00007ffc388b2000 	C:\WINDOWS\System32\cfgmgr32.dll
0x00007ffc30d40000 - 0x00007ffc30d4f000 	C:\Program Files\Android\Android Studio\jre\jre\bin\verify.dll
0x00007ffc2d520000 - 0x00007ffc2d549000 	C:\Program Files\Android\Android Studio\jre\jre\bin\java.dll
0x00007ffc2d410000 - 0x00007ffc2d426000 	C:\Program Files\Android\Android Studio\jre\jre\bin\zip.dll
0x00007ffc391a0000 - 0x00007ffc3a6a9000 	C:\WINDOWS\System32\SHELL32.dll
0x00007ffc380e0000 - 0x00007ffc387ba000 	C:\WINDOWS\System32\windows.storage.dll
0x00007ffc37ab0000 - 0x00007ffc37afc000 	C:\WINDOWS\System32\powrprof.dll
0x00007ffc3a8f0000 - 0x00007ffc3a942000 	C:\WINDOWS\System32\shlwapi.dll
0x00007ffc37aa0000 - 0x00007ffc37aaf000 	C:\WINDOWS\System32\kernel.appcore.dll
0x00007ffc387c0000 - 0x00007ffc38869000 	C:\WINDOWS\System32\shcore.dll
0x00007ffc37a80000 - 0x00007ffc37a94000 	C:\WINDOWS\System32\profapi.dll
0x00007ffc2d3f0000 - 0x00007ffc2d40a000 	C:\Program Files\Android\Android Studio\jre\jre\bin\net.dll
0x00007ffc373a0000 - 0x00007ffc373fc000 	C:\WINDOWS\system32\mswsock.dll
0x00007ffc2d300000 - 0x00007ffc2d311000 	C:\Program Files\Android\Android Studio\jre\jre\bin\nio.dll
0x00007ffc32a70000 - 0x00007ffc32a82000 	C:\Users\Sandy\.gradle\native\19\windows-amd64\native-platform.dll
0x00007ffc37540000 - 0x00007ffc37557000 	C:\WINDOWS\SYSTEM32\CRYPTSP.dll
0x00007ffc36f50000 - 0x00007ffc36f83000 	C:\WINDOWS\system32\rsaenh.dll
0x00007ffc379b0000 - 0x00007ffc379db000 	C:\WINDOWS\SYSTEM32\bcrypt.dll
0x00007ffc37230000 - 0x00007ffc3724f000 	C:\WINDOWS\SYSTEM32\USERENV.dll
0x00007ffc37560000 - 0x00007ffc3756b000 	C:\WINDOWS\SYSTEM32\CRYPTBASE.dll
0x00007ffc37130000 - 0x00007ffc37168000 	C:\WINDOWS\SYSTEM32\IPHLPAPI.DLL
0x00007ffc38f50000 - 0x00007ffc38f58000 	C:\WINDOWS\System32\NSI.dll
0x00007ffc31ff0000 - 0x00007ffc32006000 	C:\WINDOWS\SYSTEM32\dhcpcsvc6.DLL
0x00007ffc31fd0000 - 0x00007ffc31fea000 	C:\WINDOWS\SYSTEM32\dhcpcsvc.DLL
0x00007ffc32250000 - 0x00007ffc3225d000 	C:\Program Files\Android\Android Studio\jre\jre\bin\management.dll
0x00007ffc23a80000 - 0x00007ffc23c12000 	C:\WINDOWS\SYSTEM32\dbghelp.dll

VM Arguments:
jvm_args: -Xmx1536m -Dfile.encoding=windows-1252 -Duser.country=IN -Duser.language=en -Duser.variant 
java_command: org.gradle.launcher.daemon.bootstrap.GradleDaemon 2.14.1
java_class_path (initial): C:\Program Files\Android\Android Studio\gradle\gradle-2.14.1\lib\gradle-launcher-2.14.1.jar
Launcher Type: SUN_STANDARD

Environment Variables:
PATH=C:\ProgramData\Oracle\Java\javapath;C:\WINDOWS\system32;C:\WINDOWS;C:\WINDOWS\System32\Wbem;C:\WINDOWS\System32\WindowsPowerShell\v1.0\;C:\Program Files\WIDCOMM\Bluetooth Software\;C:\Program Files\WIDCOMM\Bluetooth Software\syswow64;;C:\Android;C:\Windows\System32;C:\Program Files (x86)\Skype\Phone\;C:\Program Files\Java\jdk1.8.0_112\bin
USERNAME=Sandy
OS=Windows_NT
PROCESSOR_IDENTIFIER=AMD64 Family 21 Model 48 Stepping 1, AuthenticAMD



---------------  S Y S T E M  ---------------

OS: Windows 10.0 , 64 bit Build 14393 (10.0.14393.0)

CPU:total 4 (4 cores per cpu, 1 threads per core) family 21 model 48 stepping 1, cmov, cx8, fxsr, mmx, sse, sse2, sse3, ssse3, sse4.1, sse4.2, popcnt, avx, aes, clmul, mmxext, 3dnowpref, lzcnt, sse4a, tsc, tscinvbit, tscinv, bmi1

Memory: 4k page, physical 7289200k(1926900k free), swap 13417984k(3866756k free)

vm_info: OpenJDK 64-Bit Server VM (25.76-b03) for windows-amd64 JRE (1.8.0_76-release-b03), built on Jun 29 2016 19:09:20 by "ralucas" with MS VC++ 10.0 (VS2010)

time: Sun Mar 05 23:37:28 2017
elapsed time: 23 seconds (0d 0h 0m 23s)

