#
# A fatal error has been detected by the Java Runtime Environment:
#
#  EXCEPTION_ACCESS_VIOLATION (0xc0000005) at pc=0x00000000714349af, pid=10812, tid=0x0000000000001348
#
# JRE version: OpenJDK Runtime Environment (8.0_76-b03) (build 1.8.0_76-release-b03)
# Java VM: OpenJDK 64-Bit Server VM (25.76-b03 mixed mode windows-amd64 compressed oops)
# Problematic frame:
# V  [jvm.dll+0x349af]
#
# Failed to write core dump. Minidumps are not enabled by default on client versions of Windows
#
# If you would like to submit a bug report, please visit:
#   http://bugreport.java.com/bugreport/crash.jsp
#

---------------  T H R E A D  ---------------

Current thread (0x0000000017e13800):  JavaThread "Daemon worker" [_thread_in_vm, id=4936, stack(0x000000001a020000,0x000000001a120000)]

siginfo: ExceptionCode=0xc0000005, reading address 0x000000001c7896f0

Registers:
RAX=0x000000001c7896f0, RBX=0x0000000017e13800, RCX=0x0000000000000000, RDX=0x0000000000330000
RSP=0x000000001a1192a0, RBP=0x000000001c45a260, RSI=0x000000001a119970, RDI=0x0000000000330000
R8 =0x0000000017e13800, R9 =0x0000000000000000, R10=0x0000000000000000, R11=0x0000000000000000
R12=0x0000000000000001, R13=0x0000000000000000, R14=0x0000000000000030, R15=0x0000000000000000
RIP=0x00000000714349af, EFLAGS=0x0000000000010246

Top of Stack: (sp=0x000000001a1192a0)
0x000000001a1192a0:   0000000017e13800 000000001a119970
0x000000001a1192b0:   0000000017e13800 000000001c45a260
0x000000001a1192c0:   0000000000000000 0000000017e13800
0x000000001a1192d0:   0000000000040000 0000000000000100
0x000000001a1192e0:   0000000000003300 0000000000000000
0x000000001a1192f0:   0000000000000000 0000000000000000
0x000000001a119300:   0000000000000000 0000000000000000
0x000000001a119310:   000095d79816dcf1 0000000000000001
0x000000001a119320:   0000000000000031 0000000000000001
0x000000001a119330:   0000000000000031 000000001a119970
0x000000001a119340:   000000001c45a260 000000001a119460
0x000000001a119350:   0000000000000000 000000007143513e
0x000000001a119360:   0000000000000000 000000001a119400
0x000000001a119370:   000000001c45a201 000000003dac0031
0x000000001a119380:   000000001a1193e4 000000001a1193b8
0x000000001a119390:   000000001a1193e8 000000001a119460 

Instructions: (pc=0x00000000714349af)
0x000000007143498f:   06 73 0e 48 8b d3 48 8b cd e8 53 58 00 00 45 33
0x000000007143499f:   db 48 83 7b 08 00 0f 85 c1 03 00 00 48 8b 45 10
0x00000000714349af:   0f b7 08 48 8d 50 02 66 89 4c 24 38 0f b6 44 24
0x00000000714349bf:   39 44 0f b6 e1 66 41 c1 e4 08 48 89 55 10 8b 0a 


Register to memory mapping:

RAX=0x000000001c7896f0 is an unknown value
RBX=0x0000000017e13800 is a thread
RCX=0x0000000000000000 is an unknown value
RDX=0x0000000000330000 is an unknown value
RSP=0x000000001a1192a0 is pointing into the stack for thread: 0x0000000017e13800
RBP=0x000000001c45a260 is an unknown value
RSI=0x000000001a119970 is pointing into the stack for thread: 0x0000000017e13800
RDI=0x0000000000330000 is an unknown value
R8 =0x0000000017e13800 is a thread
R9 =0x0000000000000000 is an unknown value
R10=0x0000000000000000 is an unknown value
R11=0x0000000000000000 is an unknown value
R12=0x0000000000000001 is an unknown value
R13=0x0000000000000000 is an unknown value
R14=0x0000000000000030 is an unknown value
R15=0x0000000000000000 is an unknown value


Stack: [0x000000001a020000,0x000000001a120000],  sp=0x000000001a1192a0,  free space=996k
Native frames: (J=compiled Java code, j=interpreted, Vv=VM code, C=native code)
V  [jvm.dll+0x349af]
V  [jvm.dll+0x3513e]
V  [jvm.dll+0x3913d]
V  [jvm.dll+0x3ce70]
V  [jvm.dll+0x57b4d]
V  [jvm.dll+0x58427]
V  [jvm.dll+0x59af6]
V  [jvm.dll+0x55667]
V  [jvm.dll+0x395df]
V  [jvm.dll+0x3ce70]
V  [jvm.dll+0x57b4d]
V  [jvm.dll+0x58427]
V  [jvm.dll+0x59af6]
V  [jvm.dll+0x55667]
V  [jvm.dll+0x395df]
V  [jvm.dll+0x3ce70]
V  [jvm.dll+0x57b4d]
V  [jvm.dll+0x58427]
V  [jvm.dll+0x59af6]
V  [jvm.dll+0x59b4d]
V  [jvm.dll+0xd0e53]
V  [jvm.dll+0x95bb3]
V  [jvm.dll+0x95cc6]
C  0x0000000002276fed

Java frames: (J=compiled Java code, j=interpreted, Vv=VM code)
j  com.sun.org.apache.xpath.internal.compiler.FunctionTable.<clinit>()V+22
v  ~StubRoutines::call_stub
j  com.sun.org.apache.xpath.internal.XPath.initFunctionTable()V+1
j  com.sun.org.apache.xpath.internal.XPath.<init>(Ljava/lang/String;Ljavax/xml/transform/SourceLocator;Lcom/sun/org/apache/xml/internal/utils/PrefixResolver;ILjavax/xml/transform/ErrorListener;)V+10
j  com.sun.org.apache.xpath.internal.XPath.<init>(Ljava/lang/String;Ljavax/xml/transform/SourceLocator;Lcom/sun/org/apache/xml/internal/utils/PrefixResolver;I)V+7
j  com.sun.org.apache.xpath.internal.jaxp.XPathImpl.eval(Ljava/lang/String;Ljava/lang/Object;)Lcom/sun/org/apache/xpath/internal/objects/XObject;+11
j  com.sun.org.apache.xpath.internal.jaxp.XPathImpl.evaluate(Ljava/lang/String;Ljava/lang/Object;Ljavax/xml/namespace/QName;)Ljava/lang/Object;+99
j  com.android.builder.core.DefaultManifestParser.getStringValues(Ljava/io/File;Ljava/util/Set;)Ljava/util/Map;+53
j  com.android.builder.core.DefaultManifestParser.<init>(Ljava/io/File;)V+104
j  com.android.builder.core.VariantConfiguration.getManifestAttributeSupplier()Lcom/android/builder/core/ManifestAttributeSupplier;+21
j  com.android.builder.core.VariantConfiguration.getPackageFromManifest()Ljava/lang/String;+19
j  com.android.builder.core.VariantConfiguration.getOriginalApplicationId()Ljava/lang/String;+16
j  com.android.build.gradle.tasks.GenerateBuildConfig$ConfigAction$$Lambda$89.call()Ljava/lang/Object;+4
J 7232 C1 org.gradle.util.GUtil.uncheckedCall(Ljava/util/concurrent/Callable;)Ljava/lang/Object; (13 bytes) @ 0x00000000039667a4 [0x00000000039666c0+0xe4]
j  org.gradle.api.internal.ConventionAwareHelper$2.getValue(Lorg/gradle/api/plugins/Convention;Lorg/gradle/api/internal/IConventionAware;)Ljava/lang/Object;+4
j  org.gradle.api.internal.ConventionAwareHelper$MappedPropertyImpl.getValue(Lorg/gradle/api/plugins/Convention;Lorg/gradle/api/internal/IConventionAware;)Ljava/lang/Object;+13
J 5591 C2 org.gradle.api.internal.ConventionAwareHelper.getConventionValue(Ljava/lang/Object;Ljava/lang/String;Z)Ljava/lang/Object; (106 bytes) @ 0x0000000002bf18b8 [0x0000000002bf13a0+0x518]
j  com.android.build.gradle.tasks.GenerateBuildConfig_Decorated.getBuildConfigPackageName()Ljava/lang/String;+16
v  ~StubRoutines::call_stub
J 1196  sun.reflect.NativeMethodAccessorImpl.invoke0(Ljava/lang/reflect/Method;Ljava/lang/Object;[Ljava/lang/Object;)Ljava/lang/Object; (0 bytes) @ 0x00000000026955bf [0x0000000002695540+0x7f]
J 1195 C1 sun.reflect.NativeMethodAccessorImpl.invoke(Ljava/lang/Object;[Ljava/lang/Object;)Ljava/lang/Object; (104 bytes) @ 0x0000000002696be4 [0x0000000002695a40+0x11a4]
J 6055 C2 java.lang.reflect.Method.invoke(Ljava/lang/Object;[Ljava/lang/Object;)Ljava/lang/Object; (62 bytes) @ 0x0000000003511584 [0x0000000003511500+0x84]
J 5935 C1 org.gradle.internal.reflect.JavaMethod.invoke(Ljava/lang/Object;[Ljava/lang/Object;)Ljava/lang/Object; (74 bytes) @ 0x000000000302cebc [0x000000000302cda0+0x11c]
j  org.gradle.api.internal.project.taskfactory.AnnotationProcessingTaskFactory$PropertyInfo$4.create()Ljava/lang/Object;+25
j  org.gradle.util.SingleMessageLogger.whileDisabled(Lorg/gradle/internal/Factory;)Ljava/lang/Object;+11
j  org.gradle.api.internal.project.taskfactory.AnnotationProcessingTaskFactory$PropertyInfo.getValue(Ljava/lang/Object;)Lorg/gradle/api/internal/project/taskfactory/AnnotationProcessingTaskFactory$PropertyValue;+49
j  org.gradle.api.internal.project.taskfactory.AnnotationProcessingTaskFactory$Validator.validate(Lorg/gradle/api/internal/TaskInternal;Ljava/util/Collection;)V+45
j  org.gradle.api.internal.tasks.execution.ValidatingTaskExecuter.execute(Lorg/gradle/api/internal/TaskInternal;Lorg/gradle/api/internal/tasks/TaskStateInternal;Lorg/gradle/api/internal/tasks/TaskExecutionContext;)V+49
j  org.gradle.api.internal.tasks.execution.SkipEmptySourceFilesTaskExecuter.execute(Lorg/gradle/api/internal/TaskInternal;Lorg/gradle/api/internal/tasks/TaskStateInternal;Lorg/gradle/api/internal/tasks/TaskExecutionContext;)V+111
j  org.gradle.api.internal.tasks.execution.SkipTaskWithNoActionsExecuter.execute(Lorg/gradle/api/internal/TaskInternal;Lorg/gradle/api/internal/tasks/TaskStateInternal;Lorg/gradle/api/internal/tasks/TaskExecutionContext;)V+110
j  org.gradle.api.internal.tasks.execution.SkipOnlyIfTaskExecuter.execute(Lorg/gradle/api/internal/TaskInternal;Lorg/gradle/api/internal/tasks/TaskStateInternal;Lorg/gradle/api/internal/tasks/TaskExecutionContext;)V+84
j  org.gradle.api.internal.tasks.execution.ExecuteAtMostOnceTaskExecuter.execute(Lorg/gradle/api/internal/TaskInternal;Lorg/gradle/api/internal/tasks/TaskStateInternal;Lorg/gradle/api/internal/tasks/TaskExecutionContext;)V+26
j  org.gradle.execution.taskgraph.DefaultTaskGraphExecuter$EventFiringTaskWorker.execute(Lorg/gradle/api/internal/TaskInternal;)V+106
j  org.gradle.execution.taskgraph.DefaultTaskGraphExecuter$EventFiringTaskWorker.execute(Ljava/lang/Object;)V+5
j  org.gradle.execution.taskgraph.AbstractTaskPlanExecutor$TaskExecutorWorker.processTask(Lorg/gradle/execution/taskgraph/TaskInfo;)V+8
j  org.gradle.execution.taskgraph.AbstractTaskPlanExecutor$TaskExecutorWorker.run()V+56
j  org.gradle.execution.taskgraph.DefaultTaskPlanExecutor.process(Lorg/gradle/execution/taskgraph/TaskExecutionPlan;Lorg/gradle/api/Action;)V+6
j  org.gradle.execution.taskgraph.DefaultTaskGraphExecuter.execute()V+65
j  org.gradle.execution.SelectedTaskExecutionAction.execute(Lorg/gradle/execution/BuildExecutionContext;)V+55
j  org.gradle.execution.DefaultBuildExecuter.execute(Lorg/gradle/api/internal/GradleInternal;I)V+37
j  org.gradle.execution.DefaultBuildExecuter.access$000(Lorg/gradle/execution/DefaultBuildExecuter;Lorg/gradle/api/internal/GradleInternal;I)V+3
j  org.gradle.execution.DefaultBuildExecuter$1.proceed()V+14
j  org.gradle.execution.DryRunBuildExecutionAction.execute(Lorg/gradle/execution/BuildExecutionContext;)V+68
j  org.gradle.execution.DefaultBuildExecuter.execute(Lorg/gradle/api/internal/GradleInternal;I)V+37
j  org.gradle.execution.DefaultBuildExecuter.execute(Lorg/gradle/api/internal/GradleInternal;)V+3
j  org.gradle.initialization.DefaultGradleLauncher$4.run()V+14
J 6683 C1 org.gradle.internal.Factories$1.create()Ljava/lang/Object; (11 bytes) @ 0x00000000024cca44 [0x00000000024cc940+0x104]
j  org.gradle.internal.progress.DefaultBuildOperationExecutor.run(Lorg/gradle/internal/progress/BuildOperationDetails;Lorg/gradle/internal/Factory;)Ljava/lang/Object;+171
j  org.gradle.internal.progress.DefaultBuildOperationExecutor.run(Ljava/lang/String;Ljava/lang/Runnable;)V+12
j  org.gradle.initialization.DefaultGradleLauncher.doBuildStages(Lorg/gradle/initialization/DefaultGradleLauncher$Stage;)V+85
j  org.gradle.initialization.DefaultGradleLauncher.access$200(Lorg/gradle/initialization/DefaultGradleLauncher;Lorg/gradle/initialization/DefaultGradleLauncher$Stage;)V+2
j  org.gradle.initialization.DefaultGradleLauncher$1.create()Lorg/gradle/BuildResult;+29
j  org.gradle.initialization.DefaultGradleLauncher$1.create()Ljava/lang/Object;+1
j  org.gradle.internal.progress.DefaultBuildOperationExecutor.run(Lorg/gradle/internal/progress/BuildOperationDetails;Lorg/gradle/internal/Factory;)Ljava/lang/Object;+171
j  org.gradle.internal.progress.DefaultBuildOperationExecutor.run(Ljava/lang/String;Lorg/gradle/internal/Factory;)Ljava/lang/Object;+9
j  org.gradle.initialization.DefaultGradleLauncher.doBuild(Lorg/gradle/initialization/DefaultGradleLauncher$Stage;)Lorg/gradle/BuildResult;+15
j  org.gradle.initialization.DefaultGradleLauncher.run()Lorg/gradle/BuildResult;+4
j  org.gradle.launcher.exec.InProcessBuildActionExecuter$DefaultBuildController.run()Lorg/gradle/api/internal/GradleInternal;+4
j  org.gradle.tooling.internal.provider.runner.BuildModelActionRunner.run(Lorg/gradle/internal/invocation/BuildAction;Lorg/gradle/internal/invocation/BuildController;)V+29
j  org.gradle.launcher.exec.ChainingBuildActionRunner.run(Lorg/gradle/internal/invocation/BuildAction;Lorg/gradle/internal/invocation/BuildController;)V+34
j  org.gradle.tooling.internal.provider.runner.SubscribableBuildActionRunner.run(Lorg/gradle/internal/invocation/BuildAction;Lorg/gradle/internal/invocation/BuildController;)V+37
j  org.gradle.launcher.exec.ChainingBuildActionRunner.run(Lorg/gradle/internal/invocation/BuildAction;Lorg/gradle/internal/invocation/BuildController;)V+34
j  org.gradle.launcher.exec.InProcessBuildActionExecuter.execute(Lorg/gradle/internal/invocation/BuildAction;Lorg/gradle/initialization/BuildRequestContext;Lorg/gradle/launcher/exec/BuildActionParameters;Lorg/gradle/internal/service/ServiceRegistry;)Ljava/lang/Object;+77
j  org.gradle.launcher.exec.InProcessBuildActionExecuter.execute(Lorg/gradle/internal/invocation/BuildAction;Lorg/gradle/initialization/BuildRequestContext;Ljava/lang/Object;Lorg/gradle/internal/service/ServiceRegistry;)Ljava/lang/Object;+9
j  org.gradle.launcher.exec.ContinuousBuildActionExecuter.execute(Lorg/gradle/internal/invocation/BuildAction;Lorg/gradle/initialization/BuildRequestContext;Lorg/gradle/launcher/exec/BuildActionParameters;Lorg/gradle/internal/service/ServiceRegistry;)Ljava/lang/Object;+114
j  org.gradle.launcher.exec.ContinuousBuildActionExecuter.execute(Lorg/gradle/internal/invocation/BuildAction;Lorg/gradle/initialization/BuildRequestContext;Ljava/lang/Object;Lorg/gradle/internal/service/ServiceRegistry;)Ljava/lang/Object;+9
j  org.gradle.launcher.daemon.server.exec.ExecuteBuild.doBuild(Lorg/gradle/launcher/daemon/server/api/DaemonCommandExecution;Lorg/gradle/launcher/daemon/protocol/Build;)V+74
j  org.gradle.launcher.daemon.server.exec.BuildCommandOnly.execute(Lorg/gradle/launcher/daemon/server/api/DaemonCommandExecution;)V+49
j  org.gradle.launcher.daemon.server.api.DaemonCommandExecution.proceed()Z+28
j  org.gradle.launcher.daemon.server.exec.WatchForDisconnection.execute(Lorg/gradle/launcher/daemon/server/api/DaemonCommandExecution;)V+19
j  org.gradle.launcher.daemon.server.api.DaemonCommandExecution.proceed()Z+28
j  org.gradle.launcher.daemon.server.exec.ResetDeprecationLogger.execute(Lorg/gradle/launcher/daemon/server/api/DaemonCommandExecution;)V+4
j  org.gradle.launcher.daemon.server.api.DaemonCommandExecution.proceed()Z+28
j  org.gradle.launcher.daemon.server.exec.RequestStopIfSingleUsedDaemon.execute(Lorg/gradle/launcher/daemon/server/api/DaemonCommandExecution;)V+31
j  org.gradle.launcher.daemon.server.api.DaemonCommandExecution.proceed()Z+28
j  org.gradle.launcher.daemon.server.exec.ForwardClientInput$2.call()Ljava/lang/Void;+4
j  org.gradle.launcher.daemon.server.exec.ForwardClientInput$2.call()Ljava/lang/Object;+1
j  org.gradle.util.Swapper.swap(Ljava/lang/Object;Ljava/util/concurrent/Callable;)Ljava/lang/Object;+21
j  org.gradle.launcher.daemon.server.exec.ForwardClientInput.execute(Lorg/gradle/launcher/daemon/server/api/DaemonCommandExecution;)V+63
j  org.gradle.launcher.daemon.server.api.DaemonCommandExecution.proceed()Z+28
j  org.gradle.launcher.daemon.server.health.DaemonHealthTracker.execute(Lorg/gradle/launcher/daemon/server/api/DaemonCommandExecution;)V+35
j  org.gradle.launcher.daemon.server.api.DaemonCommandExecution.proceed()Z+28
j  org.gradle.launcher.daemon.server.exec.LogToClient.doBuild(Lorg/gradle/launcher/daemon/server/api/DaemonCommandExecution;Lorg/gradle/launcher/daemon/protocol/Build;)V+87
j  org.gradle.launcher.daemon.server.exec.BuildCommandOnly.execute(Lorg/gradle/launcher/daemon/server/api/DaemonCommandExecution;)V+49
j  org.gradle.launcher.daemon.server.api.DaemonCommandExecution.proceed()Z+28
j  org.gradle.launcher.daemon.server.exec.EstablishBuildEnvironment.doBuild(Lorg/gradle/launcher/daemon/server/api/DaemonCommandExecution;Lorg/gradle/launcher/daemon/protocol/Build;)V+279
j  org.gradle.launcher.daemon.server.exec.BuildCommandOnly.execute(Lorg/gradle/launcher/daemon/server/api/DaemonCommandExecution;)V+49
j  org.gradle.launcher.daemon.server.api.DaemonCommandExecution.proceed()Z+28
j  org.gradle.launcher.daemon.server.health.HintGCAfterBuild.execute(Lorg/gradle/launcher/daemon/server/api/DaemonCommandExecution;)V+1
j  org.gradle.launcher.daemon.server.api.DaemonCommandExecution.proceed()Z+28
j  org.gradle.launcher.daemon.server.exec.StartBuildOrRespondWithBusy$1.run()V+44
j  org.gradle.launcher.daemon.server.DaemonStateCoordinator$1.run()V+4
j  org.gradle.internal.concurrent.ExecutorPolicy$CatchAndRecordFailures.onExecute(Ljava/lang/Runnable;)V+1
j  org.gradle.internal.concurrent.StoppableExecutorImpl$1.run()V+25
j  java.util.concurrent.ThreadPoolExecutor.runWorker(Ljava/util/concurrent/ThreadPoolExecutor$Worker;)V+95
j  java.util.concurrent.ThreadPoolExecutor$Worker.run()V+5
j  java.lang.Thread.run()V+11
v  ~StubRoutines::call_stub

---------------  P R O C E S S  ---------------

Java Threads: ( => current thread )
  0x00000000177a4800 JavaThread "Stdin handler" [_thread_blocked, id=4524, stack(0x0000000020c10000,0x0000000020d10000)]
  0x00000000177a3800 JavaThread "Asynchronous log dispatcher for org.gradle.launcher.daemon.server.DefaultDaemonConnection@782779da" [_thread_blocked, id=4360, stack(0x0000000020b10000,0x0000000020c10000)]
  0x00000000177a1800 JavaThread "Cancel handler" [_thread_blocked, id=1816, stack(0x0000000020a10000,0x0000000020b10000)]
  0x00000000177a0800 JavaThread "Handler for socket connection from /127.0.0.1:6315 to /127.0.0.1:6349" [_thread_in_native, id=7656, stack(0x000000001e6f0000,0x000000001e7f0000)]
  0x00000000177a5000 JavaThread "pool-2-thread-1" [_thread_blocked, id=10576, stack(0x000000001c9c0000,0x000000001cac0000)]
  0x0000000017e0e000 JavaThread "File lock request listener" [_thread_in_native, id=8264, stack(0x000000001b8f0000,0x000000001b9f0000)]
=>0x0000000017e13800 JavaThread "Daemon worker" [_thread_in_vm, id=4936, stack(0x000000001a020000,0x000000001a120000)]
  0x0000000017e0f000 JavaThread "Daemon" [_thread_blocked, id=8436, stack(0x0000000019d20000,0x0000000019e20000)]
  0x00000000184f9800 JavaThread "pool-1-thread-1" [_thread_blocked, id=8108, stack(0x0000000019c20000,0x0000000019d20000)]
  0x00000000189ac000 JavaThread "Incoming local TCP Connector on port 6315" [_thread_in_native, id=2896, stack(0x00000000197f0000,0x00000000198f0000)]
  0x0000000015c2e000 JavaThread "Service Thread" daemon [_thread_blocked, id=8420, stack(0x0000000017930000,0x0000000017a30000)]
  0x0000000015c2a000 JavaThread "C1 CompilerThread2" daemon [_thread_blocked, id=1724, stack(0x0000000017430000,0x0000000017530000)]
  0x0000000015c26800 JavaThread "C2 CompilerThread1" daemon [_thread_blocked, id=2288, stack(0x0000000017330000,0x0000000017430000)]
  0x0000000015bcb000 JavaThread "C2 CompilerThread0" daemon [_thread_blocked, id=6408, stack(0x0000000017230000,0x0000000017330000)]
  0x0000000015bca000 JavaThread "Attach Listener" daemon [_thread_blocked, id=6172, stack(0x0000000017130000,0x0000000017230000)]
  0x0000000015bc9000 JavaThread "Signal Dispatcher" daemon [_thread_blocked, id=10460, stack(0x0000000017030000,0x0000000017130000)]
  0x0000000015bb8800 JavaThread "Finalizer" daemon [_thread_blocked, id=7416, stack(0x0000000016e40000,0x0000000016f40000)]
  0x000000000224f800 JavaThread "Reference Handler" daemon [_thread_blocked, id=9872, stack(0x0000000016d40000,0x0000000016e40000)]
  0x0000000002160800 JavaThread "main" [_thread_blocked, id=8376, stack(0x0000000001eb0000,0x0000000001fb0000)]

Other Threads:
  0x0000000015b95000 VMThread [stack: 0x0000000016c40000,0x0000000016d40000] [id=3804]
  0x0000000017535000 WatcherThread [stack: 0x0000000017a30000,0x0000000017b30000] [id=8948]

VM state:not at safepoint (normal execution)

VM Mutex/Monitor currently owned by a thread: None

Heap:
 PSYoungGen      total 220672K, used 124111K [0x00000000e0000000, 0x00000000efb00000, 0x0000000100000000)
  eden space 205824K, 60% used [0x00000000e0000000,0x00000000e7933c48,0x00000000ec900000)
  from space 14848K, 0% used [0x00000000ede80000,0x00000000ede80000,0x00000000eed00000)
  to   space 22016K, 0% used [0x00000000ec900000,0x00000000ec900000,0x00000000ede80000)
 ParOldGen       total 77312K, used 43505K [0x00000000a0000000, 0x00000000a4b80000, 0x00000000e0000000)
  object space 77312K, 56% used [0x00000000a0000000,0x00000000a2a7c530,0x00000000a4b80000)
 Metaspace       used 53735K, capacity 55858K, committed 56112K, reserved 1097728K
  class space    used 7275K, capacity 7720K, committed 7728K, reserved 1048576K

Card table byte_map: [0x0000000011620000,0x0000000011930000] byte_map_base: 0x0000000011120000

Marking Bits: (ParMarkBitMap*) 0x0000000071bb9d00
 Begin Bits: [0x0000000011f30000, 0x0000000013730000)
 End Bits:   [0x0000000013730000, 0x0000000014f30000)

Polling page: 0x0000000001fb0000

CodeCache: size=245760Kb used=24698Kb max_used=24698Kb free=221061Kb
 bounds [0x0000000002260000, 0x0000000003aa0000, 0x0000000011260000]
 total_blobs=7469 nmethods=6763 adapters=619
 compilation: enabled

Compilation events (10 events):
Event: 37.642 Thread 0x0000000015c2a000 7636       3       java.io.ObjectInputStream$BlockDataInputStream::readFully (42 bytes)
Event: 37.643 Thread 0x0000000015c2a000 nmethod 7636 0x0000000003a90090 code [0x0000000003a90220, 0x0000000003a90598]
Event: 37.643 Thread 0x0000000015c2a000 7637       3       java.io.ObjectInputStream::defaultReadFields (199 bytes)
Event: 37.644 Thread 0x0000000015c2a000 nmethod 7637 0x0000000003a93690 code [0x0000000003a938e0, 0x0000000003a94568]
Event: 37.644 Thread 0x0000000015c2a000 7638       3       java.io.ObjectStreamClass::setPrimFieldValues (10 bytes)
Event: 37.645 Thread 0x0000000015c2a000 nmethod 7638 0x0000000003a8fc90 code [0x0000000003a8fe00, 0x0000000003a8ffa8]
Event: 37.647 Thread 0x0000000015c2a000 7639       1       org.gradle.api.internal.project.taskfactory.AnnotationProcessingTaskFactory$PropertyInfo$5::getValue (5 bytes)
Event: 37.648 Thread 0x0000000015c2a000 nmethod 7639 0x0000000003a8eb90 code [0x0000000003a8ece0, 0x0000000003a8edf0]
Event: 37.701 Thread 0x0000000015c2a000 7640       3       com.sun.org.apache.xerces.internal.utils.XMLSecurityManager::getLimit (10 bytes)
Event: 37.702 Thread 0x0000000015c2a000 nmethod 7640 0x0000000003a93210 code [0x0000000003a93380, 0x0000000003a93590]

GC Heap History (10 events):
Event: 14.903 GC heap before
{Heap before GC invocations=9 (full 1):
 PSYoungGen      total 121856K, used 89869K [0x00000000e0000000, 0x00000000eb480000, 0x0000000100000000)
  eden space 111616K, 74% used [0x00000000e0000000,0x00000000e511a2d8,0x00000000e6d00000)
  from space 10240K, 66% used [0x00000000e6d00000,0x00000000e73a9518,0x00000000e7700000)
  to   space 9728K, 0% used [0x00000000eab00000,0x00000000eab00000,0x00000000eb480000)
 ParOldGen       total 49664K, used 8276K [0x00000000a0000000, 0x00000000a3080000, 0x00000000e0000000)
  object space 49664K, 16% used [0x00000000a0000000,0x00000000a0815020,0x00000000a3080000)
 Metaspace       used 34654K, capacity 35332K, committed 35496K, reserved 1079296K
  class space    used 4659K, capacity 4861K, committed 4912K, reserved 1048576K
Event: 14.925 GC heap after
Heap after GC invocations=9 (full 1):
 PSYoungGen      total 173056K, used 9720K [0x00000000e0000000, 0x00000000ec900000, 0x0000000100000000)
  eden space 163328K, 0% used [0x00000000e0000000,0x00000000e0000000,0x00000000e9f80000)
  from space 9728K, 99% used [0x00000000eab00000,0x00000000eb47e200,0x00000000eb480000)
  to   space 11776K, 0% used [0x00000000e9f80000,0x00000000e9f80000,0x00000000eab00000)
 ParOldGen       total 49664K, used 10125K [0x00000000a0000000, 0x00000000a3080000, 0x00000000e0000000)
  object space 49664K, 20% used [0x00000000a0000000,0x00000000a09e3520,0x00000000a3080000)
 Metaspace       used 34654K, capacity 35332K, committed 35496K, reserved 1079296K
  class space    used 4659K, capacity 4861K, committed 4912K, reserved 1048576K
}
Event: 14.925 GC heap before
{Heap before GC invocations=10 (full 2):
 PSYoungGen      total 173056K, used 9720K [0x00000000e0000000, 0x00000000ec900000, 0x0000000100000000)
  eden space 163328K, 0% used [0x00000000e0000000,0x00000000e0000000,0x00000000e9f80000)
  from space 9728K, 99% used [0x00000000eab00000,0x00000000eb47e200,0x00000000eb480000)
  to   space 11776K, 0% used [0x00000000e9f80000,0x00000000e9f80000,0x00000000eab00000)
 ParOldGen       total 49664K, used 10125K [0x00000000a0000000, 0x00000000a3080000, 0x00000000e0000000)
  object space 49664K, 20% used [0x00000000a0000000,0x00000000a09e3520,0x00000000a3080000)
 Metaspace       used 34654K, capacity 35332K, committed 35496K, reserved 1079296K
  class space    used 4659K, capacity 4861K, committed 4912K, reserved 1048576K
Event: 15.108 GC heap after
Heap after GC invocations=10 (full 2):
 PSYoungGen      total 173056K, used 0K [0x00000000e0000000, 0x00000000ec900000, 0x0000000100000000)
  eden space 163328K, 0% used [0x00000000e0000000,0x00000000e0000000,0x00000000e9f80000)
  from space 9728K, 0% used [0x00000000eab00000,0x00000000eab00000,0x00000000eb480000)
  to   space 11776K, 0% used [0x00000000e9f80000,0x00000000e9f80000,0x00000000eab00000)
 ParOldGen       total 77312K, used 19011K [0x00000000a0000000, 0x00000000a4b80000, 0x00000000e0000000)
  object space 77312K, 24% used [0x00000000a0000000,0x00000000a1290f70,0x00000000a4b80000)
 Metaspace       used 34654K, capacity 35332K, committed 35496K, reserved 1079296K
  class space    used 4659K, capacity 4861K, committed 4912K, reserved 1048576K
}
Event: 18.562 GC heap before
{Heap before GC invocations=11 (full 2):
 PSYoungGen      total 173056K, used 163328K [0x00000000e0000000, 0x00000000ec900000, 0x0000000100000000)
  eden space 163328K, 100% used [0x00000000e0000000,0x00000000e9f80000,0x00000000e9f80000)
  from space 9728K, 0% used [0x00000000eab00000,0x00000000eab00000,0x00000000eb480000)
  to   space 11776K, 0% used [0x00000000e9f80000,0x00000000e9f80000,0x00000000eab00000)
 ParOldGen       total 77312K, used 19011K [0x00000000a0000000, 0x00000000a4b80000, 0x00000000e0000000)
  object space 77312K, 24% used [0x00000000a0000000,0x00000000a1290f70,0x00000000a4b80000)
 Metaspace       used 44915K, capacity 46050K, committed 46256K, reserved 1089536K
  class space    used 6041K, capacity 6297K, committed 6320K, reserved 1048576K
Event: 18.620 GC heap after
Heap after GC invocations=11 (full 2):
 PSYoungGen      total 175104K, used 11759K [0x00000000e0000000, 0x00000000eed00000, 0x0000000100000000)
  eden space 163328K, 0% used [0x00000000e0000000,0x00000000e0000000,0x00000000e9f80000)
  from space 11776K, 99% used [0x00000000e9f80000,0x00000000eaafbcd0,0x00000000eab00000)
  to   space 14848K, 0% used [0x00000000ede80000,0x00000000ede80000,0x00000000eed00000)
 ParOldGen       total 77312K, used 22898K [0x00000000a0000000, 0x00000000a4b80000, 0x00000000e0000000)
  object space 77312K, 29% used [0x00000000a0000000,0x00000000a165cb10,0x00000000a4b80000)
 Metaspace       used 44915K, capacity 46050K, committed 46256K, reserved 1089536K
  class space    used 6041K, capacity 6297K, committed 6320K, reserved 1048576K
}
Event: 25.557 GC heap before
{Heap before GC invocations=12 (full 2):
 PSYoungGen      total 175104K, used 174385K [0x00000000e0000000, 0x00000000eed00000, 0x0000000100000000)
  eden space 163328K, 99% used [0x00000000e0000000,0x00000000e9ed0970,0x00000000e9f80000)
  from space 11776K, 99% used [0x00000000e9f80000,0x00000000eaafbcd0,0x00000000eab00000)
  to   space 14848K, 0% used [0x00000000ede80000,0x00000000ede80000,0x00000000eed00000)
 ParOldGen       total 77312K, used 22898K [0x00000000a0000000, 0x00000000a4b80000, 0x00000000e0000000)
  object space 77312K, 29% used [0x00000000a0000000,0x00000000a165cb10,0x00000000a4b80000)
 Metaspace       used 51843K, capacity 53840K, committed 53936K, reserved 1095680K
  class space    used 7094K, capacity 7579K, committed 7600K, reserved 1048576K
Event: 25.675 GC heap after
Heap after GC invocations=12 (full 2):
 PSYoungGen      total 220672K, used 14817K [0x00000000e0000000, 0x00000000efb00000, 0x0000000100000000)
  eden space 205824K, 0% used [0x00000000e0000000,0x00000000e0000000,0x00000000ec900000)
  from space 14848K, 99% used [0x00000000ede80000,0x00000000eecf8468,0x00000000eed00000)
  to   space 22016K, 0% used [0x00000000ec900000,0x00000000ec900000,0x00000000ede80000)
 ParOldGen       total 77312K, used 38109K [0x00000000a0000000, 0x00000000a4b80000, 0x00000000e0000000)
  object space 77312K, 49% used [0x00000000a0000000,0x00000000a2537788,0x00000000a4b80000)
 Metaspace       used 51843K, capacity 53840K, committed 53936K, reserved 1095680K
  class space    used 7094K, capacity 7579K, committed 7600K, reserved 1048576K
}
Event: 25.675 GC heap before
{Heap before GC invocations=13 (full 3):
 PSYoungGen      total 220672K, used 14817K [0x00000000e0000000, 0x00000000efb00000, 0x0000000100000000)
  eden space 205824K, 0% used [0x00000000e0000000,0x00000000e0000000,0x00000000ec900000)
  from space 14848K, 99% used [0x00000000ede80000,0x00000000eecf8468,0x00000000eed00000)
  to   space 22016K, 0% used [0x00000000ec900000,0x00000000ec900000,0x00000000ede80000)
 ParOldGen       total 77312K, used 38109K [0x00000000a0000000, 0x00000000a4b80000, 0x00000000e0000000)
  object space 77312K, 49% used [0x00000000a0000000,0x00000000a2537788,0x00000000a4b80000)
 Metaspace       used 51843K, capacity 53840K, committed 53936K, reserved 1095680K
  class space    used 7094K, capacity 7579K, committed 7600K, reserved 1048576K
Event: 26.267 GC heap after
Heap after GC invocations=13 (full 3):
 PSYoungGen      total 220672K, used 0K [0x00000000e0000000, 0x00000000efb00000, 0x0000000100000000)
  eden space 205824K, 0% used [0x00000000e0000000,0x00000000e0000000,0x00000000ec900000)
  from space 14848K, 0% used [0x00000000ede80000,0x00000000ede80000,0x00000000eed00000)
  to   space 22016K, 0% used [0x00000000ec900000,0x00000000ec900000,0x00000000ede80000)
 ParOldGen       total 77312K, used 43505K [0x00000000a0000000, 0x00000000a4b80000, 0x00000000e0000000)
  object space 77312K, 56% used [0x00000000a0000000,0x00000000a2a7c530,0x00000000a4b80000)
 Metaspace       used 51843K, capacity 53840K, committed 53936K, reserved 1095680K
  class space    used 7094K, capacity 7579K, committed 7600K, reserved 1048576K
}

Deoptimization events (10 events):
Event: 37.218 Thread 0x0000000017e13800 Uncommon trap: reason=class_check action=maybe_recompile pc=0x0000000003358a98 method=com.google.common.collect.AbstractMapBasedMultimap.put(Ljava/lang/Object;Ljava/lang/Object;)Z @ 10
Event: 37.218 Thread 0x0000000017e13800 Uncommon trap: reason=class_check action=maybe_recompile pc=0x0000000003358a98 method=com.google.common.collect.AbstractMapBasedMultimap.put(Ljava/lang/Object;Ljava/lang/Object;)Z @ 10
Event: 37.218 Thread 0x0000000017e13800 Uncommon trap: reason=class_check action=maybe_recompile pc=0x0000000003358a98 method=com.google.common.collect.AbstractMapBasedMultimap.put(Ljava/lang/Object;Ljava/lang/Object;)Z @ 10
Event: 37.306 Thread 0x0000000017e13800 Uncommon trap: reason=unstable_if action=reinterpret pc=0x0000000002f1998c method=java.util.concurrent.ConcurrentHashMap.get(Ljava/lang/Object;)Ljava/lang/Object; @ 76
Event: 37.306 Thread 0x0000000017e13800 Uncommon trap: reason=class_check action=maybe_recompile pc=0x0000000002a9950c method=java.util.concurrent.ConcurrentHashMap.putVal(Ljava/lang/Object;Ljava/lang/Object;Z)Ljava/lang/Object; @ 192
Event: 37.341 Thread 0x0000000017e13800 Uncommon trap: reason=unstable_if action=reinterpret pc=0x000000000237b1b4 method=java.lang.String.regionMatches(ZILjava/lang/String;II)Z @ 102
Event: 37.511 Thread 0x0000000017e13800 Uncommon trap: reason=unstable_if action=reinterpret pc=0x00000000039884f8 method=com.esotericsoftware.kryo.io.Output.writeByte(B)V @ 8
Event: 37.710 Thread 0x0000000017e13800 Uncommon trap: reason=unstable_if action=reinterpret pc=0x0000000003299490 method=com.sun.org.apache.xerces.internal.impl.XMLEntityScanner.skipSpaces()Z @ 75
Event: 37.711 Thread 0x0000000017e13800 Uncommon trap: reason=unstable_if action=reinterpret pc=0x00000000031fd7ac method=com.sun.org.apache.xerces.internal.impl.XMLEntityScanner.peekChar()I @ 51
Event: 37.711 Thread 0x0000000017e13800 Uncommon trap: reason=unstable_if action=reinterpret pc=0x000000000311cf14 method=com.sun.org.apache.xerces.internal.impl.XMLEntityScanner.scanContent(Lcom/sun/org/apache/xerces/internal/xni/XMLString;)I @ 160

Internal exceptions (10 events):
Event: 36.049 Thread 0x0000000017e13800 Exception <a 'sun/nio/fs/WindowsException'> (0x00000000e548e998) thrown at [C:\src\android\AOSP-openjdk\external\jetbrains\jdk\hotspot\src\share\vm\prims\jni.cpp, line 709]
Event: 36.081 Thread 0x0000000017e13800 Exception <a 'sun/nio/fs/WindowsException'> (0x00000000e5491ff0) thrown at [C:\src\android\AOSP-openjdk\external\jetbrains\jdk\hotspot\src\share\vm\prims\jni.cpp, line 709]
Event: 36.081 Thread 0x0000000017e13800 Exception <a 'sun/nio/fs/WindowsException'> (0x00000000e5492b08) thrown at [C:\src\android\AOSP-openjdk\external\jetbrains\jdk\hotspot\src\share\vm\prims\jni.cpp, line 709]
Event: 36.081 Thread 0x0000000017e13800 Exception <a 'sun/nio/fs/WindowsException'> (0x00000000e5494658) thrown at [C:\src\android\AOSP-openjdk\external\jetbrains\jdk\hotspot\src\share\vm\prims\jni.cpp, line 709]
Event: 36.081 Thread 0x0000000017e13800 Exception <a 'sun/nio/fs/WindowsException'> (0x00000000e54951b0) thrown at [C:\src\android\AOSP-openjdk\external\jetbrains\jdk\hotspot\src\share\vm\prims\jni.cpp, line 709]
Event: 37.274 Thread 0x0000000017e13800 Exception <a 'java/lang/NoSuchMethodError': <clinit>> (0x00000000e6ef3488) thrown at [C:\src\android\AOSP-openjdk\external\jetbrains\jdk\hotspot\src\share\vm\prims\jni.cpp, line 1591]
Event: 37.275 Thread 0x0000000017e13800 Exception <a 'java/lang/NoSuchMethodError': <clinit>> (0x00000000e6f00438) thrown at [C:\src\android\AOSP-openjdk\external\jetbrains\jdk\hotspot\src\share\vm\prims\jni.cpp, line 1591]
Event: 37.297 Thread 0x0000000017e13800 Exception <a 'java/lang/NoSuchMethodError': <clinit>> (0x00000000e6ffdc80) thrown at [C:\src\android\AOSP-openjdk\external\jetbrains\jdk\hotspot\src\share\vm\prims\jni.cpp, line 1591]
Event: 37.299 Thread 0x0000000017e13800 Exception <a 'java/lang/NoSuchMethodError': <clinit>> (0x00000000e7016490) thrown at [C:\src\android\AOSP-openjdk\external\jetbrains\jdk\hotspot\src\share\vm\prims\jni.cpp, line 1591]
Event: 37.299 Thread 0x0000000017e13800 Exception <a 'java/lang/NoSuchMethodError': <clinit>> (0x00000000e70179a8) thrown at [C:\src\android\AOSP-openjdk\external\jetbrains\jdk\hotspot\src\share\vm\prims\jni.cpp, line 1591]

Events (10 events):
Event: 37.723 loading class com/sun/org/apache/xpath/internal/compiler/FunctionTable done
Event: 37.723 loading class com/sun/org/apache/xpath/internal/functions/FuncCurrent
Event: 37.724 loading class com/sun/org/apache/xpath/internal/functions/Function
Event: 37.724 loading class com/sun/org/apache/xpath/internal/Expression
Event: 37.724 loading class com/sun/org/apache/xpath/internal/ExpressionNode
Event: 37.724 loading class javax/xml/transform/SourceLocator
Event: 37.724 loading class javax/xml/transform/SourceLocator done
Event: 37.724 loading class com/sun/org/apache/xpath/internal/ExpressionNode done
Event: 37.724 loading class com/sun/org/apache/xpath/internal/XPathVisitable
Event: 37.724 loading class com/sun/org/apache/xpath/internal/XPathVisitable done


Dynamic libraries:
0x00007ff71f5e0000 - 0x00007ff71f611000 	C:\Program Files\Android\Android Studio\jre\bin\java.exe
0x00007ffc3b610000 - 0x00007ffc3b7e1000 	C:\WINDOWS\SYSTEM32\ntdll.dll
0x00007ffc3ad40000 - 0x00007ffc3adeb000 	C:\WINDOWS\System32\KERNEL32.DLL
0x00007ffc37ec0000 - 0x00007ffc380dd000 	C:\WINDOWS\System32\KERNELBASE.dll
0x00007ffc38fd0000 - 0x00007ffc39072000 	C:\WINDOWS\System32\ADVAPI32.dll
0x00007ffc3a850000 - 0x00007ffc3a8ee000 	C:\WINDOWS\System32\msvcrt.dll
0x00007ffc39080000 - 0x00007ffc390d9000 	C:\WINDOWS\System32\sechost.dll
0x00007ffc3a960000 - 0x00007ffc3aa81000 	C:\WINDOWS\System32\RPCRT4.dll
0x00007ffc38de0000 - 0x00007ffc38f45000 	C:\WINDOWS\System32\USER32.dll
0x00007ffc37b00000 - 0x00007ffc37b1e000 	C:\WINDOWS\System32\win32u.dll
0x00007ffc3aa90000 - 0x00007ffc3aac4000 	C:\WINDOWS\System32\GDI32.dll
0x00007ffc388c0000 - 0x00007ffc38a42000 	C:\WINDOWS\System32\gdi32full.dll
0x00007ffc2f1a0000 - 0x00007ffc2f419000 	C:\WINDOWS\WinSxS\amd64_microsoft.windows.common-controls_6595b64144ccf1df_6.0.14393.447_none_42191651c6827bb3\COMCTL32.dll
0x00007ffc3b2e0000 - 0x00007ffc3b5a8000 	C:\WINDOWS\System32\combase.dll
0x00007ffc37b90000 - 0x00007ffc37c85000 	C:\WINDOWS\System32\ucrtbase.dll
0x00007ffc37b20000 - 0x00007ffc37b8a000 	C:\WINDOWS\System32\bcryptPrimitives.dll
0x00007ffc390e0000 - 0x00007ffc3910e000 	C:\WINDOWS\System32\IMM32.DLL
0x0000000073010000 - 0x00000000730e2000 	C:\Program Files\Android\Android Studio\jre\jre\bin\msvcr100.dll
0x0000000071400000 - 0x0000000071c34000 	C:\Program Files\Android\Android Studio\jre\jre\bin\server\jvm.dll
0x00007ffc3ab30000 - 0x00007ffc3ab38000 	C:\WINDOWS\System32\PSAPI.DLL
0x00007ffc30f60000 - 0x00007ffc30f69000 	C:\WINDOWS\SYSTEM32\WSOCK32.dll
0x00007ffc38f60000 - 0x00007ffc38fca000 	C:\WINDOWS\System32\WS2_32.dll
0x00007ffc35950000 - 0x00007ffc35973000 	C:\WINDOWS\SYSTEM32\WINMM.dll
0x00007ffc34470000 - 0x00007ffc3447a000 	C:\WINDOWS\SYSTEM32\VERSION.dll
0x00007ffc35920000 - 0x00007ffc3594b000 	C:\WINDOWS\SYSTEM32\WINMMBASE.dll
0x00007ffc38870000 - 0x00007ffc388b2000 	C:\WINDOWS\System32\cfgmgr32.dll
0x00007ffc30d40000 - 0x00007ffc30d4f000 	C:\Program Files\Android\Android Studio\jre\jre\bin\verify.dll
0x00007ffc2d520000 - 0x00007ffc2d549000 	C:\Program Files\Android\Android Studio\jre\jre\bin\java.dll
0x00007ffc2d410000 - 0x00007ffc2d426000 	C:\Program Files\Android\Android Studio\jre\jre\bin\zip.dll
0x00007ffc391a0000 - 0x00007ffc3a6a9000 	C:\WINDOWS\System32\SHELL32.dll
0x00007ffc380e0000 - 0x00007ffc387ba000 	C:\WINDOWS\System32\windows.storage.dll
0x00007ffc37ab0000 - 0x00007ffc37afc000 	C:\WINDOWS\System32\powrprof.dll
0x00007ffc3a8f0000 - 0x00007ffc3a942000 	C:\WINDOWS\System32\shlwapi.dll
0x00007ffc37aa0000 - 0x00007ffc37aaf000 	C:\WINDOWS\System32\kernel.appcore.dll
0x00007ffc387c0000 - 0x00007ffc38869000 	C:\WINDOWS\System32\shcore.dll
0x00007ffc37a80000 - 0x00007ffc37a94000 	C:\WINDOWS\System32\profapi.dll
0x00007ffc2d3f0000 - 0x00007ffc2d40a000 	C:\Program Files\Android\Android Studio\jre\jre\bin\net.dll
0x00007ffc373a0000 - 0x00007ffc373fc000 	C:\WINDOWS\system32\mswsock.dll
0x00007ffc2d300000 - 0x00007ffc2d311000 	C:\Program Files\Android\Android Studio\jre\jre\bin\nio.dll
0x00007ffc32a70000 - 0x00007ffc32a82000 	C:\Users\Sandy\.gradle\native\19\windows-amd64\native-platform.dll
0x00007ffc37540000 - 0x00007ffc37557000 	C:\WINDOWS\SYSTEM32\CRYPTSP.dll
0x00007ffc36f50000 - 0x00007ffc36f83000 	C:\WINDOWS\system32\rsaenh.dll
0x00007ffc379b0000 - 0x00007ffc379db000 	C:\WINDOWS\SYSTEM32\bcrypt.dll
0x00007ffc37230000 - 0x00007ffc3724f000 	C:\WINDOWS\SYSTEM32\USERENV.dll
0x00007ffc37560000 - 0x00007ffc3756b000 	C:\WINDOWS\SYSTEM32\CRYPTBASE.dll
0x00007ffc37130000 - 0x00007ffc37168000 	C:\WINDOWS\SYSTEM32\IPHLPAPI.DLL
0x00007ffc38f50000 - 0x00007ffc38f58000 	C:\WINDOWS\System32\NSI.dll
0x00007ffc31ff0000 - 0x00007ffc32006000 	C:\WINDOWS\SYSTEM32\dhcpcsvc6.DLL
0x00007ffc31fd0000 - 0x00007ffc31fea000 	C:\WINDOWS\SYSTEM32\dhcpcsvc.DLL
0x00007ffc32250000 - 0x00007ffc3225d000 	C:\Program Files\Android\Android Studio\jre\jre\bin\management.dll
0x00007ffc23a80000 - 0x00007ffc23c12000 	C:\WINDOWS\SYSTEM32\dbghelp.dll

VM Arguments:
jvm_args: -Xmx1536m -Dfile.encoding=windows-1252 -Duser.country=IN -Duser.language=en -Duser.variant 
java_command: org.gradle.launcher.daemon.bootstrap.GradleDaemon 2.14.1
java_class_path (initial): C:\Program Files\Android\Android Studio\gradle\gradle-2.14.1\lib\gradle-launcher-2.14.1.jar
Launcher Type: SUN_STANDARD

Environment Variables:
PATH=C:\ProgramData\Oracle\Java\javapath;C:\WINDOWS\system32;C:\WINDOWS;C:\WINDOWS\System32\Wbem;C:\WINDOWS\System32\WindowsPowerShell\v1.0\;C:\Program Files\WIDCOMM\Bluetooth Software\;C:\Program Files\WIDCOMM\Bluetooth Software\syswow64;;C:\Android;C:\Windows\System32;C:\Program Files (x86)\Skype\Phone\;C:\Program Files\Java\jdk1.8.0_112\bin
USERNAME=Sandy
OS=Windows_NT
PROCESSOR_IDENTIFIER=AMD64 Family 21 Model 48 Stepping 1, AuthenticAMD



---------------  S Y S T E M  ---------------

OS: Windows 10.0 , 64 bit Build 14393 (10.0.14393.0)

CPU:total 4 (4 cores per cpu, 1 threads per core) family 21 model 48 stepping 1, cmov, cx8, fxsr, mmx, sse, sse2, sse3, ssse3, sse4.1, sse4.2, popcnt, avx, aes, clmul, mmxext, 3dnowpref, lzcnt, sse4a, tsc, tscinvbit, tscinv, bmi1

Memory: 4k page, physical 7289200k(1996744k free), swap 13417984k(3798588k free)

vm_info: OpenJDK 64-Bit Server VM (25.76-b03) for windows-amd64 JRE (1.8.0_76-release-b03), built on Jun 29 2016 19:09:20 by "ralucas" with MS VC++ 10.0 (VS2010)

time: Sun Mar 05 23:36:27 2017
elapsed time: 37 seconds (0d 0h 0m 37s)

