#
# A fatal error has been detected by the Java Runtime Environment:
#
#  EXCEPTION_ACCESS_VIOLATION (0xc0000005) at pc=0x00000000714349af, pid=6936, tid=0x0000000000000c4c
#
# JRE version: OpenJDK Runtime Environment (8.0_76-b03) (build 1.8.0_76-release-b03)
# Java VM: OpenJDK 64-Bit Server VM (25.76-b03 mixed mode windows-amd64 compressed oops)
# Problematic frame:
# V  [jvm.dll+0x349af]
#
# Failed to write core dump. Minidumps are not enabled by default on client versions of Windows
#
# If you would like to submit a bug report, please visit:
#   http://bugreport.java.com/bugreport/crash.jsp
#

---------------  T H R E A D  ---------------

Current thread (0x00000000189ce800):  JavaThread "Daemon worker" [_thread_in_vm, id=3148, stack(0x000000001a110000,0x000000001a210000)]

siginfo: ExceptionCode=0xc0000005, reading address 0xffffffff9923d86b

Registers:
RAX=0xffffffff9923d86b, RBX=0x00000000189ce800, RCX=0x0000000000000000, RDX=0x0000000081001105
RSP=0x000000001a209670, RBP=0x0000000017f0d2d0, RSI=0x000000001a209d40, RDI=0x0000000081001105
R8 =0x00000000189ce800, R9 =0x0000000000000000, R10=0x0000000000000000, R11=0x0000000000000000
R12=0x0000000000001603, R13=0x0000000000000000, R14=0x000000000000002f, R15=0x0000000000000000
RIP=0x00000000714349af, EFLAGS=0x0000000000010246

Top of Stack: (sp=0x000000001a209670)
0x000000001a209670:   00000000189ce800 000000001a209d40
0x000000001a209680:   00000000189ce800 0000000017f0d2d0
0x000000001a209690:   0000000000000000 00000000189ce800
0x000000001a2096a0:   0000000000040000 0000000000000316
0x000000001a2096b0:   0000000005110081 0000000000000000
0x000000001a2096c0:   0000000000000000 0000000000000000
0x000000001a2096d0:   0000000000000000 0000000000000000
0x000000001a2096e0:   000095ecfa941818 0000000000000001
0x000000001a2096f0:   0000000000000031 0000000000000001
0x000000001a209700:   0000000000000031 000000001a209d40
0x000000001a209710:   0000000017f0d2d0 000000001a209830
0x000000001a209720:   0000000000000000 000000007143513e
0x000000001a209730:   0000000000000000 000000001a209800
0x000000001a209740:   0000000017f0d201 00000000079e0031
0x000000001a209750:   000000001a2097b4 000000001a209788
0x000000001a209760:   000000001a2097b8 000000001a209830 

Instructions: (pc=0x00000000714349af)
0x000000007143498f:   06 73 0e 48 8b d3 48 8b cd e8 53 58 00 00 45 33
0x000000007143499f:   db 48 83 7b 08 00 0f 85 c1 03 00 00 48 8b 45 10
0x00000000714349af:   0f b7 08 48 8d 50 02 66 89 4c 24 38 0f b6 44 24
0x00000000714349bf:   39 44 0f b6 e1 66 41 c1 e4 08 48 89 55 10 8b 0a 


Register to memory mapping:

RAX=0xffffffff9923d86b is an unknown value
RBX=0x00000000189ce800 is a thread
RCX=0x0000000000000000 is an unknown value
RDX=0x0000000081001105 is an unknown value
RSP=0x000000001a209670 is pointing into the stack for thread: 0x00000000189ce800
RBP=0x0000000017f0d2d0 is an unknown value
RSI=0x000000001a209d40 is pointing into the stack for thread: 0x00000000189ce800
RDI=0x0000000081001105 is an unknown value
R8 =0x00000000189ce800 is a thread
R9 =0x0000000000000000 is an unknown value
R10=0x0000000000000000 is an unknown value
R11=0x0000000000000000 is an unknown value
R12=0x0000000000001603 is an unknown value
R13=0x0000000000000000 is an unknown value
R14=0x000000000000002f is an unknown value
R15=0x0000000000000000 is an unknown value


Stack: [0x000000001a110000,0x000000001a210000],  sp=0x000000001a209670,  free space=997k
Native frames: (J=compiled Java code, j=interpreted, Vv=VM code, C=native code)
V  [jvm.dll+0x349af]
V  [jvm.dll+0x3513e]
V  [jvm.dll+0x3913d]
V  [jvm.dll+0x3ce70]
V  [jvm.dll+0x57b4d]
V  [jvm.dll+0x58427]
V  [jvm.dll+0x59af6]
V  [jvm.dll+0x55667]
V  [jvm.dll+0x395df]
V  [jvm.dll+0x3ce70]
V  [jvm.dll+0x57b4d]
V  [jvm.dll+0x58427]
V  [jvm.dll+0x59af6]
V  [jvm.dll+0x55667]
V  [jvm.dll+0x395df]
V  [jvm.dll+0x3ce70]
V  [jvm.dll+0x57b4d]
V  [jvm.dll+0x58427]
V  [jvm.dll+0x59af6]
V  [jvm.dll+0x59b4d]
V  [jvm.dll+0xd0e53]
V  [jvm.dll+0x95bb3]
V  [jvm.dll+0x95cc6]
C  0x0000000002436fed

Java frames: (J=compiled Java code, j=interpreted, Vv=VM code)
j  com.sun.org.apache.xpath.internal.compiler.FunctionTable.<clinit>()V+22
v  ~StubRoutines::call_stub
j  com.sun.org.apache.xpath.internal.XPath.initFunctionTable()V+1
j  com.sun.org.apache.xpath.internal.XPath.<init>(Ljava/lang/String;Ljavax/xml/transform/SourceLocator;Lcom/sun/org/apache/xml/internal/utils/PrefixResolver;ILjavax/xml/transform/ErrorListener;)V+10
j  com.sun.org.apache.xpath.internal.XPath.<init>(Ljava/lang/String;Ljavax/xml/transform/SourceLocator;Lcom/sun/org/apache/xml/internal/utils/PrefixResolver;I)V+7
j  com.sun.org.apache.xpath.internal.jaxp.XPathImpl.eval(Ljava/lang/String;Ljava/lang/Object;)Lcom/sun/org/apache/xpath/internal/objects/XObject;+11
j  com.sun.org.apache.xpath.internal.jaxp.XPathImpl.evaluate(Ljava/lang/String;Ljava/lang/Object;Ljavax/xml/namespace/QName;)Ljava/lang/Object;+99
j  com.android.builder.core.DefaultManifestParser.getStringValues(Ljava/io/File;Ljava/util/Set;)Ljava/util/Map;+53
j  com.android.builder.core.DefaultManifestParser.<init>(Ljava/io/File;)V+104
j  com.android.builder.core.VariantConfiguration.getManifestAttributeSupplier()Lcom/android/builder/core/ManifestAttributeSupplier;+21
j  com.android.builder.core.VariantConfiguration.getPackageFromManifest()Ljava/lang/String;+19
j  com.android.builder.core.VariantConfiguration.getOriginalApplicationId()Ljava/lang/String;+16
j  com.android.build.gradle.tasks.GenerateBuildConfig$ConfigAction$$Lambda$89.call()Ljava/lang/Object;+4
J 7331 C1 org.gradle.util.GUtil.uncheckedCall(Ljava/util/concurrent/Callable;)Ljava/lang/Object; (13 bytes) @ 0x0000000003a1c4a4 [0x0000000003a1c3c0+0xe4]
j  org.gradle.api.internal.ConventionAwareHelper$2.getValue(Lorg/gradle/api/plugins/Convention;Lorg/gradle/api/internal/IConventionAware;)Ljava/lang/Object;+4
j  org.gradle.api.internal.ConventionAwareHelper$MappedPropertyImpl.getValue(Lorg/gradle/api/plugins/Convention;Lorg/gradle/api/internal/IConventionAware;)Ljava/lang/Object;+13
J 5663 C2 org.gradle.api.internal.ConventionAwareHelper.getConventionValue(Ljava/lang/Object;Ljava/lang/String;Z)Ljava/lang/Object; (106 bytes) @ 0x00000000035714f8 [0x0000000003570fe0+0x518]
j  com.android.build.gradle.tasks.GenerateBuildConfig_Decorated.getBuildConfigPackageName()Ljava/lang/String;+16
v  ~StubRoutines::call_stub
J 1880  sun.reflect.NativeMethodAccessorImpl.invoke0(Ljava/lang/reflect/Method;Ljava/lang/Object;[Ljava/lang/Object;)Ljava/lang/Object; (0 bytes) @ 0x0000000002b03f7f [0x0000000002b03f00+0x7f]
J 6340 C1 sun.reflect.NativeMethodAccessorImpl.invoke(Ljava/lang/Object;[Ljava/lang/Object;)Ljava/lang/Object; (104 bytes) @ 0x00000000028fff64 [0x00000000028fedc0+0x11a4]
J 6211 C2 java.lang.reflect.Method.invoke(Ljava/lang/Object;[Ljava/lang/Object;)Ljava/lang/Object; (62 bytes) @ 0x0000000002974b44 [0x0000000002974ac0+0x84]
J 3478 C1 org.gradle.internal.reflect.JavaMethod.invoke(Ljava/lang/Object;[Ljava/lang/Object;)Ljava/lang/Object; (74 bytes) @ 0x000000000259623c [0x0000000002596120+0x11c]
j  org.gradle.api.internal.project.taskfactory.AnnotationProcessingTaskFactory$PropertyInfo$4.create()Ljava/lang/Object;+25
j  org.gradle.util.SingleMessageLogger.whileDisabled(Lorg/gradle/internal/Factory;)Ljava/lang/Object;+11
j  org.gradle.api.internal.project.taskfactory.AnnotationProcessingTaskFactory$PropertyInfo.getValue(Ljava/lang/Object;)Lorg/gradle/api/internal/project/taskfactory/AnnotationProcessingTaskFactory$PropertyValue;+49
j  org.gradle.api.internal.project.taskfactory.AnnotationProcessingTaskFactory$Validator.validate(Lorg/gradle/api/internal/TaskInternal;Ljava/util/Collection;)V+45
j  org.gradle.api.internal.tasks.execution.ValidatingTaskExecuter.execute(Lorg/gradle/api/internal/TaskInternal;Lorg/gradle/api/internal/tasks/TaskStateInternal;Lorg/gradle/api/internal/tasks/TaskExecutionContext;)V+49
j  org.gradle.api.internal.tasks.execution.SkipEmptySourceFilesTaskExecuter.execute(Lorg/gradle/api/internal/TaskInternal;Lorg/gradle/api/internal/tasks/TaskStateInternal;Lorg/gradle/api/internal/tasks/TaskExecutionContext;)V+111
j  org.gradle.api.internal.tasks.execution.SkipTaskWithNoActionsExecuter.execute(Lorg/gradle/api/internal/TaskInternal;Lorg/gradle/api/internal/tasks/TaskStateInternal;Lorg/gradle/api/internal/tasks/TaskExecutionContext;)V+110
j  org.gradle.api.internal.tasks.execution.SkipOnlyIfTaskExecuter.execute(Lorg/gradle/api/internal/TaskInternal;Lorg/gradle/api/internal/tasks/TaskStateInternal;Lorg/gradle/api/internal/tasks/TaskExecutionContext;)V+84
j  org.gradle.api.internal.tasks.execution.ExecuteAtMostOnceTaskExecuter.execute(Lorg/gradle/api/internal/TaskInternal;Lorg/gradle/api/internal/tasks/TaskStateInternal;Lorg/gradle/api/internal/tasks/TaskExecutionContext;)V+26
j  org.gradle.execution.taskgraph.DefaultTaskGraphExecuter$EventFiringTaskWorker.execute(Lorg/gradle/api/internal/TaskInternal;)V+106
j  org.gradle.execution.taskgraph.DefaultTaskGraphExecuter$EventFiringTaskWorker.execute(Ljava/lang/Object;)V+5
j  org.gradle.execution.taskgraph.AbstractTaskPlanExecutor$TaskExecutorWorker.processTask(Lorg/gradle/execution/taskgraph/TaskInfo;)V+8
j  org.gradle.execution.taskgraph.AbstractTaskPlanExecutor$TaskExecutorWorker.run()V+56
j  org.gradle.execution.taskgraph.DefaultTaskPlanExecutor.process(Lorg/gradle/execution/taskgraph/TaskExecutionPlan;Lorg/gradle/api/Action;)V+6
j  org.gradle.execution.taskgraph.DefaultTaskGraphExecuter.execute()V+65
j  org.gradle.execution.SelectedTaskExecutionAction.execute(Lorg/gradle/execution/BuildExecutionContext;)V+55
j  org.gradle.execution.DefaultBuildExecuter.execute(Lorg/gradle/api/internal/GradleInternal;I)V+37
j  org.gradle.execution.DefaultBuildExecuter.access$000(Lorg/gradle/execution/DefaultBuildExecuter;Lorg/gradle/api/internal/GradleInternal;I)V+3
j  org.gradle.execution.DefaultBuildExecuter$1.proceed()V+14
j  org.gradle.execution.DryRunBuildExecutionAction.execute(Lorg/gradle/execution/BuildExecutionContext;)V+68
j  org.gradle.execution.DefaultBuildExecuter.execute(Lorg/gradle/api/internal/GradleInternal;I)V+37
j  org.gradle.execution.DefaultBuildExecuter.execute(Lorg/gradle/api/internal/GradleInternal;)V+3
j  org.gradle.initialization.DefaultGradleLauncher$4.run()V+14
J 3203 C1 org.gradle.internal.Factories$1.create()Ljava/lang/Object; (11 bytes) @ 0x0000000002f6d504 [0x0000000002f6d400+0x104]
j  org.gradle.internal.progress.DefaultBuildOperationExecutor.run(Lorg/gradle/internal/progress/BuildOperationDetails;Lorg/gradle/internal/Factory;)Ljava/lang/Object;+171
j  org.gradle.internal.progress.DefaultBuildOperationExecutor.run(Ljava/lang/String;Ljava/lang/Runnable;)V+12
j  org.gradle.initialization.DefaultGradleLauncher.doBuildStages(Lorg/gradle/initialization/DefaultGradleLauncher$Stage;)V+85
j  org.gradle.initialization.DefaultGradleLauncher.access$200(Lorg/gradle/initialization/DefaultGradleLauncher;Lorg/gradle/initialization/DefaultGradleLauncher$Stage;)V+2
j  org.gradle.initialization.DefaultGradleLauncher$1.create()Lorg/gradle/BuildResult;+29
j  org.gradle.initialization.DefaultGradleLauncher$1.create()Ljava/lang/Object;+1
j  org.gradle.internal.progress.DefaultBuildOperationExecutor.run(Lorg/gradle/internal/progress/BuildOperationDetails;Lorg/gradle/internal/Factory;)Ljava/lang/Object;+171
j  org.gradle.internal.progress.DefaultBuildOperationExecutor.run(Ljava/lang/String;Lorg/gradle/internal/Factory;)Ljava/lang/Object;+9
j  org.gradle.initialization.DefaultGradleLauncher.doBuild(Lorg/gradle/initialization/DefaultGradleLauncher$Stage;)Lorg/gradle/BuildResult;+15
j  org.gradle.initialization.DefaultGradleLauncher.run()Lorg/gradle/BuildResult;+4
j  org.gradle.launcher.exec.InProcessBuildActionExecuter$DefaultBuildController.run()Lorg/gradle/api/internal/GradleInternal;+4
j  org.gradle.tooling.internal.provider.runner.BuildModelActionRunner.run(Lorg/gradle/internal/invocation/BuildAction;Lorg/gradle/internal/invocation/BuildController;)V+29
j  org.gradle.launcher.exec.ChainingBuildActionRunner.run(Lorg/gradle/internal/invocation/BuildAction;Lorg/gradle/internal/invocation/BuildController;)V+34
j  org.gradle.tooling.internal.provider.runner.SubscribableBuildActionRunner.run(Lorg/gradle/internal/invocation/BuildAction;Lorg/gradle/internal/invocation/BuildController;)V+37
j  org.gradle.launcher.exec.ChainingBuildActionRunner.run(Lorg/gradle/internal/invocation/BuildAction;Lorg/gradle/internal/invocation/BuildController;)V+34
j  org.gradle.launcher.exec.InProcessBuildActionExecuter.execute(Lorg/gradle/internal/invocation/BuildAction;Lorg/gradle/initialization/BuildRequestContext;Lorg/gradle/launcher/exec/BuildActionParameters;Lorg/gradle/internal/service/ServiceRegistry;)Ljava/lang/Object;+77
j  org.gradle.launcher.exec.InProcessBuildActionExecuter.execute(Lorg/gradle/internal/invocation/BuildAction;Lorg/gradle/initialization/BuildRequestContext;Ljava/lang/Object;Lorg/gradle/internal/service/ServiceRegistry;)Ljava/lang/Object;+9
j  org.gradle.launcher.exec.ContinuousBuildActionExecuter.execute(Lorg/gradle/internal/invocation/BuildAction;Lorg/gradle/initialization/BuildRequestContext;Lorg/gradle/launcher/exec/BuildActionParameters;Lorg/gradle/internal/service/ServiceRegistry;)Ljava/lang/Object;+114
j  org.gradle.launcher.exec.ContinuousBuildActionExecuter.execute(Lorg/gradle/internal/invocation/BuildAction;Lorg/gradle/initialization/BuildRequestContext;Ljava/lang/Object;Lorg/gradle/internal/service/ServiceRegistry;)Ljava/lang/Object;+9
j  org.gradle.launcher.daemon.server.exec.ExecuteBuild.doBuild(Lorg/gradle/launcher/daemon/server/api/DaemonCommandExecution;Lorg/gradle/launcher/daemon/protocol/Build;)V+74
j  org.gradle.launcher.daemon.server.exec.BuildCommandOnly.execute(Lorg/gradle/launcher/daemon/server/api/DaemonCommandExecution;)V+49
j  org.gradle.launcher.daemon.server.api.DaemonCommandExecution.proceed()Z+28
j  org.gradle.launcher.daemon.server.exec.WatchForDisconnection.execute(Lorg/gradle/launcher/daemon/server/api/DaemonCommandExecution;)V+19
j  org.gradle.launcher.daemon.server.api.DaemonCommandExecution.proceed()Z+28
j  org.gradle.launcher.daemon.server.exec.ResetDeprecationLogger.execute(Lorg/gradle/launcher/daemon/server/api/DaemonCommandExecution;)V+4
j  org.gradle.launcher.daemon.server.api.DaemonCommandExecution.proceed()Z+28
j  org.gradle.launcher.daemon.server.exec.RequestStopIfSingleUsedDaemon.execute(Lorg/gradle/launcher/daemon/server/api/DaemonCommandExecution;)V+31
j  org.gradle.launcher.daemon.server.api.DaemonCommandExecution.proceed()Z+28
j  org.gradle.launcher.daemon.server.exec.ForwardClientInput$2.call()Ljava/lang/Void;+4
j  org.gradle.launcher.daemon.server.exec.ForwardClientInput$2.call()Ljava/lang/Object;+1
j  org.gradle.util.Swapper.swap(Ljava/lang/Object;Ljava/util/concurrent/Callable;)Ljava/lang/Object;+21
j  org.gradle.launcher.daemon.server.exec.ForwardClientInput.execute(Lorg/gradle/launcher/daemon/server/api/DaemonCommandExecution;)V+63
j  org.gradle.launcher.daemon.server.api.DaemonCommandExecution.proceed()Z+28
j  org.gradle.launcher.daemon.server.health.DaemonHealthTracker.execute(Lorg/gradle/launcher/daemon/server/api/DaemonCommandExecution;)V+35
j  org.gradle.launcher.daemon.server.api.DaemonCommandExecution.proceed()Z+28
j  org.gradle.launcher.daemon.server.exec.LogToClient.doBuild(Lorg/gradle/launcher/daemon/server/api/DaemonCommandExecution;Lorg/gradle/launcher/daemon/protocol/Build;)V+87
j  org.gradle.launcher.daemon.server.exec.BuildCommandOnly.execute(Lorg/gradle/launcher/daemon/server/api/DaemonCommandExecution;)V+49
j  org.gradle.launcher.daemon.server.api.DaemonCommandExecution.proceed()Z+28
j  org.gradle.launcher.daemon.server.exec.EstablishBuildEnvironment.doBuild(Lorg/gradle/launcher/daemon/server/api/DaemonCommandExecution;Lorg/gradle/launcher/daemon/protocol/Build;)V+279
j  org.gradle.launcher.daemon.server.exec.BuildCommandOnly.execute(Lorg/gradle/launcher/daemon/server/api/DaemonCommandExecution;)V+49
j  org.gradle.launcher.daemon.server.api.DaemonCommandExecution.proceed()Z+28
j  org.gradle.launcher.daemon.server.health.HintGCAfterBuild.execute(Lorg/gradle/launcher/daemon/server/api/DaemonCommandExecution;)V+1
j  org.gradle.launcher.daemon.server.api.DaemonCommandExecution.proceed()Z+28
j  org.gradle.launcher.daemon.server.exec.StartBuildOrRespondWithBusy$1.run()V+44
j  org.gradle.launcher.daemon.server.DaemonStateCoordinator$1.run()V+4
j  org.gradle.internal.concurrent.ExecutorPolicy$CatchAndRecordFailures.onExecute(Ljava/lang/Runnable;)V+1
j  org.gradle.internal.concurrent.StoppableExecutorImpl$1.run()V+25
j  java.util.concurrent.ThreadPoolExecutor.runWorker(Ljava/util/concurrent/ThreadPoolExecutor$Worker;)V+95
j  java.util.concurrent.ThreadPoolExecutor$Worker.run()V+5
j  java.lang.Thread.run()V+11
v  ~StubRoutines::call_stub

---------------  P R O C E S S  ---------------

Java Threads: ( => current thread )
  0x000000001c181800 JavaThread "Stdin handler" [_thread_blocked, id=5772, stack(0x000000001fd20000,0x000000001fe20000)]
  0x000000001c17d800 JavaThread "Asynchronous log dispatcher for org.gradle.launcher.daemon.server.DefaultDaemonConnection@5fc49a92" [_thread_blocked, id=6368, stack(0x000000001fc20000,0x000000001fd20000)]
  0x000000001c17f000 JavaThread "Cancel handler" [_thread_blocked, id=6700, stack(0x000000001fb20000,0x000000001fc20000)]
  0x000000001c17b000 JavaThread "Handler for socket connection from /127.0.0.1:9197 to /127.0.0.1:9206" [_thread_in_native, id=3800, stack(0x000000001efd0000,0x000000001f0d0000)]
  0x000000001b9c4000 JavaThread "pool-2-thread-1" [_thread_blocked, id=11048, stack(0x000000001ccb0000,0x000000001cdb0000)]
  0x00000000188e2000 JavaThread "File lock request listener" [_thread_in_native, id=7540, stack(0x000000001aa10000,0x000000001ab10000)]
=>0x00000000189ce800 JavaThread "Daemon worker" [_thread_in_vm, id=3148, stack(0x000000001a110000,0x000000001a210000)]
  0x0000000018c01800 JavaThread "Daemon" [_thread_blocked, id=8932, stack(0x0000000019e10000,0x0000000019f10000)]
  0x00000000187d4800 JavaThread "pool-1-thread-1" [_thread_blocked, id=6968, stack(0x0000000019d10000,0x0000000019e10000)]
  0x0000000018c38000 JavaThread "Incoming local TCP Connector on port 9197" [_thread_in_native, id=10356, stack(0x00000000198e0000,0x00000000199e0000)]
  0x0000000017738800 JavaThread "Service Thread" daemon [_thread_blocked, id=368, stack(0x0000000017b10000,0x0000000017c10000)]
  0x0000000015db8800 JavaThread "C1 CompilerThread2" daemon [_thread_blocked, id=8420, stack(0x0000000017610000,0x0000000017710000)]
  0x0000000015dad800 JavaThread "C2 CompilerThread1" daemon [_thread_blocked, id=2664, stack(0x0000000017510000,0x0000000017610000)]
  0x0000000015dab000 JavaThread "C2 CompilerThread0" daemon [_thread_blocked, id=9660, stack(0x0000000017410000,0x0000000017510000)]
  0x0000000015daa000 JavaThread "Attach Listener" daemon [_thread_blocked, id=9872, stack(0x0000000017310000,0x0000000017410000)]
  0x0000000015da8800 JavaThread "Signal Dispatcher" daemon [_thread_blocked, id=5724, stack(0x0000000017210000,0x0000000017310000)]
  0x000000000241b000 JavaThread "Finalizer" daemon [_thread_blocked, id=7232, stack(0x0000000017010000,0x0000000017110000)]
  0x000000000240f800 JavaThread "Reference Handler" daemon [_thread_blocked, id=11200, stack(0x0000000016f10000,0x0000000017010000)]
  0x0000000002320800 JavaThread "main" [_thread_blocked, id=4948, stack(0x0000000002210000,0x0000000002310000)]

Other Threads:
  0x0000000015d75000 VMThread [stack: 0x0000000016e10000,0x0000000016f10000] [id=4752]
  0x000000001773b000 WatcherThread [stack: 0x0000000017c10000,0x0000000017d10000] [id=5412]

VM state:not at safepoint (normal execution)

VM Mutex/Monitor currently owned by a thread: None

Heap:
 PSYoungGen      total 214528K, used 123622K [0x00000000e0000000, 0x00000000eed80000, 0x0000000100000000)
  eden space 193536K, 63% used [0x00000000e0000000,0x00000000e78b9bf0,0x00000000ebd00000)
  from space 20992K, 0% used [0x00000000ebd00000,0x00000000ebd00000,0x00000000ed180000)
  to   space 20992K, 0% used [0x00000000ed900000,0x00000000ed900000,0x00000000eed80000)
 ParOldGen       total 79872K, used 40205K [0x00000000a0000000, 0x00000000a4e00000, 0x00000000e0000000)
  object space 79872K, 50% used [0x00000000a0000000,0x00000000a2743430,0x00000000a4e00000)
 Metaspace       used 53793K, capacity 55864K, committed 56112K, reserved 1097728K
  class space    used 7287K, capacity 7721K, committed 7728K, reserved 1048576K

Card table byte_map: [0x00000000117e0000,0x0000000011af0000] byte_map_base: 0x00000000112e0000

Marking Bits: (ParMarkBitMap*) 0x0000000071bb9d00
 Begin Bits: [0x00000000120f0000, 0x00000000138f0000)
 End Bits:   [0x00000000138f0000, 0x00000000150f0000)

Polling page: 0x00000000021e0000

CodeCache: size=245760Kb used=23635Kb max_used=23635Kb free=222124Kb
 bounds [0x0000000002420000, 0x0000000003b50000, 0x0000000011420000]
 total_blobs=7477 nmethods=6771 adapters=619
 compilation: enabled

Compilation events (10 events):
Event: 24.384 Thread 0x0000000015db8800 7763       3       java.io.ObjectStreamClass::setPrimFieldValues (10 bytes)
Event: 24.384 Thread 0x0000000015db8800 nmethod 7763 0x0000000003b43010 code [0x0000000003b43180, 0x0000000003b43328]
Event: 24.387 Thread 0x0000000015db8800 7764       1       org.gradle.api.internal.project.taskfactory.AnnotationProcessingTaskFactory$PropertyInfo$5::getValue (5 bytes)
Event: 24.387 Thread 0x0000000015db8800 nmethod 7764 0x0000000003b44310 code [0x0000000003b44460, 0x0000000003b44570]
Event: 24.412 Thread 0x0000000015db8800 7765   !   3       com.sun.org.apache.xerces.internal.parsers.XML11Configuration::setFeature (155 bytes)
Event: 24.414 Thread 0x0000000015db8800 nmethod 7765 0x0000000003b49190 code [0x0000000003b49460, 0x0000000003b4aab8]
Event: 24.414 Thread 0x0000000015db8800 7766       3       com.sun.org.apache.xerces.internal.utils.XMLSecurityManager::getLimit (10 bytes)
Event: 24.414 Thread 0x0000000015db8800 nmethod 7766 0x0000000003b43e90 code [0x0000000003b44000, 0x0000000003b44210]
Event: 24.420 Thread 0x0000000015db8800 7767       3       com.sun.org.apache.xerces.internal.impl.XMLEntityScanner::skipSpaces (313 bytes)
Event: 24.422 Thread 0x0000000015db8800 nmethod 7767 0x0000000003b46790 code [0x0000000003b469a0, 0x0000000003b475d8]

GC Heap History (10 events):
Event: 11.778 GC heap before
{Heap before GC invocations=10 (full 2):
 PSYoungGen      total 163328K, used 9716K [0x00000000e0000000, 0x00000000ec500000, 0x0000000100000000)
  eden space 153600K, 0% used [0x00000000e0000000,0x00000000e0000000,0x00000000e9600000)
  from space 9728K, 99% used [0x00000000ea180000,0x00000000eaafd160,0x00000000eab00000)
  to   space 11776K, 0% used [0x00000000e9600000,0x00000000e9600000,0x00000000ea180000)
 ParOldGen       total 51712K, used 10180K [0x00000000a0000000, 0x00000000a3280000, 0x00000000e0000000)
  object space 51712K, 19% used [0x00000000a0000000,0x00000000a09f10b0,0x00000000a3280000)
 Metaspace       used 34611K, capacity 35300K, committed 35496K, reserved 1079296K
  class space    used 4653K, capacity 4829K, committed 4912K, reserved 1048576K
Event: 11.943 GC heap after
Heap after GC invocations=10 (full 2):
 PSYoungGen      total 163328K, used 0K [0x00000000e0000000, 0x00000000ec500000, 0x0000000100000000)
  eden space 153600K, 0% used [0x00000000e0000000,0x00000000e0000000,0x00000000e9600000)
  from space 9728K, 0% used [0x00000000ea180000,0x00000000ea180000,0x00000000eab00000)
  to   space 11776K, 0% used [0x00000000e9600000,0x00000000e9600000,0x00000000ea180000)
 ParOldGen       total 79872K, used 18992K [0x00000000a0000000, 0x00000000a4e00000, 0x00000000e0000000)
  object space 79872K, 23% used [0x00000000a0000000,0x00000000a128c3d8,0x00000000a4e00000)
 Metaspace       used 34611K, capacity 35300K, committed 35496K, reserved 1079296K
  class space    used 4653K, capacity 4829K, committed 4912K, reserved 1048576K
}
Event: 14.817 GC heap before
{Heap before GC invocations=11 (full 2):
 PSYoungGen      total 163328K, used 153600K [0x00000000e0000000, 0x00000000ec500000, 0x0000000100000000)
  eden space 153600K, 100% used [0x00000000e0000000,0x00000000e9600000,0x00000000e9600000)
  from space 9728K, 0% used [0x00000000ea180000,0x00000000ea180000,0x00000000eab00000)
  to   space 11776K, 0% used [0x00000000e9600000,0x00000000e9600000,0x00000000ea180000)
 ParOldGen       total 79872K, used 18992K [0x00000000a0000000, 0x00000000a4e00000, 0x00000000e0000000)
  object space 79872K, 23% used [0x00000000a0000000,0x00000000a128c3d8,0x00000000a4e00000)
 Metaspace       used 44509K, capacity 45582K, committed 45744K, reserved 1089536K
  class space    used 5974K, capacity 6241K, committed 6320K, reserved 1048576K
Event: 14.861 GC heap after
Heap after GC invocations=11 (full 2):
 PSYoungGen      total 165376K, used 11753K [0x00000000e0000000, 0x00000000edf80000, 0x0000000100000000)
  eden space 153600K, 0% used [0x00000000e0000000,0x00000000e0000000,0x00000000e9600000)
  from space 11776K, 99% used [0x00000000e9600000,0x00000000ea17a768,0x00000000ea180000)
  to   space 14336K, 0% used [0x00000000ed180000,0x00000000ed180000,0x00000000edf80000)
 ParOldGen       total 79872K, used 21480K [0x00000000a0000000, 0x00000000a4e00000, 0x00000000e0000000)
  object space 79872K, 26% used [0x00000000a0000000,0x00000000a14fa3d0,0x00000000a4e00000)
 Metaspace       used 44509K, capacity 45582K, committed 45744K, reserved 1089536K
  class space    used 5974K, capacity 6241K, committed 6320K, reserved 1048576K
}
Event: 17.375 GC heap before
{Heap before GC invocations=12 (full 2):
 PSYoungGen      total 165376K, used 165353K [0x00000000e0000000, 0x00000000edf80000, 0x0000000100000000)
  eden space 153600K, 100% used [0x00000000e0000000,0x00000000e9600000,0x00000000e9600000)
  from space 11776K, 99% used [0x00000000e9600000,0x00000000ea17a768,0x00000000ea180000)
  to   space 14336K, 0% used [0x00000000ed180000,0x00000000ed180000,0x00000000edf80000)
 ParOldGen       total 79872K, used 21480K [0x00000000a0000000, 0x00000000a4e00000, 0x00000000e0000000)
  object space 79872K, 26% used [0x00000000a0000000,0x00000000a14fa3d0,0x00000000a4e00000)
 Metaspace       used 50481K, capacity 52084K, committed 52400K, reserved 1093632K
  class space    used 6876K, capacity 7260K, committed 7344K, reserved 1048576K
Event: 17.450 GC heap after
Heap after GC invocations=12 (full 2):
 PSYoungGen      total 207872K, used 14323K [0x00000000e0000000, 0x00000000eed80000, 0x0000000100000000)
  eden space 193536K, 0% used [0x00000000e0000000,0x00000000e0000000,0x00000000ebd00000)
  from space 14336K, 99% used [0x00000000ed180000,0x00000000edf7ce88,0x00000000edf80000)
  to   space 20992K, 0% used [0x00000000ebd00000,0x00000000ebd00000,0x00000000ed180000)
 ParOldGen       total 79872K, used 35173K [0x00000000a0000000, 0x00000000a4e00000, 0x00000000e0000000)
  object space 79872K, 44% used [0x00000000a0000000,0x00000000a2259748,0x00000000a4e00000)
 Metaspace       used 50481K, capacity 52084K, committed 52400K, reserved 1093632K
  class space    used 6876K, capacity 7260K, committed 7344K, reserved 1048576K
}
Event: 18.003 GC heap before
{Heap before GC invocations=13 (full 2):
 PSYoungGen      total 207872K, used 37736K [0x00000000e0000000, 0x00000000eed80000, 0x0000000100000000)
  eden space 193536K, 12% used [0x00000000e0000000,0x00000000e16dd350,0x00000000ebd00000)
  from space 14336K, 99% used [0x00000000ed180000,0x00000000edf7ce88,0x00000000edf80000)
  to   space 20992K, 0% used [0x00000000ebd00000,0x00000000ebd00000,0x00000000ed180000)
 ParOldGen       total 79872K, used 35173K [0x00000000a0000000, 0x00000000a4e00000, 0x00000000e0000000)
  object space 79872K, 44% used [0x00000000a0000000,0x00000000a2259748,0x00000000a4e00000)
 Metaspace       used 51822K, capacity 53782K, committed 53936K, reserved 1095680K
  class space    used 7105K, capacity 7580K, committed 7600K, reserved 1048576K
Event: 18.045 GC heap after
Heap after GC invocations=13 (full 2):
 PSYoungGen      total 214528K, used 2625K [0x00000000e0000000, 0x00000000eed80000, 0x0000000100000000)
  eden space 193536K, 0% used [0x00000000e0000000,0x00000000e0000000,0x00000000ebd00000)
  from space 20992K, 12% used [0x00000000ebd00000,0x00000000ebf90530,0x00000000ed180000)
  to   space 20992K, 0% used [0x00000000ed900000,0x00000000ed900000,0x00000000eed80000)
 ParOldGen       total 79872K, used 49410K [0x00000000a0000000, 0x00000000a4e00000, 0x00000000e0000000)
  object space 79872K, 61% used [0x00000000a0000000,0x00000000a3040810,0x00000000a4e00000)
 Metaspace       used 51822K, capacity 53782K, committed 53936K, reserved 1095680K
  class space    used 7105K, capacity 7580K, committed 7600K, reserved 1048576K
}
Event: 18.045 GC heap before
{Heap before GC invocations=14 (full 3):
 PSYoungGen      total 214528K, used 2625K [0x00000000e0000000, 0x00000000eed80000, 0x0000000100000000)
  eden space 193536K, 0% used [0x00000000e0000000,0x00000000e0000000,0x00000000ebd00000)
  from space 20992K, 12% used [0x00000000ebd00000,0x00000000ebf90530,0x00000000ed180000)
  to   space 20992K, 0% used [0x00000000ed900000,0x00000000ed900000,0x00000000eed80000)
 ParOldGen       total 79872K, used 49410K [0x00000000a0000000, 0x00000000a4e00000, 0x00000000e0000000)
  object space 79872K, 61% used [0x00000000a0000000,0x00000000a3040810,0x00000000a4e00000)
 Metaspace       used 51822K, capacity 53782K, committed 53936K, reserved 1095680K
  class space    used 7105K, capacity 7580K, committed 7600K, reserved 1048576K
Event: 18.495 GC heap after
Heap after GC invocations=14 (full 3):
 PSYoungGen      total 214528K, used 0K [0x00000000e0000000, 0x00000000eed80000, 0x0000000100000000)
  eden space 193536K, 0% used [0x00000000e0000000,0x00000000e0000000,0x00000000ebd00000)
  from space 20992K, 0% used [0x00000000ebd00000,0x00000000ebd00000,0x00000000ed180000)
  to   space 20992K, 0% used [0x00000000ed900000,0x00000000ed900000,0x00000000eed80000)
 ParOldGen       total 79872K, used 40205K [0x00000000a0000000, 0x00000000a4e00000, 0x00000000e0000000)
  object space 79872K, 50% used [0x00000000a0000000,0x00000000a2743430,0x00000000a4e00000)
 Metaspace       used 51822K, capacity 53782K, committed 53936K, reserved 1095680K
  class space    used 7105K, capacity 7580K, committed 7600K, reserved 1048576K
}

Deoptimization events (10 events):
Event: 23.942 Thread 0x00000000189ce800 Uncommon trap: reason=class_check action=maybe_recompile pc=0x0000000002c7e448 method=com.google.common.collect.AbstractMapBasedMultimap.put(Ljava/lang/Object;Ljava/lang/Object;)Z @ 10
Event: 23.942 Thread 0x00000000189ce800 Uncommon trap: reason=class_check action=maybe_recompile pc=0x0000000002c7e448 method=com.google.common.collect.AbstractMapBasedMultimap.put(Ljava/lang/Object;Ljava/lang/Object;)Z @ 10
Event: 23.942 Thread 0x00000000189ce800 Uncommon trap: reason=class_check action=maybe_recompile pc=0x0000000002c7e448 method=com.google.common.collect.AbstractMapBasedMultimap.put(Ljava/lang/Object;Ljava/lang/Object;)Z @ 10
Event: 24.042 Thread 0x00000000189ce800 Uncommon trap: reason=unstable_if action=reinterpret pc=0x000000000284b34c method=java.util.concurrent.ConcurrentHashMap.get(Ljava/lang/Object;)Ljava/lang/Object; @ 76
Event: 24.042 Thread 0x00000000189ce800 Uncommon trap: reason=class_check action=maybe_recompile pc=0x0000000002bfa650 method=java.util.concurrent.ConcurrentHashMap.putVal(Ljava/lang/Object;Ljava/lang/Object;Z)Ljava/lang/Object; @ 192
Event: 24.076 Thread 0x00000000189ce800 Uncommon trap: reason=unstable_if action=reinterpret pc=0x0000000002be3bf4 method=java.lang.String.regionMatches(ZILjava/lang/String;II)Z @ 102
Event: 24.267 Thread 0x00000000189ce800 Uncommon trap: reason=unstable_if action=reinterpret pc=0x0000000003a56fb8 method=com.esotericsoftware.kryo.io.Output.writeByte(B)V @ 8
Event: 24.419 Thread 0x00000000189ce800 Uncommon trap: reason=unstable_if action=reinterpret pc=0x000000000342f510 method=com.sun.org.apache.xerces.internal.impl.XMLEntityScanner.skipSpaces()Z @ 75
Event: 24.420 Thread 0x00000000189ce800 Uncommon trap: reason=unstable_if action=reinterpret pc=0x00000000033a502c method=com.sun.org.apache.xerces.internal.impl.XMLEntityScanner.peekChar()I @ 51
Event: 24.420 Thread 0x00000000189ce800 Uncommon trap: reason=unstable_if action=reinterpret pc=0x00000000032dda94 method=com.sun.org.apache.xerces.internal.impl.XMLEntityScanner.scanContent(Lcom/sun/org/apache/xerces/internal/xni/XMLString;)I @ 160

Internal exceptions (10 events):
Event: 23.185 Thread 0x00000000189ce800 Exception <a 'sun/nio/fs/WindowsException'> (0x00000000e553cc48) thrown at [C:\src\android\AOSP-openjdk\external\jetbrains\jdk\hotspot\src\share\vm\prims\jni.cpp, line 709]
Event: 23.186 Thread 0x00000000189ce800 Exception <a 'sun/nio/fs/WindowsException'> (0x00000000e55402a0) thrown at [C:\src\android\AOSP-openjdk\external\jetbrains\jdk\hotspot\src\share\vm\prims\jni.cpp, line 709]
Event: 23.186 Thread 0x00000000189ce800 Exception <a 'sun/nio/fs/WindowsException'> (0x00000000e5540db8) thrown at [C:\src\android\AOSP-openjdk\external\jetbrains\jdk\hotspot\src\share\vm\prims\jni.cpp, line 709]
Event: 23.186 Thread 0x00000000189ce800 Exception <a 'sun/nio/fs/WindowsException'> (0x00000000e5542908) thrown at [C:\src\android\AOSP-openjdk\external\jetbrains\jdk\hotspot\src\share\vm\prims\jni.cpp, line 709]
Event: 23.186 Thread 0x00000000189ce800 Exception <a 'sun/nio/fs/WindowsException'> (0x00000000e5543460) thrown at [C:\src\android\AOSP-openjdk\external\jetbrains\jdk\hotspot\src\share\vm\prims\jni.cpp, line 709]
Event: 24.002 Thread 0x00000000189ce800 Exception <a 'java/lang/NoSuchMethodError': <clinit>> (0x00000000e6fa1bd8) thrown at [C:\src\android\AOSP-openjdk\external\jetbrains\jdk\hotspot\src\share\vm\prims\jni.cpp, line 1591]
Event: 24.005 Thread 0x00000000189ce800 Exception <a 'java/lang/NoSuchMethodError': <clinit>> (0x00000000e6faeb88) thrown at [C:\src\android\AOSP-openjdk\external\jetbrains\jdk\hotspot\src\share\vm\prims\jni.cpp, line 1591]
Event: 24.032 Thread 0x00000000189ce800 Exception <a 'java/lang/NoSuchMethodError': <clinit>> (0x00000000e70ac3d0) thrown at [C:\src\android\AOSP-openjdk\external\jetbrains\jdk\hotspot\src\share\vm\prims\jni.cpp, line 1591]
Event: 24.034 Thread 0x00000000189ce800 Exception <a 'java/lang/NoSuchMethodError': <clinit>> (0x00000000e70c4be0) thrown at [C:\src\android\AOSP-openjdk\external\jetbrains\jdk\hotspot\src\share\vm\prims\jni.cpp, line 1591]
Event: 24.035 Thread 0x00000000189ce800 Exception <a 'java/lang/NoSuchMethodError': <clinit>> (0x00000000e70c60f8) thrown at [C:\src\android\AOSP-openjdk\external\jetbrains\jdk\hotspot\src\share\vm\prims\jni.cpp, line 1591]

Events (10 events):
Event: 24.430 loading class com/sun/org/apache/xpath/internal/compiler/FunctionTable done
Event: 24.430 loading class com/sun/org/apache/xpath/internal/functions/FuncCurrent
Event: 24.430 loading class com/sun/org/apache/xpath/internal/functions/Function
Event: 24.430 loading class com/sun/org/apache/xpath/internal/Expression
Event: 24.430 loading class com/sun/org/apache/xpath/internal/ExpressionNode
Event: 24.430 loading class javax/xml/transform/SourceLocator
Event: 24.430 loading class javax/xml/transform/SourceLocator done
Event: 24.430 loading class com/sun/org/apache/xpath/internal/ExpressionNode done
Event: 24.430 loading class com/sun/org/apache/xpath/internal/XPathVisitable
Event: 24.430 loading class com/sun/org/apache/xpath/internal/XPathVisitable done


Dynamic libraries:
0x00007ff71f5e0000 - 0x00007ff71f611000 	C:\Program Files\Android\Android Studio\jre\bin\java.exe
0x00007ffc3b610000 - 0x00007ffc3b7e1000 	C:\WINDOWS\SYSTEM32\ntdll.dll
0x00007ffc3ad40000 - 0x00007ffc3adeb000 	C:\WINDOWS\System32\KERNEL32.DLL
0x00007ffc37ec0000 - 0x00007ffc380dd000 	C:\WINDOWS\System32\KERNELBASE.dll
0x00007ffc38fd0000 - 0x00007ffc39072000 	C:\WINDOWS\System32\ADVAPI32.dll
0x00007ffc3a850000 - 0x00007ffc3a8ee000 	C:\WINDOWS\System32\msvcrt.dll
0x00007ffc39080000 - 0x00007ffc390d9000 	C:\WINDOWS\System32\sechost.dll
0x00007ffc3a960000 - 0x00007ffc3aa81000 	C:\WINDOWS\System32\RPCRT4.dll
0x00007ffc38de0000 - 0x00007ffc38f45000 	C:\WINDOWS\System32\USER32.dll
0x00007ffc37b00000 - 0x00007ffc37b1e000 	C:\WINDOWS\System32\win32u.dll
0x00007ffc3aa90000 - 0x00007ffc3aac4000 	C:\WINDOWS\System32\GDI32.dll
0x00007ffc388c0000 - 0x00007ffc38a42000 	C:\WINDOWS\System32\gdi32full.dll
0x00007ffc2f1a0000 - 0x00007ffc2f419000 	C:\WINDOWS\WinSxS\amd64_microsoft.windows.common-controls_6595b64144ccf1df_6.0.14393.447_none_42191651c6827bb3\COMCTL32.dll
0x00007ffc3b2e0000 - 0x00007ffc3b5a8000 	C:\WINDOWS\System32\combase.dll
0x00007ffc37b90000 - 0x00007ffc37c85000 	C:\WINDOWS\System32\ucrtbase.dll
0x00007ffc37b20000 - 0x00007ffc37b8a000 	C:\WINDOWS\System32\bcryptPrimitives.dll
0x00007ffc390e0000 - 0x00007ffc3910e000 	C:\WINDOWS\System32\IMM32.DLL
0x0000000073010000 - 0x00000000730e2000 	C:\Program Files\Android\Android Studio\jre\jre\bin\msvcr100.dll
0x0000000071400000 - 0x0000000071c34000 	C:\Program Files\Android\Android Studio\jre\jre\bin\server\jvm.dll
0x00007ffc3ab30000 - 0x00007ffc3ab38000 	C:\WINDOWS\System32\PSAPI.DLL
0x00007ffc35a40000 - 0x00007ffc35a49000 	C:\WINDOWS\SYSTEM32\WSOCK32.dll
0x00007ffc34470000 - 0x00007ffc3447a000 	C:\WINDOWS\SYSTEM32\VERSION.dll
0x00007ffc35950000 - 0x00007ffc35973000 	C:\WINDOWS\SYSTEM32\WINMM.dll
0x00007ffc38f60000 - 0x00007ffc38fca000 	C:\WINDOWS\System32\WS2_32.dll
0x00007ffc35920000 - 0x00007ffc3594b000 	C:\WINDOWS\SYSTEM32\WINMMBASE.dll
0x00007ffc38870000 - 0x00007ffc388b2000 	C:\WINDOWS\System32\cfgmgr32.dll
0x00007ffc32a80000 - 0x00007ffc32a8f000 	C:\Program Files\Android\Android Studio\jre\jre\bin\verify.dll
0x00007ffc2d520000 - 0x00007ffc2d549000 	C:\Program Files\Android\Android Studio\jre\jre\bin\java.dll
0x00007ffc314b0000 - 0x00007ffc314c6000 	C:\Program Files\Android\Android Studio\jre\jre\bin\zip.dll
0x00007ffc391a0000 - 0x00007ffc3a6a9000 	C:\WINDOWS\System32\SHELL32.dll
0x00007ffc380e0000 - 0x00007ffc387ba000 	C:\WINDOWS\System32\windows.storage.dll
0x00007ffc37ab0000 - 0x00007ffc37afc000 	C:\WINDOWS\System32\powrprof.dll
0x00007ffc3a8f0000 - 0x00007ffc3a942000 	C:\WINDOWS\System32\shlwapi.dll
0x00007ffc37aa0000 - 0x00007ffc37aaf000 	C:\WINDOWS\System32\kernel.appcore.dll
0x00007ffc387c0000 - 0x00007ffc38869000 	C:\WINDOWS\System32\shcore.dll
0x00007ffc37a80000 - 0x00007ffc37a94000 	C:\WINDOWS\System32\profapi.dll
0x00007ffc2d410000 - 0x00007ffc2d42a000 	C:\Program Files\Android\Android Studio\jre\jre\bin\net.dll
0x00007ffc373a0000 - 0x00007ffc373fc000 	C:\WINDOWS\system32\mswsock.dll
0x00007ffc2d3f0000 - 0x00007ffc2d401000 	C:\Program Files\Android\Android Studio\jre\jre\bin\nio.dll
0x00007ffc1dce0000 - 0x00007ffc1dcf2000 	C:\Users\Sandy\.gradle\native\19\windows-amd64\native-platform.dll
0x00007ffc37540000 - 0x00007ffc37557000 	C:\WINDOWS\SYSTEM32\CRYPTSP.dll
0x00007ffc36f50000 - 0x00007ffc36f83000 	C:\WINDOWS\system32\rsaenh.dll
0x00007ffc379b0000 - 0x00007ffc379db000 	C:\WINDOWS\SYSTEM32\bcrypt.dll
0x00007ffc37230000 - 0x00007ffc3724f000 	C:\WINDOWS\SYSTEM32\USERENV.dll
0x00007ffc37560000 - 0x00007ffc3756b000 	C:\WINDOWS\SYSTEM32\CRYPTBASE.dll
0x00007ffc37130000 - 0x00007ffc37168000 	C:\WINDOWS\SYSTEM32\IPHLPAPI.DLL
0x00007ffc38f50000 - 0x00007ffc38f58000 	C:\WINDOWS\System32\NSI.dll
0x00007ffc31ff0000 - 0x00007ffc32006000 	C:\WINDOWS\SYSTEM32\dhcpcsvc6.DLL
0x00007ffc31fd0000 - 0x00007ffc31fea000 	C:\WINDOWS\SYSTEM32\dhcpcsvc.DLL
0x00007ffc32a70000 - 0x00007ffc32a7d000 	C:\Program Files\Android\Android Studio\jre\jre\bin\management.dll
0x00007ffc23a80000 - 0x00007ffc23c12000 	C:\WINDOWS\SYSTEM32\dbghelp.dll

VM Arguments:
jvm_args: -Xmx1536m -Dfile.encoding=windows-1252 -Duser.country=IN -Duser.language=en -Duser.variant 
java_command: org.gradle.launcher.daemon.bootstrap.GradleDaemon 2.14.1
java_class_path (initial): C:\Program Files\Android\Android Studio\gradle\gradle-2.14.1\lib\gradle-launcher-2.14.1.jar
Launcher Type: SUN_STANDARD

Environment Variables:
PATH=C:\ProgramData\Oracle\Java\javapath;C:\WINDOWS\system32;C:\WINDOWS;C:\WINDOWS\System32\Wbem;C:\WINDOWS\System32\WindowsPowerShell\v1.0\;C:\Program Files\WIDCOMM\Bluetooth Software\;C:\Program Files\WIDCOMM\Bluetooth Software\syswow64;;C:\Android;C:\Windows\System32;C:\Program Files (x86)\Skype\Phone\;C:\Program Files\Java\jdk1.8.0_112\bin
USERNAME=Sandy
OS=Windows_NT
PROCESSOR_IDENTIFIER=AMD64 Family 21 Model 48 Stepping 1, AuthenticAMD



---------------  S Y S T E M  ---------------

OS: Windows 10.0 , 64 bit Build 14393 (10.0.14393.0)

CPU:total 4 (4 cores per cpu, 1 threads per core) family 21 model 48 stepping 1, cmov, cx8, fxsr, mmx, sse, sse2, sse3, ssse3, sse4.1, sse4.2, popcnt, avx, aes, clmul, mmxext, 3dnowpref, lzcnt, sse4a, tsc, tscinvbit, tscinv, bmi1

Memory: 4k page, physical 7289200k(2996912k free), swap 13417984k(7380128k free)

vm_info: OpenJDK 64-Bit Server VM (25.76-b03) for windows-amd64 JRE (1.8.0_76-release-b03), built on Jun 29 2016 19:09:20 by "ralucas" with MS VC++ 10.0 (VS2010)

time: Mon Mar 06 00:32:13 2017
elapsed time: 24 seconds (0d 0h 0m 24s)

