#
# A fatal error has been detected by the Java Runtime Environment:
#
#  EXCEPTION_ACCESS_VIOLATION (0xc0000005) at pc=0x00000000714349af, pid=1324, tid=0x000000000000121c
#
# JRE version: OpenJDK Runtime Environment (8.0_76-b03) (build 1.8.0_76-release-b03)
# Java VM: OpenJDK 64-Bit Server VM (25.76-b03 mixed mode windows-amd64 compressed oops)
# Problematic frame:
# V  [jvm.dll+0x349af]
#
# Failed to write core dump. Minidumps are not enabled by default on client versions of Windows
#
# If you would like to submit a bug report, please visit:
#   http://bugreport.java.com/bugreport/crash.jsp
#

---------------  T H R E A D  ---------------

Current thread (0x000000001c30e800):  JavaThread "Daemon worker Thread 2" [_thread_in_vm, id=4636, stack(0x0000000020340000,0x0000000020440000)]

siginfo: ExceptionCode=0xc0000005, reading address 0x0000000017fcd5d0

Registers:
RAX=0x0000000017fcd5d0, RBX=0x000000001c30e800, RCX=0x0000000000000000, RDX=0x0000000000330000
RSP=0x0000000020439390, RBP=0x0000000017c9e140, RSI=0x0000000020439a60, RDI=0x0000000000330000
R8 =0x000000001c30e800, R9 =0x0000000000000000, R10=0x0000000000000000, R11=0x0000000000000000
R12=0x0000000000000001, R13=0x0000000000000000, R14=0x0000000000000030, R15=0x0000000000000000
RIP=0x00000000714349af, EFLAGS=0x0000000000010246

Top of Stack: (sp=0x0000000020439390)
0x0000000020439390:   000000001c30e800 0000000020439a60
0x00000000204393a0:   000000001c30e800 0000000017c9e140
0x00000000204393b0:   0000000000000000 000000001c30e800
0x00000000204393c0:   0000000000040000 0000000000000100
0x00000000204393d0:   0000000000003300 0000000000000000
0x00000000204393e0:   0000000000000000 0000000000000000
0x00000000204393f0:   0000000000000000 0000000000000000
0x0000000020439400:   000095d2e739d0ad 0000000000000001
0x0000000020439410:   0000000000000031 0000000000000001
0x0000000020439420:   0000000000000031 0000000020439a60
0x0000000020439430:   0000000017c9e140 0000000020439550
0x0000000020439440:   0000000000000000 000000007143513e
0x0000000020439450:   0000000000000000 0000000020439500
0x0000000020439460:   0000000017c9e101 0000000001280031
0x0000000020439470:   00000000204394d4 00000000204394a8
0x0000000020439480:   00000000204394d8 0000000020439550 

Instructions: (pc=0x00000000714349af)
0x000000007143498f:   06 73 0e 48 8b d3 48 8b cd e8 53 58 00 00 45 33
0x000000007143499f:   db 48 83 7b 08 00 0f 85 c1 03 00 00 48 8b 45 10
0x00000000714349af:   0f b7 08 48 8d 50 02 66 89 4c 24 38 0f b6 44 24
0x00000000714349bf:   39 44 0f b6 e1 66 41 c1 e4 08 48 89 55 10 8b 0a 


Register to memory mapping:

RAX=0x0000000017fcd5d0 is an unknown value
RBX=0x000000001c30e800 is a thread
RCX=0x0000000000000000 is an unknown value
RDX=0x0000000000330000 is an unknown value
RSP=0x0000000020439390 is pointing into the stack for thread: 0x000000001c30e800
RBP=0x0000000017c9e140 is an unknown value
RSI=0x0000000020439a60 is pointing into the stack for thread: 0x000000001c30e800
RDI=0x0000000000330000 is an unknown value
R8 =0x000000001c30e800 is a thread
R9 =0x0000000000000000 is an unknown value
R10=0x0000000000000000 is an unknown value
R11=0x0000000000000000 is an unknown value
R12=0x0000000000000001 is an unknown value
R13=0x0000000000000000 is an unknown value
R14=0x0000000000000030 is an unknown value
R15=0x0000000000000000 is an unknown value


Stack: [0x0000000020340000,0x0000000020440000],  sp=0x0000000020439390,  free space=996k
Native frames: (J=compiled Java code, j=interpreted, Vv=VM code, C=native code)
V  [jvm.dll+0x349af]
V  [jvm.dll+0x3513e]
V  [jvm.dll+0x3913d]
V  [jvm.dll+0x3ce70]
V  [jvm.dll+0x57b4d]
V  [jvm.dll+0x58427]
V  [jvm.dll+0x59af6]
V  [jvm.dll+0x55667]
V  [jvm.dll+0x395df]
V  [jvm.dll+0x3ce70]
V  [jvm.dll+0x57b4d]
V  [jvm.dll+0x58427]
V  [jvm.dll+0x59af6]
V  [jvm.dll+0x55667]
V  [jvm.dll+0x395df]
V  [jvm.dll+0x3ce70]
V  [jvm.dll+0x57b4d]
V  [jvm.dll+0x58427]
V  [jvm.dll+0x59af6]
V  [jvm.dll+0x59b4d]
V  [jvm.dll+0xd0e53]
V  [jvm.dll+0x95bb3]
V  [jvm.dll+0x95cc6]
C  0x0000000002816fed

Java frames: (J=compiled Java code, j=interpreted, Vv=VM code)
j  com.sun.org.apache.xpath.internal.compiler.FunctionTable.<clinit>()V+22
v  ~StubRoutines::call_stub
j  com.sun.org.apache.xpath.internal.XPath.initFunctionTable()V+1
j  com.sun.org.apache.xpath.internal.XPath.<init>(Ljava/lang/String;Ljavax/xml/transform/SourceLocator;Lcom/sun/org/apache/xml/internal/utils/PrefixResolver;ILjavax/xml/transform/ErrorListener;)V+10
j  com.sun.org.apache.xpath.internal.XPath.<init>(Ljava/lang/String;Ljavax/xml/transform/SourceLocator;Lcom/sun/org/apache/xml/internal/utils/PrefixResolver;I)V+7
j  com.sun.org.apache.xpath.internal.jaxp.XPathImpl.eval(Ljava/lang/String;Ljava/lang/Object;)Lcom/sun/org/apache/xpath/internal/objects/XObject;+11
j  com.sun.org.apache.xpath.internal.jaxp.XPathImpl.evaluate(Ljava/lang/String;Ljava/lang/Object;Ljavax/xml/namespace/QName;)Ljava/lang/Object;+99
j  com.android.builder.core.DefaultManifestParser.getStringValues(Ljava/io/File;Ljava/util/Set;)Ljava/util/Map;+53
j  com.android.builder.core.DefaultManifestParser.<init>(Ljava/io/File;)V+104
j  com.android.builder.core.VariantConfiguration.getManifestAttributeSupplier()Lcom/android/builder/core/ManifestAttributeSupplier;+21
j  com.android.builder.core.VariantConfiguration.getPackageFromManifest()Ljava/lang/String;+19
j  com.android.builder.core.VariantConfiguration.getOriginalApplicationId()Ljava/lang/String;+16
j  com.android.build.gradle.tasks.GenerateBuildConfig$ConfigAction$$Lambda$89.call()Ljava/lang/Object;+4
J 7237 C1 org.gradle.util.GUtil.uncheckedCall(Ljava/util/concurrent/Callable;)Ljava/lang/Object; (13 bytes) @ 0x0000000003e2a124 [0x0000000003e2a040+0xe4]
j  org.gradle.api.internal.ConventionAwareHelper$2.getValue(Lorg/gradle/api/plugins/Convention;Lorg/gradle/api/internal/IConventionAware;)Ljava/lang/Object;+4
j  org.gradle.api.internal.ConventionAwareHelper$MappedPropertyImpl.getValue(Lorg/gradle/api/plugins/Convention;Lorg/gradle/api/internal/IConventionAware;)Ljava/lang/Object;+13
J 5607 C2 org.gradle.api.internal.ConventionAwareHelper.getConventionValue(Ljava/lang/Object;Ljava/lang/String;Z)Ljava/lang/Object; (106 bytes) @ 0x00000000039d8eb8 [0x00000000039d89a0+0x518]
j  com.android.build.gradle.tasks.GenerateBuildConfig_Decorated.getBuildConfigPackageName()Ljava/lang/String;+16
v  ~StubRoutines::call_stub
J 1603  sun.reflect.NativeMethodAccessorImpl.invoke0(Ljava/lang/reflect/Method;Ljava/lang/Object;[Ljava/lang/Object;)Ljava/lang/Object; (0 bytes) @ 0x0000000002d6b03f [0x0000000002d6afc0+0x7f]
J 1602 C1 sun.reflect.NativeMethodAccessorImpl.invoke(Ljava/lang/Object;[Ljava/lang/Object;)Ljava/lang/Object; (104 bytes) @ 0x0000000002d6c664 [0x0000000002d6b4c0+0x11a4]
J 6168 C2 java.lang.reflect.Method.invoke(Ljava/lang/Object;[Ljava/lang/Object;)Ljava/lang/Object; (62 bytes) @ 0x0000000003b38c44 [0x0000000003b38bc0+0x84]
J 5939 C1 org.gradle.internal.reflect.JavaMethod.invoke(Ljava/lang/Object;[Ljava/lang/Object;)Ljava/lang/Object; (74 bytes) @ 0x00000000031ca9bc [0x00000000031ca8a0+0x11c]
j  org.gradle.api.internal.project.taskfactory.AnnotationProcessingTaskFactory$PropertyInfo$4.create()Ljava/lang/Object;+25
j  org.gradle.util.SingleMessageLogger.whileDisabled(Lorg/gradle/internal/Factory;)Ljava/lang/Object;+11
j  org.gradle.api.internal.project.taskfactory.AnnotationProcessingTaskFactory$PropertyInfo.getValue(Ljava/lang/Object;)Lorg/gradle/api/internal/project/taskfactory/AnnotationProcessingTaskFactory$PropertyValue;+49
j  org.gradle.api.internal.project.taskfactory.AnnotationProcessingTaskFactory$Validator.validate(Lorg/gradle/api/internal/TaskInternal;Ljava/util/Collection;)V+45
j  org.gradle.api.internal.tasks.execution.ValidatingTaskExecuter.execute(Lorg/gradle/api/internal/TaskInternal;Lorg/gradle/api/internal/tasks/TaskStateInternal;Lorg/gradle/api/internal/tasks/TaskExecutionContext;)V+49
j  org.gradle.api.internal.tasks.execution.SkipEmptySourceFilesTaskExecuter.execute(Lorg/gradle/api/internal/TaskInternal;Lorg/gradle/api/internal/tasks/TaskStateInternal;Lorg/gradle/api/internal/tasks/TaskExecutionContext;)V+111
j  org.gradle.api.internal.tasks.execution.SkipTaskWithNoActionsExecuter.execute(Lorg/gradle/api/internal/TaskInternal;Lorg/gradle/api/internal/tasks/TaskStateInternal;Lorg/gradle/api/internal/tasks/TaskExecutionContext;)V+110
j  org.gradle.api.internal.tasks.execution.SkipOnlyIfTaskExecuter.execute(Lorg/gradle/api/internal/TaskInternal;Lorg/gradle/api/internal/tasks/TaskStateInternal;Lorg/gradle/api/internal/tasks/TaskExecutionContext;)V+84
j  org.gradle.api.internal.tasks.execution.ExecuteAtMostOnceTaskExecuter.execute(Lorg/gradle/api/internal/TaskInternal;Lorg/gradle/api/internal/tasks/TaskStateInternal;Lorg/gradle/api/internal/tasks/TaskExecutionContext;)V+26
j  org.gradle.execution.taskgraph.DefaultTaskGraphExecuter$EventFiringTaskWorker.execute(Lorg/gradle/api/internal/TaskInternal;)V+106
j  org.gradle.execution.taskgraph.DefaultTaskGraphExecuter$EventFiringTaskWorker.execute(Ljava/lang/Object;)V+5
j  org.gradle.execution.taskgraph.AbstractTaskPlanExecutor$TaskExecutorWorker.processTask(Lorg/gradle/execution/taskgraph/TaskInfo;)V+8
j  org.gradle.execution.taskgraph.AbstractTaskPlanExecutor$TaskExecutorWorker.run()V+56
j  org.gradle.execution.taskgraph.DefaultTaskPlanExecutor.process(Lorg/gradle/execution/taskgraph/TaskExecutionPlan;Lorg/gradle/api/Action;)V+6
j  org.gradle.execution.taskgraph.DefaultTaskGraphExecuter.execute()V+65
j  org.gradle.execution.SelectedTaskExecutionAction.execute(Lorg/gradle/execution/BuildExecutionContext;)V+55
j  org.gradle.execution.DefaultBuildExecuter.execute(Lorg/gradle/api/internal/GradleInternal;I)V+37
j  org.gradle.execution.DefaultBuildExecuter.access$000(Lorg/gradle/execution/DefaultBuildExecuter;Lorg/gradle/api/internal/GradleInternal;I)V+3
j  org.gradle.execution.DefaultBuildExecuter$1.proceed()V+14
j  org.gradle.execution.DryRunBuildExecutionAction.execute(Lorg/gradle/execution/BuildExecutionContext;)V+68
j  org.gradle.execution.DefaultBuildExecuter.execute(Lorg/gradle/api/internal/GradleInternal;I)V+37
j  org.gradle.execution.DefaultBuildExecuter.execute(Lorg/gradle/api/internal/GradleInternal;)V+3
j  org.gradle.initialization.DefaultGradleLauncher$4.run()V+14
J 6686 C1 org.gradle.internal.Factories$1.create()Ljava/lang/Object; (11 bytes) @ 0x0000000002b8fe44 [0x0000000002b8fd40+0x104]
j  org.gradle.internal.progress.DefaultBuildOperationExecutor.run(Lorg/gradle/internal/progress/BuildOperationDetails;Lorg/gradle/internal/Factory;)Ljava/lang/Object;+171
j  org.gradle.internal.progress.DefaultBuildOperationExecutor.run(Ljava/lang/String;Ljava/lang/Runnable;)V+12
j  org.gradle.initialization.DefaultGradleLauncher.doBuildStages(Lorg/gradle/initialization/DefaultGradleLauncher$Stage;)V+85
j  org.gradle.initialization.DefaultGradleLauncher.access$200(Lorg/gradle/initialization/DefaultGradleLauncher;Lorg/gradle/initialization/DefaultGradleLauncher$Stage;)V+2
j  org.gradle.initialization.DefaultGradleLauncher$1.create()Lorg/gradle/BuildResult;+29
j  org.gradle.initialization.DefaultGradleLauncher$1.create()Ljava/lang/Object;+1
j  org.gradle.internal.progress.DefaultBuildOperationExecutor.run(Lorg/gradle/internal/progress/BuildOperationDetails;Lorg/gradle/internal/Factory;)Ljava/lang/Object;+171
j  org.gradle.internal.progress.DefaultBuildOperationExecutor.run(Ljava/lang/String;Lorg/gradle/internal/Factory;)Ljava/lang/Object;+9
j  org.gradle.initialization.DefaultGradleLauncher.doBuild(Lorg/gradle/initialization/DefaultGradleLauncher$Stage;)Lorg/gradle/BuildResult;+15
j  org.gradle.initialization.DefaultGradleLauncher.run()Lorg/gradle/BuildResult;+4
j  org.gradle.launcher.exec.InProcessBuildActionExecuter$DefaultBuildController.run()Lorg/gradle/api/internal/GradleInternal;+4
j  org.gradle.tooling.internal.provider.runner.BuildModelActionRunner.run(Lorg/gradle/internal/invocation/BuildAction;Lorg/gradle/internal/invocation/BuildController;)V+29
j  org.gradle.launcher.exec.ChainingBuildActionRunner.run(Lorg/gradle/internal/invocation/BuildAction;Lorg/gradle/internal/invocation/BuildController;)V+34
j  org.gradle.tooling.internal.provider.runner.SubscribableBuildActionRunner.run(Lorg/gradle/internal/invocation/BuildAction;Lorg/gradle/internal/invocation/BuildController;)V+37
j  org.gradle.launcher.exec.ChainingBuildActionRunner.run(Lorg/gradle/internal/invocation/BuildAction;Lorg/gradle/internal/invocation/BuildController;)V+34
j  org.gradle.launcher.exec.InProcessBuildActionExecuter.execute(Lorg/gradle/internal/invocation/BuildAction;Lorg/gradle/initialization/BuildRequestContext;Lorg/gradle/launcher/exec/BuildActionParameters;Lorg/gradle/internal/service/ServiceRegistry;)Ljava/lang/Object;+77
j  org.gradle.launcher.exec.InProcessBuildActionExecuter.execute(Lorg/gradle/internal/invocation/BuildAction;Lorg/gradle/initialization/BuildRequestContext;Ljava/lang/Object;Lorg/gradle/internal/service/ServiceRegistry;)Ljava/lang/Object;+9
j  org.gradle.launcher.exec.ContinuousBuildActionExecuter.execute(Lorg/gradle/internal/invocation/BuildAction;Lorg/gradle/initialization/BuildRequestContext;Lorg/gradle/launcher/exec/BuildActionParameters;Lorg/gradle/internal/service/ServiceRegistry;)Ljava/lang/Object;+114
j  org.gradle.launcher.exec.ContinuousBuildActionExecuter.execute(Lorg/gradle/internal/invocation/BuildAction;Lorg/gradle/initialization/BuildRequestContext;Ljava/lang/Object;Lorg/gradle/internal/service/ServiceRegistry;)Ljava/lang/Object;+9
j  org.gradle.launcher.daemon.server.exec.ExecuteBuild.doBuild(Lorg/gradle/launcher/daemon/server/api/DaemonCommandExecution;Lorg/gradle/launcher/daemon/protocol/Build;)V+74
j  org.gradle.launcher.daemon.server.exec.BuildCommandOnly.execute(Lorg/gradle/launcher/daemon/server/api/DaemonCommandExecution;)V+49
j  org.gradle.launcher.daemon.server.api.DaemonCommandExecution.proceed()Z+28
j  org.gradle.launcher.daemon.server.exec.WatchForDisconnection.execute(Lorg/gradle/launcher/daemon/server/api/DaemonCommandExecution;)V+19
j  org.gradle.launcher.daemon.server.api.DaemonCommandExecution.proceed()Z+28
j  org.gradle.launcher.daemon.server.exec.ResetDeprecationLogger.execute(Lorg/gradle/launcher/daemon/server/api/DaemonCommandExecution;)V+4
j  org.gradle.launcher.daemon.server.api.DaemonCommandExecution.proceed()Z+28
j  org.gradle.launcher.daemon.server.exec.RequestStopIfSingleUsedDaemon.execute(Lorg/gradle/launcher/daemon/server/api/DaemonCommandExecution;)V+31
j  org.gradle.launcher.daemon.server.api.DaemonCommandExecution.proceed()Z+28
j  org.gradle.launcher.daemon.server.exec.ForwardClientInput$2.call()Ljava/lang/Void;+4
j  org.gradle.launcher.daemon.server.exec.ForwardClientInput$2.call()Ljava/lang/Object;+1
j  org.gradle.util.Swapper.swap(Ljava/lang/Object;Ljava/util/concurrent/Callable;)Ljava/lang/Object;+21
j  org.gradle.launcher.daemon.server.exec.ForwardClientInput.execute(Lorg/gradle/launcher/daemon/server/api/DaemonCommandExecution;)V+63
j  org.gradle.launcher.daemon.server.api.DaemonCommandExecution.proceed()Z+28
j  org.gradle.launcher.daemon.server.health.DaemonHealthTracker.execute(Lorg/gradle/launcher/daemon/server/api/DaemonCommandExecution;)V+35
j  org.gradle.launcher.daemon.server.api.DaemonCommandExecution.proceed()Z+28
j  org.gradle.launcher.daemon.server.exec.LogToClient.doBuild(Lorg/gradle/launcher/daemon/server/api/DaemonCommandExecution;Lorg/gradle/launcher/daemon/protocol/Build;)V+87
j  org.gradle.launcher.daemon.server.exec.BuildCommandOnly.execute(Lorg/gradle/launcher/daemon/server/api/DaemonCommandExecution;)V+49
j  org.gradle.launcher.daemon.server.api.DaemonCommandExecution.proceed()Z+28
j  org.gradle.launcher.daemon.server.exec.EstablishBuildEnvironment.doBuild(Lorg/gradle/launcher/daemon/server/api/DaemonCommandExecution;Lorg/gradle/launcher/daemon/protocol/Build;)V+279
j  org.gradle.launcher.daemon.server.exec.BuildCommandOnly.execute(Lorg/gradle/launcher/daemon/server/api/DaemonCommandExecution;)V+49
j  org.gradle.launcher.daemon.server.api.DaemonCommandExecution.proceed()Z+28
j  org.gradle.launcher.daemon.server.health.HintGCAfterBuild.execute(Lorg/gradle/launcher/daemon/server/api/DaemonCommandExecution;)V+1
j  org.gradle.launcher.daemon.server.api.DaemonCommandExecution.proceed()Z+28
j  org.gradle.launcher.daemon.server.exec.StartBuildOrRespondWithBusy$1.run()V+44
j  org.gradle.launcher.daemon.server.DaemonStateCoordinator$1.run()V+4
j  org.gradle.internal.concurrent.ExecutorPolicy$CatchAndRecordFailures.onExecute(Ljava/lang/Runnable;)V+1
j  org.gradle.internal.concurrent.StoppableExecutorImpl$1.run()V+25
j  java.util.concurrent.ThreadPoolExecutor.runWorker(Ljava/util/concurrent/ThreadPoolExecutor$Worker;)V+95
j  java.util.concurrent.ThreadPoolExecutor$Worker.run()V+5
j  java.lang.Thread.run()V+11
v  ~StubRoutines::call_stub

---------------  P R O C E S S  ---------------

Java Threads: ( => current thread )
  0x000000001b104000 JavaThread "Stdin handler" [_thread_blocked, id=10332, stack(0x0000000020540000,0x0000000020640000)]
  0x000000001c308000 JavaThread "Asynchronous log dispatcher for org.gradle.launcher.daemon.server.DefaultDaemonConnection@3ae11931" [_thread_blocked, id=9272, stack(0x0000000020440000,0x0000000020540000)]
=>0x000000001c30e800 JavaThread "Daemon worker Thread 2" [_thread_in_vm, id=4636, stack(0x0000000020340000,0x0000000020440000)]
  0x000000001c30e000 JavaThread "Cancel handler" [_thread_blocked, id=2692, stack(0x0000000020240000,0x0000000020340000)]
  0x000000001c30b000 JavaThread "Handler for socket connection from /127.0.0.1:8703 to /127.0.0.1:8813" [_thread_in_native, id=2300, stack(0x0000000020140000,0x0000000020240000)]
  0x000000001c30a000 JavaThread "Daemon Thread 2" [_thread_blocked, id=8672, stack(0x0000000020040000,0x0000000020140000)]
  0x000000001c309800 JavaThread "pool-2-thread-1" [_thread_blocked, id=6524, stack(0x000000001ece0000,0x000000001ede0000)]
  0x0000000019418000 JavaThread "File lock request listener" [_thread_in_native, id=7256, stack(0x000000001cd00000,0x000000001ce00000)]
  0x0000000018d3f000 JavaThread "pool-1-thread-1" [_thread_blocked, id=8304, stack(0x000000001a060000,0x000000001a160000)]
  0x0000000017c17800 JavaThread "Incoming local TCP Connector on port 8703" [_thread_in_native, id=1320, stack(0x00000000188b0000,0x00000000189b0000)]
  0x0000000017aca000 JavaThread "Service Thread" daemon [_thread_blocked, id=8320, stack(0x0000000017eb0000,0x0000000017fb0000)]
  0x0000000016171000 JavaThread "C1 CompilerThread2" daemon [_thread_blocked, id=4596, stack(0x00000000179b0000,0x0000000017ab0000)]
  0x000000001616d800 JavaThread "C2 CompilerThread1" daemon [_thread_blocked, id=5520, stack(0x00000000178b0000,0x00000000179b0000)]
  0x000000001616b800 JavaThread "C2 CompilerThread0" daemon [_thread_blocked, id=6396, stack(0x00000000177b0000,0x00000000178b0000)]
  0x000000001616a000 JavaThread "Attach Listener" daemon [_thread_blocked, id=8972, stack(0x00000000176b0000,0x00000000177b0000)]
  0x0000000016169000 JavaThread "Signal Dispatcher" daemon [_thread_blocked, id=3516, stack(0x00000000175b0000,0x00000000176b0000)]
  0x000000000278a800 JavaThread "Finalizer" daemon [_thread_blocked, id=7964, stack(0x00000000173c0000,0x00000000174c0000)]
  0x000000000277f800 JavaThread "Reference Handler" daemon [_thread_blocked, id=9224, stack(0x00000000172c0000,0x00000000173c0000)]
  0x0000000002690800 JavaThread "main" [_thread_blocked, id=10012, stack(0x0000000002520000,0x0000000002620000)]

Other Threads:
  0x0000000016135000 VMThread [stack: 0x00000000171c0000,0x00000000172c0000] [id=3800]
  0x0000000017acc000 WatcherThread [stack: 0x0000000017fb0000,0x00000000180b0000] [id=8796]

VM state:not at safepoint (normal execution)

VM Mutex/Monitor currently owned by a thread: None

Heap:
 PSYoungGen      total 172032K, used 122375K [0x00000000e0000000, 0x00000000eca00000, 0x0000000100000000)
  eden space 155136K, 78% used [0x00000000e0000000,0x00000000e7781f10,0x00000000e9780000)
  from space 16896K, 0% used [0x00000000e9780000,0x00000000e9780000,0x00000000ea800000)
  to   space 21504K, 0% used [0x00000000eb500000,0x00000000eb500000,0x00000000eca00000)
 ParOldGen       total 87040K, used 40367K [0x00000000a0000000, 0x00000000a5500000, 0x00000000e0000000)
  object space 87040K, 46% used [0x00000000a0000000,0x00000000a276be20,0x00000000a5500000)
 Metaspace       used 53668K, capacity 55774K, committed 55936K, reserved 1097728K
  class space    used 7254K, capacity 7716K, committed 7808K, reserved 1048576K

Card table byte_map: [0x0000000011bc0000,0x0000000011ed0000] byte_map_base: 0x00000000116c0000

Marking Bits: (ParMarkBitMap*) 0x0000000071bb9d00
 Begin Bits: [0x00000000124d0000, 0x0000000013cd0000)
 End Bits:   [0x0000000013cd0000, 0x00000000154d0000)

Polling page: 0x0000000000de0000

CodeCache: size=245760Kb used=23828Kb max_used=23828Kb free=221931Kb
 bounds [0x0000000002800000, 0x0000000003f70000, 0x0000000011800000]
 total_blobs=7334 nmethods=6627 adapters=619
 compilation: enabled

Compilation events (10 events):
Event: 143.680 Thread 0x0000000016171000 7658       3       java.io.ObjectInputStream$BlockDataInputStream::skipBlockData (32 bytes)
Event: 143.680 Thread 0x0000000016171000 nmethod 7658 0x0000000003f5b1d0 code [0x0000000003f5b360, 0x0000000003f5b6b8]
Event: 143.680 Thread 0x0000000016171000 7657       3       java.io.ObjectInputStream::skipCustomData (103 bytes)
Event: 143.681 Thread 0x0000000016171000 nmethod 7657 0x0000000003f5dc50 code [0x0000000003f5dea0, 0x0000000003f5e7e8]
Event: 143.683 Thread 0x0000000016171000 7659       1       org.gradle.api.internal.project.taskfactory.AnnotationProcessingTaskFactory$PropertyInfo$5::getValue (5 bytes)
Event: 143.684 Thread 0x0000000016171000 nmethod 7659 0x0000000003f59150 code [0x0000000003f592a0, 0x0000000003f593b0]
Event: 143.708 Thread 0x0000000016171000 7660       3       com.sun.org.apache.xerces.internal.utils.XMLSecurityManager::getLimit (10 bytes)
Event: 143.708 Thread 0x0000000016171000 nmethod 7660 0x0000000003f5ad50 code [0x0000000003f5aec0, 0x0000000003f5b0d0]
Event: 143.719 Thread 0x0000000016171000 7661       3       com.sun.org.apache.xerces.internal.impl.XMLEntityScanner::skipSpaces (313 bytes)
Event: 143.721 Thread 0x0000000016171000 nmethod 7661 0x0000000003f5ed10 code [0x0000000003f5ef20, 0x0000000003f5fb58]

GC Heap History (10 events):
Event: 25.108 GC heap before
{Heap before GC invocations=10 (full 2):
 PSYoungGen      total 136192K, used 9720K [0x00000000e0000000, 0x00000000eb380000, 0x0000000100000000)
  eden space 126464K, 0% used [0x00000000e0000000,0x00000000e0000000,0x00000000e7b80000)
  from space 9728K, 99% used [0x00000000e8700000,0x00000000e907e0d0,0x00000000e9080000)
  to   space 11776K, 0% used [0x00000000e7b80000,0x00000000e7b80000,0x00000000e8700000)
 ParOldGen       total 56320K, used 12145K [0x00000000a0000000, 0x00000000a3700000, 0x00000000e0000000)
  object space 56320K, 21% used [0x00000000a0000000,0x00000000a0bdc5c0,0x00000000a3700000)
 Metaspace       used 34620K, capacity 35366K, committed 35496K, reserved 1079296K
  class space    used 4650K, capacity 4856K, committed 4864K, reserved 1048576K
Event: 25.334 GC heap after
Heap after GC invocations=10 (full 2):
 PSYoungGen      total 136192K, used 0K [0x00000000e0000000, 0x00000000eb380000, 0x0000000100000000)
  eden space 126464K, 0% used [0x00000000e0000000,0x00000000e0000000,0x00000000e7b80000)
  from space 9728K, 0% used [0x00000000e8700000,0x00000000e8700000,0x00000000e9080000)
  to   space 11776K, 0% used [0x00000000e7b80000,0x00000000e7b80000,0x00000000e8700000)
 ParOldGen       total 87040K, used 19256K [0x00000000a0000000, 0x00000000a5500000, 0x00000000e0000000)
  object space 87040K, 22% used [0x00000000a0000000,0x00000000a12ce2a0,0x00000000a5500000)
 Metaspace       used 34620K, capacity 35366K, committed 35496K, reserved 1079296K
  class space    used 4650K, capacity 4856K, committed 4864K, reserved 1048576K
}
Event: 29.161 GC heap before
{Heap before GC invocations=11 (full 2):
 PSYoungGen      total 136192K, used 126464K [0x00000000e0000000, 0x00000000eb380000, 0x0000000100000000)
  eden space 126464K, 100% used [0x00000000e0000000,0x00000000e7b80000,0x00000000e7b80000)
  from space 9728K, 0% used [0x00000000e8700000,0x00000000e8700000,0x00000000e9080000)
  to   space 11776K, 0% used [0x00000000e7b80000,0x00000000e7b80000,0x00000000e8700000)
 ParOldGen       total 87040K, used 19256K [0x00000000a0000000, 0x00000000a5500000, 0x00000000e0000000)
  object space 87040K, 22% used [0x00000000a0000000,0x00000000a12ce2a0,0x00000000a5500000)
 Metaspace       used 42965K, capacity 43892K, committed 44160K, reserved 1087488K
  class space    used 5720K, capacity 5942K, committed 6016K, reserved 1048576K
Event: 29.186 GC heap after
Heap after GC invocations=11 (full 2):
 PSYoungGen      total 138240K, used 10458K [0x00000000e0000000, 0x00000000eb480000, 0x0000000100000000)
  eden space 126464K, 0% used [0x00000000e0000000,0x00000000e0000000,0x00000000e7b80000)
  from space 11776K, 88% used [0x00000000e7b80000,0x00000000e85b6b60,0x00000000e8700000)
  to   space 12800K, 0% used [0x00000000ea800000,0x00000000ea800000,0x00000000eb480000)
 ParOldGen       total 87040K, used 19328K [0x00000000a0000000, 0x00000000a5500000, 0x00000000e0000000)
  object space 87040K, 22% used [0x00000000a0000000,0x00000000a12e02b0,0x00000000a5500000)
 Metaspace       used 42965K, capacity 43892K, committed 44160K, reserved 1087488K
  class space    used 5720K, capacity 5942K, committed 6016K, reserved 1048576K
}
Event: 34.729 GC heap before
{Heap before GC invocations=12 (full 2):
 PSYoungGen      total 138240K, used 136922K [0x00000000e0000000, 0x00000000eb480000, 0x0000000100000000)
  eden space 126464K, 100% used [0x00000000e0000000,0x00000000e7b80000,0x00000000e7b80000)
  from space 11776K, 88% used [0x00000000e7b80000,0x00000000e85b6b60,0x00000000e8700000)
  to   space 12800K, 0% used [0x00000000ea800000,0x00000000ea800000,0x00000000eb480000)
 ParOldGen       total 87040K, used 19328K [0x00000000a0000000, 0x00000000a5500000, 0x00000000e0000000)
  object space 87040K, 22% used [0x00000000a0000000,0x00000000a12e02b0,0x00000000a5500000)
 Metaspace       used 49505K, capacity 50878K, committed 51072K, reserved 1093632K
  class space    used 6670K, capacity 6997K, committed 7040K, reserved 1048576K
Event: 34.906 GC heap after
Heap after GC invocations=12 (full 2):
 PSYoungGen      total 167936K, used 12771K [0x00000000e0000000, 0x00000000ec100000, 0x0000000100000000)
  eden space 155136K, 0% used [0x00000000e0000000,0x00000000e0000000,0x00000000e9780000)
  from space 12800K, 99% used [0x00000000ea800000,0x00000000eb478e98,0x00000000eb480000)
  to   space 16896K, 0% used [0x00000000e9780000,0x00000000e9780000,0x00000000ea800000)
 ParOldGen       total 87040K, used 26564K [0x00000000a0000000, 0x00000000a5500000, 0x00000000e0000000)
  object space 87040K, 30% used [0x00000000a0000000,0x00000000a19f1148,0x00000000a5500000)
 Metaspace       used 49505K, capacity 50878K, committed 51072K, reserved 1093632K
  class space    used 6670K, capacity 6997K, committed 7040K, reserved 1048576K
}
Event: 37.240 GC heap before
{Heap before GC invocations=13 (full 2):
 PSYoungGen      total 167936K, used 90336K [0x00000000e0000000, 0x00000000ec100000, 0x0000000100000000)
  eden space 155136K, 49% used [0x00000000e0000000,0x00000000e4bbf560,0x00000000e9780000)
  from space 12800K, 99% used [0x00000000ea800000,0x00000000eb478e98,0x00000000eb480000)
  to   space 16896K, 0% used [0x00000000e9780000,0x00000000e9780000,0x00000000ea800000)
 ParOldGen       total 87040K, used 26564K [0x00000000a0000000, 0x00000000a5500000, 0x00000000e0000000)
  object space 87040K, 30% used [0x00000000a0000000,0x00000000a19f1148,0x00000000a5500000)
 Metaspace       used 51761K, capacity 53738K, committed 53888K, reserved 1095680K
  class space    used 7073K, capacity 7544K, committed 7552K, reserved 1048576K
Event: 37.315 GC heap after
Heap after GC invocations=13 (full 2):
 PSYoungGen      total 172032K, used 16881K [0x00000000e0000000, 0x00000000eca00000, 0x0000000100000000)
  eden space 155136K, 0% used [0x00000000e0000000,0x00000000e0000000,0x00000000e9780000)
  from space 16896K, 99% used [0x00000000e9780000,0x00000000ea7fc670,0x00000000ea800000)
  to   space 21504K, 0% used [0x00000000eb500000,0x00000000eb500000,0x00000000eca00000)
 ParOldGen       total 87040K, used 33305K [0x00000000a0000000, 0x00000000a5500000, 0x00000000e0000000)
  object space 87040K, 38% used [0x00000000a0000000,0x00000000a2086408,0x00000000a5500000)
 Metaspace       used 51761K, capacity 53738K, committed 53888K, reserved 1095680K
  class space    used 7073K, capacity 7544K, committed 7552K, reserved 1048576K
}
Event: 37.315 GC heap before
{Heap before GC invocations=14 (full 3):
 PSYoungGen      total 172032K, used 16881K [0x00000000e0000000, 0x00000000eca00000, 0x0000000100000000)
  eden space 155136K, 0% used [0x00000000e0000000,0x00000000e0000000,0x00000000e9780000)
  from space 16896K, 99% used [0x00000000e9780000,0x00000000ea7fc670,0x00000000ea800000)
  to   space 21504K, 0% used [0x00000000eb500000,0x00000000eb500000,0x00000000eca00000)
 ParOldGen       total 87040K, used 33305K [0x00000000a0000000, 0x00000000a5500000, 0x00000000e0000000)
  object space 87040K, 38% used [0x00000000a0000000,0x00000000a2086408,0x00000000a5500000)
 Metaspace       used 51761K, capacity 53738K, committed 53888K, reserved 1095680K
  class space    used 7073K, capacity 7544K, committed 7552K, reserved 1048576K
Event: 37.960 GC heap after
Heap after GC invocations=14 (full 3):
 PSYoungGen      total 172032K, used 0K [0x00000000e0000000, 0x00000000eca00000, 0x0000000100000000)
  eden space 155136K, 0% used [0x00000000e0000000,0x00000000e0000000,0x00000000e9780000)
  from space 16896K, 0% used [0x00000000e9780000,0x00000000e9780000,0x00000000ea800000)
  to   space 21504K, 0% used [0x00000000eb500000,0x00000000eb500000,0x00000000eca00000)
 ParOldGen       total 87040K, used 40367K [0x00000000a0000000, 0x00000000a5500000, 0x00000000e0000000)
  object space 87040K, 46% used [0x00000000a0000000,0x00000000a276be20,0x00000000a5500000)
 Metaspace       used 51761K, capacity 53738K, committed 53888K, reserved 1095680K
  class space    used 7073K, capacity 7544K, committed 7552K, reserved 1048576K
}

Deoptimization events (10 events):
Event: 143.030 Thread 0x000000001c30e800 Uncommon trap: reason=class_check action=maybe_recompile pc=0x00000000032789b8 method=com.google.common.collect.AbstractMapBasedMultimap.put(Ljava/lang/Object;Ljava/lang/Object;)Z @ 10
Event: 143.030 Thread 0x000000001c30e800 Uncommon trap: reason=class_check action=maybe_recompile pc=0x00000000032789b8 method=com.google.common.collect.AbstractMapBasedMultimap.put(Ljava/lang/Object;Ljava/lang/Object;)Z @ 10
Event: 143.139 Thread 0x000000001c30e800 Uncommon trap: reason=predicate action=maybe_recompile pc=0x0000000002d92df0 method=java.util.ComparableTimSort.binarySort([Ljava/lang/Object;III)V @ 37
Event: 143.193 Thread 0x000000001c30e800 Uncommon trap: reason=unstable_if action=reinterpret pc=0x00000000030a734c method=java.util.concurrent.ConcurrentHashMap.get(Ljava/lang/Object;)Ljava/lang/Object; @ 76
Event: 143.194 Thread 0x000000001c30e800 Uncommon trap: reason=class_check action=maybe_recompile pc=0x0000000003082590 method=java.util.concurrent.ConcurrentHashMap.putVal(Ljava/lang/Object;Ljava/lang/Object;Z)Ljava/lang/Object; @ 192
Event: 143.235 Thread 0x000000001c30e800 Uncommon trap: reason=unstable_if action=reinterpret pc=0x0000000002943534 method=java.lang.String.regionMatches(ZILjava/lang/String;II)Z @ 102
Event: 143.523 Thread 0x000000001c30e800 Uncommon trap: reason=unstable_if action=reinterpret pc=0x0000000003e59938 method=com.esotericsoftware.kryo.io.Output.writeByte(B)V @ 8
Event: 143.718 Thread 0x000000001c30e800 Uncommon trap: reason=unstable_if action=reinterpret pc=0x00000000038b3ed0 method=com.sun.org.apache.xerces.internal.impl.XMLEntityScanner.skipSpaces()Z @ 75
Event: 143.719 Thread 0x000000001c30e800 Uncommon trap: reason=unstable_if action=reinterpret pc=0x000000000380b02c method=com.sun.org.apache.xerces.internal.impl.XMLEntityScanner.peekChar()I @ 51
Event: 143.719 Thread 0x000000001c30e800 Uncommon trap: reason=unstable_if action=reinterpret pc=0x000000000377a004 method=com.sun.org.apache.xerces.internal.impl.XMLEntityScanner.scanContent(Lcom/sun/org/apache/xerces/internal/xni/XMLString;)I @ 124

Internal exceptions (10 events):
Event: 141.841 Thread 0x000000001c30e800 Exception <a 'sun/nio/fs/WindowsException'> (0x00000000e542a9d0) thrown at [C:\src\android\AOSP-openjdk\external\jetbrains\jdk\hotspot\src\share\vm\prims\jni.cpp, line 709]
Event: 141.841 Thread 0x000000001c30e800 Exception <a 'sun/nio/fs/WindowsException'> (0x00000000e542e028) thrown at [C:\src\android\AOSP-openjdk\external\jetbrains\jdk\hotspot\src\share\vm\prims\jni.cpp, line 709]
Event: 141.841 Thread 0x000000001c30e800 Exception <a 'sun/nio/fs/WindowsException'> (0x00000000e542eb40) thrown at [C:\src\android\AOSP-openjdk\external\jetbrains\jdk\hotspot\src\share\vm\prims\jni.cpp, line 709]
Event: 141.841 Thread 0x000000001c30e800 Exception <a 'sun/nio/fs/WindowsException'> (0x00000000e5430690) thrown at [C:\src\android\AOSP-openjdk\external\jetbrains\jdk\hotspot\src\share\vm\prims\jni.cpp, line 709]
Event: 141.842 Thread 0x000000001c30e800 Exception <a 'sun/nio/fs/WindowsException'> (0x00000000e54311e8) thrown at [C:\src\android\AOSP-openjdk\external\jetbrains\jdk\hotspot\src\share\vm\prims\jni.cpp, line 709]
Event: 143.138 Thread 0x000000001c30e800 Exception <a 'java/lang/NoSuchMethodError': <clinit>> (0x00000000e6e93330) thrown at [C:\src\android\AOSP-openjdk\external\jetbrains\jdk\hotspot\src\share\vm\prims\jni.cpp, line 1591]
Event: 143.140 Thread 0x000000001c30e800 Exception <a 'java/lang/NoSuchMethodError': <clinit>> (0x00000000e6ea02e0) thrown at [C:\src\android\AOSP-openjdk\external\jetbrains\jdk\hotspot\src\share\vm\prims\jni.cpp, line 1591]
Event: 143.175 Thread 0x000000001c30e800 Exception <a 'java/lang/NoSuchMethodError': <clinit>> (0x00000000e6f9e090) thrown at [C:\src\android\AOSP-openjdk\external\jetbrains\jdk\hotspot\src\share\vm\prims\jni.cpp, line 1591]
Event: 143.177 Thread 0x000000001c30e800 Exception <a 'java/lang/NoSuchMethodError': <clinit>> (0x00000000e6fb68a0) thrown at [C:\src\android\AOSP-openjdk\external\jetbrains\jdk\hotspot\src\share\vm\prims\jni.cpp, line 1591]
Event: 143.177 Thread 0x000000001c30e800 Exception <a 'java/lang/NoSuchMethodError': <clinit>> (0x00000000e6fb7db8) thrown at [C:\src\android\AOSP-openjdk\external\jetbrains\jdk\hotspot\src\share\vm\prims\jni.cpp, line 1591]

Events (10 events):
Event: 143.734 loading class com/sun/org/apache/xpath/internal/compiler/FunctionTable done
Event: 143.734 loading class com/sun/org/apache/xpath/internal/functions/FuncCurrent
Event: 143.734 loading class com/sun/org/apache/xpath/internal/functions/Function
Event: 143.734 loading class com/sun/org/apache/xpath/internal/Expression
Event: 143.735 loading class com/sun/org/apache/xpath/internal/ExpressionNode
Event: 143.735 loading class javax/xml/transform/SourceLocator
Event: 143.735 loading class javax/xml/transform/SourceLocator done
Event: 143.735 loading class com/sun/org/apache/xpath/internal/ExpressionNode done
Event: 143.735 loading class com/sun/org/apache/xpath/internal/XPathVisitable
Event: 143.735 loading class com/sun/org/apache/xpath/internal/XPathVisitable done


Dynamic libraries:
0x00007ff71f5e0000 - 0x00007ff71f611000 	C:\Program Files\Android\Android Studio\jre\bin\java.exe
0x00007ffc3b610000 - 0x00007ffc3b7e1000 	C:\WINDOWS\SYSTEM32\ntdll.dll
0x00007ffc3ad40000 - 0x00007ffc3adeb000 	C:\WINDOWS\System32\KERNEL32.DLL
0x00007ffc37ec0000 - 0x00007ffc380dd000 	C:\WINDOWS\System32\KERNELBASE.dll
0x00007ffc38fd0000 - 0x00007ffc39072000 	C:\WINDOWS\System32\ADVAPI32.dll
0x00007ffc3a850000 - 0x00007ffc3a8ee000 	C:\WINDOWS\System32\msvcrt.dll
0x00007ffc39080000 - 0x00007ffc390d9000 	C:\WINDOWS\System32\sechost.dll
0x00007ffc3a960000 - 0x00007ffc3aa81000 	C:\WINDOWS\System32\RPCRT4.dll
0x00007ffc38de0000 - 0x00007ffc38f45000 	C:\WINDOWS\System32\USER32.dll
0x00007ffc37b00000 - 0x00007ffc37b1e000 	C:\WINDOWS\System32\win32u.dll
0x00007ffc3aa90000 - 0x00007ffc3aac4000 	C:\WINDOWS\System32\GDI32.dll
0x00007ffc388c0000 - 0x00007ffc38a42000 	C:\WINDOWS\System32\gdi32full.dll
0x00007ffc2f1a0000 - 0x00007ffc2f419000 	C:\WINDOWS\WinSxS\amd64_microsoft.windows.common-controls_6595b64144ccf1df_6.0.14393.447_none_42191651c6827bb3\COMCTL32.dll
0x00007ffc3b2e0000 - 0x00007ffc3b5a8000 	C:\WINDOWS\System32\combase.dll
0x00007ffc37b90000 - 0x00007ffc37c85000 	C:\WINDOWS\System32\ucrtbase.dll
0x00007ffc37b20000 - 0x00007ffc37b8a000 	C:\WINDOWS\System32\bcryptPrimitives.dll
0x00007ffc390e0000 - 0x00007ffc3910e000 	C:\WINDOWS\System32\IMM32.DLL
0x0000000072bc0000 - 0x0000000072c92000 	C:\Program Files\Android\Android Studio\jre\jre\bin\msvcr100.dll
0x0000000071400000 - 0x0000000071c34000 	C:\Program Files\Android\Android Studio\jre\jre\bin\server\jvm.dll
0x00007ffc3ab30000 - 0x00007ffc3ab38000 	C:\WINDOWS\System32\PSAPI.DLL
0x00007ffc35a40000 - 0x00007ffc35a49000 	C:\WINDOWS\SYSTEM32\WSOCK32.dll
0x00007ffc38f60000 - 0x00007ffc38fca000 	C:\WINDOWS\System32\WS2_32.dll
0x00007ffc35950000 - 0x00007ffc35973000 	C:\WINDOWS\SYSTEM32\WINMM.dll
0x00007ffc34470000 - 0x00007ffc3447a000 	C:\WINDOWS\SYSTEM32\VERSION.dll
0x0000000000db0000 - 0x0000000000ddb000 	C:\WINDOWS\SYSTEM32\WINMMBASE.dll
0x00007ffc38870000 - 0x00007ffc388b2000 	C:\WINDOWS\System32\cfgmgr32.dll
0x00007ffc32a80000 - 0x00007ffc32a8f000 	C:\Program Files\Android\Android Studio\jre\jre\bin\verify.dll
0x00007ffc2dd10000 - 0x00007ffc2dd39000 	C:\Program Files\Android\Android Studio\jre\jre\bin\java.dll
0x00007ffc2d530000 - 0x00007ffc2d546000 	C:\Program Files\Android\Android Studio\jre\jre\bin\zip.dll
0x00007ffc391a0000 - 0x00007ffc3a6a9000 	C:\WINDOWS\System32\SHELL32.dll
0x00007ffc380e0000 - 0x00007ffc387ba000 	C:\WINDOWS\System32\windows.storage.dll
0x00007ffc37ab0000 - 0x00007ffc37afc000 	C:\WINDOWS\System32\powrprof.dll
0x00007ffc3a8f0000 - 0x00007ffc3a942000 	C:\WINDOWS\System32\shlwapi.dll
0x00007ffc37aa0000 - 0x00007ffc37aaf000 	C:\WINDOWS\System32\kernel.appcore.dll
0x00007ffc387c0000 - 0x00007ffc38869000 	C:\WINDOWS\System32\shcore.dll
0x00007ffc37a80000 - 0x00007ffc37a94000 	C:\WINDOWS\System32\profapi.dll
0x00007ffc2d410000 - 0x00007ffc2d42a000 	C:\Program Files\Android\Android Studio\jre\jre\bin\net.dll
0x00007ffc373a0000 - 0x00007ffc373fc000 	C:\WINDOWS\system32\mswsock.dll
0x00007ffc2d3f0000 - 0x00007ffc2d401000 	C:\Program Files\Android\Android Studio\jre\jre\bin\nio.dll
0x00007ffc22310000 - 0x00007ffc22322000 	C:\Users\Sandy\.gradle\native\19\windows-amd64\native-platform.dll
0x00007ffc37540000 - 0x00007ffc37557000 	C:\WINDOWS\SYSTEM32\CRYPTSP.dll
0x00007ffc36f50000 - 0x00007ffc36f83000 	C:\WINDOWS\system32\rsaenh.dll
0x00007ffc379b0000 - 0x00007ffc379db000 	C:\WINDOWS\SYSTEM32\bcrypt.dll
0x00007ffc37230000 - 0x00007ffc3724f000 	C:\WINDOWS\SYSTEM32\USERENV.dll
0x00007ffc37560000 - 0x00007ffc3756b000 	C:\WINDOWS\SYSTEM32\CRYPTBASE.dll
0x00007ffc37130000 - 0x00007ffc37168000 	C:\WINDOWS\SYSTEM32\IPHLPAPI.DLL
0x00007ffc38f50000 - 0x00007ffc38f58000 	C:\WINDOWS\System32\NSI.dll
0x00007ffc31ff0000 - 0x00007ffc32006000 	C:\WINDOWS\SYSTEM32\dhcpcsvc6.DLL
0x00007ffc31fd0000 - 0x00007ffc31fea000 	C:\WINDOWS\SYSTEM32\dhcpcsvc.DLL
0x00007ffc32a70000 - 0x00007ffc32a7d000 	C:\Program Files\Android\Android Studio\jre\jre\bin\management.dll
0x00007ffc23a80000 - 0x00007ffc23c12000 	C:\WINDOWS\SYSTEM32\dbghelp.dll

VM Arguments:
jvm_args: -Xmx1536m -Dfile.encoding=windows-1252 -Duser.country=IN -Duser.language=en -Duser.variant 
java_command: org.gradle.launcher.daemon.bootstrap.GradleDaemon 2.14.1
java_class_path (initial): C:\Program Files\Android\Android Studio\gradle\gradle-2.14.1\lib\gradle-launcher-2.14.1.jar
Launcher Type: SUN_STANDARD

Environment Variables:
PATH=C:\ProgramData\Oracle\Java\javapath;C:\WINDOWS\system32;C:\WINDOWS;C:\WINDOWS\System32\Wbem;C:\WINDOWS\System32\WindowsPowerShell\v1.0\;C:\Program Files\WIDCOMM\Bluetooth Software\;C:\Program Files\WIDCOMM\Bluetooth Software\syswow64;;C:\Android;C:\Windows\System32;C:\Program Files (x86)\Skype\Phone\;C:\Program Files\Java\jdk1.8.0_112\bin
USERNAME=Sandy
OS=Windows_NT
PROCESSOR_IDENTIFIER=AMD64 Family 21 Model 48 Stepping 1, AuthenticAMD



---------------  S Y S T E M  ---------------

OS: Windows 10.0 , 64 bit Build 14393 (10.0.14393.0)

CPU:total 4 (4 cores per cpu, 1 threads per core) family 21 model 48 stepping 1, cmov, cx8, fxsr, mmx, sse, sse2, sse3, ssse3, sse4.1, sse4.2, popcnt, avx, aes, clmul, mmxext, 3dnowpref, lzcnt, sse4a, tsc, tscinvbit, tscinv, bmi1

Memory: 4k page, physical 7289200k(2997176k free), swap 13417984k(7516268k free)

vm_info: OpenJDK 64-Bit Server VM (25.76-b03) for windows-amd64 JRE (1.8.0_76-release-b03), built on Jun 29 2016 19:09:20 by "ralucas" with MS VC++ 10.0 (VS2010)

time: Mon Mar 06 00:11:18 2017
elapsed time: 143 seconds (0d 0h 2m 23s)

