#
# A fatal error has been detected by the Java Runtime Environment:
#
#  EXCEPTION_ACCESS_VIOLATION (0xc0000005) at pc=0x00000000714349af, pid=9872, tid=0x000000000000165c
#
# JRE version: OpenJDK Runtime Environment (8.0_76-b03) (build 1.8.0_76-release-b03)
# Java VM: OpenJDK 64-Bit Server VM (25.76-b03 mixed mode windows-amd64 compressed oops)
# Problematic frame:
# V  [jvm.dll+0x349af]
#
# Failed to write core dump. Minidumps are not enabled by default on client versions of Windows
#
# If you would like to submit a bug report, please visit:
#   http://bugreport.java.com/bugreport/crash.jsp
#

---------------  T H R E A D  ---------------

Current thread (0x0000000018e68000):  JavaThread "Daemon worker" [_thread_in_vm, id=5724, stack(0x000000001a0d0000,0x000000001a1d0000)]

siginfo: ExceptionCode=0xc0000005, reading address 0x000000007b957397

Registers:
RAX=0x000000007b957397, RBX=0x0000000018e68000, RCX=0x0000000000000000, RDX=0x00000000609eef1b
RSP=0x000000001a1c9370, RBP=0x000000001ac37f60, RSI=0x000000001a1c9a40, RDI=0x00000000609eef1b
R8 =0x0000000018e68000, R9 =0x0000000000000000, R10=0x0000000000000000, R11=0x0000000000000000
R12=0x0000000000000000, R13=0x0000000000000000, R14=0x000000000000002c, R15=0x0000000000000000
RIP=0x00000000714349af, EFLAGS=0x0000000000010246

Top of Stack: (sp=0x000000001a1c9370)
0x000000001a1c9370:   0000000018e68000 000000001a1c9a40
0x000000001a1c9380:   0000000018e68000 000000001ac37f60
0x000000001a1c9390:   0000000000000000 0000000018e68000
0x000000001a1c93a0:   0000000000040000 0000000000000000
0x000000001a1c93b0:   000000001bef9e60 0000000000000000
0x000000001a1c93c0:   0000000000000000 0000000000000000
0x000000001a1c93d0:   0000000000000000 0000000000000000
0x000000001a1c93e0:   000095ecbaa1d99a 0000000000000001
0x000000001a1c93f0:   0000000000000031 0000000000000001
0x000000001a1c9400:   0000000000000031 000000001a1c9a40
0x000000001a1c9410:   000000001ac37f60 000000001a1c9530
0x000000001a1c9420:   0000000000000000 000000007143513e
0x000000001a1c9430:   0000000000000000 000000001a1c9500
0x000000001a1c9440:   000000001ac37f01 0000000012b80031
0x000000001a1c9450:   000000001a1c94b4 000000001a1c9488
0x000000001a1c9460:   000000001a1c94b8 000000001a1c9530 

Instructions: (pc=0x00000000714349af)
0x000000007143498f:   06 73 0e 48 8b d3 48 8b cd e8 53 58 00 00 45 33
0x000000007143499f:   db 48 83 7b 08 00 0f 85 c1 03 00 00 48 8b 45 10
0x00000000714349af:   0f b7 08 48 8d 50 02 66 89 4c 24 38 0f b6 44 24
0x00000000714349bf:   39 44 0f b6 e1 66 41 c1 e4 08 48 89 55 10 8b 0a 


Register to memory mapping:

RAX=0x000000007b957397 is an unknown value
RBX=0x0000000018e68000 is a thread
RCX=0x0000000000000000 is an unknown value
RDX=0x00000000609eef1b is an unknown value
RSP=0x000000001a1c9370 is pointing into the stack for thread: 0x0000000018e68000
RBP=0x000000001ac37f60 is an unknown value
RSI=0x000000001a1c9a40 is pointing into the stack for thread: 0x0000000018e68000
RDI=0x00000000609eef1b is an unknown value
R8 =0x0000000018e68000 is a thread
R9 =0x0000000000000000 is an unknown value
R10=0x0000000000000000 is an unknown value
R11=0x0000000000000000 is an unknown value
R12=0x0000000000000000 is an unknown value
R13=0x0000000000000000 is an unknown value
R14=0x000000000000002c is an unknown value
R15=0x0000000000000000 is an unknown value


Stack: [0x000000001a0d0000,0x000000001a1d0000],  sp=0x000000001a1c9370,  free space=996k
Native frames: (J=compiled Java code, j=interpreted, Vv=VM code, C=native code)
V  [jvm.dll+0x349af]
V  [jvm.dll+0x3513e]
V  [jvm.dll+0x3913d]
V  [jvm.dll+0x3ce70]
V  [jvm.dll+0x57b4d]
V  [jvm.dll+0x58427]
V  [jvm.dll+0x59af6]
V  [jvm.dll+0x55667]
V  [jvm.dll+0x395df]
V  [jvm.dll+0x3ce70]
V  [jvm.dll+0x57b4d]
V  [jvm.dll+0x58427]
V  [jvm.dll+0x59af6]
V  [jvm.dll+0x55667]
V  [jvm.dll+0x395df]
V  [jvm.dll+0x3ce70]
V  [jvm.dll+0x57b4d]
V  [jvm.dll+0x58427]
V  [jvm.dll+0x59af6]
V  [jvm.dll+0x59b4d]
V  [jvm.dll+0xd0e53]
V  [jvm.dll+0x95bb3]
V  [jvm.dll+0x95cc6]
C  0x00000000023e6fed

Java frames: (J=compiled Java code, j=interpreted, Vv=VM code)
j  com.sun.org.apache.xpath.internal.compiler.FunctionTable.<clinit>()V+22
v  ~StubRoutines::call_stub
j  com.sun.org.apache.xpath.internal.XPath.initFunctionTable()V+1
j  com.sun.org.apache.xpath.internal.XPath.<init>(Ljava/lang/String;Ljavax/xml/transform/SourceLocator;Lcom/sun/org/apache/xml/internal/utils/PrefixResolver;ILjavax/xml/transform/ErrorListener;)V+10
j  com.sun.org.apache.xpath.internal.XPath.<init>(Ljava/lang/String;Ljavax/xml/transform/SourceLocator;Lcom/sun/org/apache/xml/internal/utils/PrefixResolver;I)V+7
j  com.sun.org.apache.xpath.internal.jaxp.XPathImpl.eval(Ljava/lang/String;Ljava/lang/Object;)Lcom/sun/org/apache/xpath/internal/objects/XObject;+11
j  com.sun.org.apache.xpath.internal.jaxp.XPathImpl.evaluate(Ljava/lang/String;Ljava/lang/Object;Ljavax/xml/namespace/QName;)Ljava/lang/Object;+99
j  com.android.builder.core.DefaultManifestParser.getStringValues(Ljava/io/File;Ljava/util/Set;)Ljava/util/Map;+53
j  com.android.builder.core.DefaultManifestParser.<init>(Ljava/io/File;)V+104
j  com.android.builder.core.VariantConfiguration.getManifestAttributeSupplier()Lcom/android/builder/core/ManifestAttributeSupplier;+21
j  com.android.builder.core.VariantConfiguration.getPackageFromManifest()Ljava/lang/String;+19
j  com.android.builder.core.VariantConfiguration.getOriginalApplicationId()Ljava/lang/String;+16
j  com.android.build.gradle.tasks.GenerateBuildConfig$ConfigAction$$Lambda$89.call()Ljava/lang/Object;+4
j  org.gradle.util.GUtil.uncheckedCall(Ljava/util/concurrent/Callable;)Ljava/lang/Object;+1
j  org.gradle.api.internal.ConventionAwareHelper$2.getValue(Lorg/gradle/api/plugins/Convention;Lorg/gradle/api/internal/IConventionAware;)Ljava/lang/Object;+4
j  org.gradle.api.internal.ConventionAwareHelper$MappedPropertyImpl.getValue(Lorg/gradle/api/plugins/Convention;Lorg/gradle/api/internal/IConventionAware;)Ljava/lang/Object;+13
J 5568 C2 org.gradle.api.internal.ConventionAwareHelper.getConventionValue(Ljava/lang/Object;Ljava/lang/String;Z)Ljava/lang/Object; (106 bytes) @ 0x00000000036a85b8 [0x00000000036a80a0+0x518]
j  com.android.build.gradle.tasks.GenerateBuildConfig_Decorated.getBuildConfigPackageName()Ljava/lang/String;+16
v  ~StubRoutines::call_stub
J 1539  sun.reflect.NativeMethodAccessorImpl.invoke0(Ljava/lang/reflect/Method;Ljava/lang/Object;[Ljava/lang/Object;)Ljava/lang/Object; (0 bytes) @ 0x00000000028c91ff [0x00000000028c9180+0x7f]
J 1538 C1 sun.reflect.NativeMethodAccessorImpl.invoke(Ljava/lang/Object;[Ljava/lang/Object;)Ljava/lang/Object; (104 bytes) @ 0x00000000028d4ce4 [0x00000000028d3b40+0x11a4]
J 6199 C2 java.lang.reflect.Method.invoke(Ljava/lang/Object;[Ljava/lang/Object;)Ljava/lang/Object; (62 bytes) @ 0x00000000024eb904 [0x00000000024eb880+0x84]
J 5872 C1 org.gradle.internal.reflect.JavaMethod.invoke(Ljava/lang/Object;[Ljava/lang/Object;)Ljava/lang/Object; (74 bytes) @ 0x00000000037f04fc [0x00000000037f03e0+0x11c]
j  org.gradle.api.internal.project.taskfactory.AnnotationProcessingTaskFactory$PropertyInfo$4.create()Ljava/lang/Object;+25
j  org.gradle.util.SingleMessageLogger.whileDisabled(Lorg/gradle/internal/Factory;)Ljava/lang/Object;+11
j  org.gradle.api.internal.project.taskfactory.AnnotationProcessingTaskFactory$PropertyInfo.getValue(Ljava/lang/Object;)Lorg/gradle/api/internal/project/taskfactory/AnnotationProcessingTaskFactory$PropertyValue;+49
j  org.gradle.api.internal.project.taskfactory.AnnotationProcessingTaskFactory$Validator.validate(Lorg/gradle/api/internal/TaskInternal;Ljava/util/Collection;)V+45
j  org.gradle.api.internal.tasks.execution.ValidatingTaskExecuter.execute(Lorg/gradle/api/internal/TaskInternal;Lorg/gradle/api/internal/tasks/TaskStateInternal;Lorg/gradle/api/internal/tasks/TaskExecutionContext;)V+49
j  org.gradle.api.internal.tasks.execution.SkipEmptySourceFilesTaskExecuter.execute(Lorg/gradle/api/internal/TaskInternal;Lorg/gradle/api/internal/tasks/TaskStateInternal;Lorg/gradle/api/internal/tasks/TaskExecutionContext;)V+111
j  org.gradle.api.internal.tasks.execution.SkipTaskWithNoActionsExecuter.execute(Lorg/gradle/api/internal/TaskInternal;Lorg/gradle/api/internal/tasks/TaskStateInternal;Lorg/gradle/api/internal/tasks/TaskExecutionContext;)V+110
j  org.gradle.api.internal.tasks.execution.SkipOnlyIfTaskExecuter.execute(Lorg/gradle/api/internal/TaskInternal;Lorg/gradle/api/internal/tasks/TaskStateInternal;Lorg/gradle/api/internal/tasks/TaskExecutionContext;)V+84
j  org.gradle.api.internal.tasks.execution.ExecuteAtMostOnceTaskExecuter.execute(Lorg/gradle/api/internal/TaskInternal;Lorg/gradle/api/internal/tasks/TaskStateInternal;Lorg/gradle/api/internal/tasks/TaskExecutionContext;)V+26
j  org.gradle.execution.taskgraph.DefaultTaskGraphExecuter$EventFiringTaskWorker.execute(Lorg/gradle/api/internal/TaskInternal;)V+106
j  org.gradle.execution.taskgraph.DefaultTaskGraphExecuter$EventFiringTaskWorker.execute(Ljava/lang/Object;)V+5
j  org.gradle.execution.taskgraph.AbstractTaskPlanExecutor$TaskExecutorWorker.processTask(Lorg/gradle/execution/taskgraph/TaskInfo;)V+8
j  org.gradle.execution.taskgraph.AbstractTaskPlanExecutor$TaskExecutorWorker.run()V+56
j  org.gradle.execution.taskgraph.DefaultTaskPlanExecutor.process(Lorg/gradle/execution/taskgraph/TaskExecutionPlan;Lorg/gradle/api/Action;)V+6
j  org.gradle.execution.taskgraph.DefaultTaskGraphExecuter.execute()V+65
j  org.gradle.execution.SelectedTaskExecutionAction.execute(Lorg/gradle/execution/BuildExecutionContext;)V+55
j  org.gradle.execution.DefaultBuildExecuter.execute(Lorg/gradle/api/internal/GradleInternal;I)V+37
j  org.gradle.execution.DefaultBuildExecuter.access$000(Lorg/gradle/execution/DefaultBuildExecuter;Lorg/gradle/api/internal/GradleInternal;I)V+3
j  org.gradle.execution.DefaultBuildExecuter$1.proceed()V+14
j  org.gradle.execution.DryRunBuildExecutionAction.execute(Lorg/gradle/execution/BuildExecutionContext;)V+68
j  org.gradle.execution.DefaultBuildExecuter.execute(Lorg/gradle/api/internal/GradleInternal;I)V+37
j  org.gradle.execution.DefaultBuildExecuter.execute(Lorg/gradle/api/internal/GradleInternal;)V+3
j  org.gradle.initialization.DefaultGradleLauncher$4.run()V+14
J 6560 C1 org.gradle.internal.Factories$1.create()Ljava/lang/Object; (11 bytes) @ 0x00000000026df5c4 [0x00000000026df4c0+0x104]
j  org.gradle.internal.progress.DefaultBuildOperationExecutor.run(Lorg/gradle/internal/progress/BuildOperationDetails;Lorg/gradle/internal/Factory;)Ljava/lang/Object;+171
j  org.gradle.internal.progress.DefaultBuildOperationExecutor.run(Ljava/lang/String;Ljava/lang/Runnable;)V+12
j  org.gradle.initialization.DefaultGradleLauncher.doBuildStages(Lorg/gradle/initialization/DefaultGradleLauncher$Stage;)V+85
j  org.gradle.initialization.DefaultGradleLauncher.access$200(Lorg/gradle/initialization/DefaultGradleLauncher;Lorg/gradle/initialization/DefaultGradleLauncher$Stage;)V+2
j  org.gradle.initialization.DefaultGradleLauncher$1.create()Lorg/gradle/BuildResult;+29
j  org.gradle.initialization.DefaultGradleLauncher$1.create()Ljava/lang/Object;+1
j  org.gradle.internal.progress.DefaultBuildOperationExecutor.run(Lorg/gradle/internal/progress/BuildOperationDetails;Lorg/gradle/internal/Factory;)Ljava/lang/Object;+171
j  org.gradle.internal.progress.DefaultBuildOperationExecutor.run(Ljava/lang/String;Lorg/gradle/internal/Factory;)Ljava/lang/Object;+9
j  org.gradle.initialization.DefaultGradleLauncher.doBuild(Lorg/gradle/initialization/DefaultGradleLauncher$Stage;)Lorg/gradle/BuildResult;+15
j  org.gradle.initialization.DefaultGradleLauncher.run()Lorg/gradle/BuildResult;+4
j  org.gradle.launcher.exec.InProcessBuildActionExecuter$DefaultBuildController.run()Lorg/gradle/api/internal/GradleInternal;+4
j  org.gradle.tooling.internal.provider.runner.BuildModelActionRunner.run(Lorg/gradle/internal/invocation/BuildAction;Lorg/gradle/internal/invocation/BuildController;)V+29
j  org.gradle.launcher.exec.ChainingBuildActionRunner.run(Lorg/gradle/internal/invocation/BuildAction;Lorg/gradle/internal/invocation/BuildController;)V+34
j  org.gradle.tooling.internal.provider.runner.SubscribableBuildActionRunner.run(Lorg/gradle/internal/invocation/BuildAction;Lorg/gradle/internal/invocation/BuildController;)V+37
j  org.gradle.launcher.exec.ChainingBuildActionRunner.run(Lorg/gradle/internal/invocation/BuildAction;Lorg/gradle/internal/invocation/BuildController;)V+34
j  org.gradle.launcher.exec.InProcessBuildActionExecuter.execute(Lorg/gradle/internal/invocation/BuildAction;Lorg/gradle/initialization/BuildRequestContext;Lorg/gradle/launcher/exec/BuildActionParameters;Lorg/gradle/internal/service/ServiceRegistry;)Ljava/lang/Object;+77
j  org.gradle.launcher.exec.InProcessBuildActionExecuter.execute(Lorg/gradle/internal/invocation/BuildAction;Lorg/gradle/initialization/BuildRequestContext;Ljava/lang/Object;Lorg/gradle/internal/service/ServiceRegistry;)Ljava/lang/Object;+9
j  org.gradle.launcher.exec.ContinuousBuildActionExecuter.execute(Lorg/gradle/internal/invocation/BuildAction;Lorg/gradle/initialization/BuildRequestContext;Lorg/gradle/launcher/exec/BuildActionParameters;Lorg/gradle/internal/service/ServiceRegistry;)Ljava/lang/Object;+114
j  org.gradle.launcher.exec.ContinuousBuildActionExecuter.execute(Lorg/gradle/internal/invocation/BuildAction;Lorg/gradle/initialization/BuildRequestContext;Ljava/lang/Object;Lorg/gradle/internal/service/ServiceRegistry;)Ljava/lang/Object;+9
j  org.gradle.launcher.daemon.server.exec.ExecuteBuild.doBuild(Lorg/gradle/launcher/daemon/server/api/DaemonCommandExecution;Lorg/gradle/launcher/daemon/protocol/Build;)V+74
j  org.gradle.launcher.daemon.server.exec.BuildCommandOnly.execute(Lorg/gradle/launcher/daemon/server/api/DaemonCommandExecution;)V+49
j  org.gradle.launcher.daemon.server.api.DaemonCommandExecution.proceed()Z+28
j  org.gradle.launcher.daemon.server.exec.WatchForDisconnection.execute(Lorg/gradle/launcher/daemon/server/api/DaemonCommandExecution;)V+19
j  org.gradle.launcher.daemon.server.api.DaemonCommandExecution.proceed()Z+28
j  org.gradle.launcher.daemon.server.exec.ResetDeprecationLogger.execute(Lorg/gradle/launcher/daemon/server/api/DaemonCommandExecution;)V+4
j  org.gradle.launcher.daemon.server.api.DaemonCommandExecution.proceed()Z+28
j  org.gradle.launcher.daemon.server.exec.RequestStopIfSingleUsedDaemon.execute(Lorg/gradle/launcher/daemon/server/api/DaemonCommandExecution;)V+31
j  org.gradle.launcher.daemon.server.api.DaemonCommandExecution.proceed()Z+28
j  org.gradle.launcher.daemon.server.exec.ForwardClientInput$2.call()Ljava/lang/Void;+4
j  org.gradle.launcher.daemon.server.exec.ForwardClientInput$2.call()Ljava/lang/Object;+1
j  org.gradle.util.Swapper.swap(Ljava/lang/Object;Ljava/util/concurrent/Callable;)Ljava/lang/Object;+21
j  org.gradle.launcher.daemon.server.exec.ForwardClientInput.execute(Lorg/gradle/launcher/daemon/server/api/DaemonCommandExecution;)V+63
j  org.gradle.launcher.daemon.server.api.DaemonCommandExecution.proceed()Z+28
j  org.gradle.launcher.daemon.server.health.DaemonHealthTracker.execute(Lorg/gradle/launcher/daemon/server/api/DaemonCommandExecution;)V+35
j  org.gradle.launcher.daemon.server.api.DaemonCommandExecution.proceed()Z+28
j  org.gradle.launcher.daemon.server.exec.LogToClient.doBuild(Lorg/gradle/launcher/daemon/server/api/DaemonCommandExecution;Lorg/gradle/launcher/daemon/protocol/Build;)V+87
j  org.gradle.launcher.daemon.server.exec.BuildCommandOnly.execute(Lorg/gradle/launcher/daemon/server/api/DaemonCommandExecution;)V+49
j  org.gradle.launcher.daemon.server.api.DaemonCommandExecution.proceed()Z+28
j  org.gradle.launcher.daemon.server.exec.EstablishBuildEnvironment.doBuild(Lorg/gradle/launcher/daemon/server/api/DaemonCommandExecution;Lorg/gradle/launcher/daemon/protocol/Build;)V+279
j  org.gradle.launcher.daemon.server.exec.BuildCommandOnly.execute(Lorg/gradle/launcher/daemon/server/api/DaemonCommandExecution;)V+49
j  org.gradle.launcher.daemon.server.api.DaemonCommandExecution.proceed()Z+28
j  org.gradle.launcher.daemon.server.health.HintGCAfterBuild.execute(Lorg/gradle/launcher/daemon/server/api/DaemonCommandExecution;)V+1
j  org.gradle.launcher.daemon.server.api.DaemonCommandExecution.proceed()Z+28
j  org.gradle.launcher.daemon.server.exec.StartBuildOrRespondWithBusy$1.run()V+44
j  org.gradle.launcher.daemon.server.DaemonStateCoordinator$1.run()V+4
j  org.gradle.internal.concurrent.ExecutorPolicy$CatchAndRecordFailures.onExecute(Ljava/lang/Runnable;)V+1
j  org.gradle.internal.concurrent.StoppableExecutorImpl$1.run()V+25
j  java.util.concurrent.ThreadPoolExecutor.runWorker(Ljava/util/concurrent/ThreadPoolExecutor$Worker;)V+95
j  java.util.concurrent.ThreadPoolExecutor$Worker.run()V+5
j  java.lang.Thread.run()V+11
v  ~StubRoutines::call_stub

---------------  P R O C E S S  ---------------

Java Threads: ( => current thread )
  0x000000001d562000 JavaThread "Stdin handler" [_thread_blocked, id=4756, stack(0x0000000020f20000,0x0000000021020000)]
  0x000000001d563000 JavaThread "Asynchronous log dispatcher for org.gradle.launcher.daemon.server.DefaultDaemonConnection@720eaf81" [_thread_blocked, id=8560, stack(0x0000000020ba0000,0x0000000020ca0000)]
  0x000000001d560000 JavaThread "Cancel handler" [_thread_blocked, id=10268, stack(0x00000000208a0000,0x00000000209a0000)]
  0x0000000019435800 JavaThread "Handler for socket connection from /127.0.0.1:8934 to /127.0.0.1:8945" [_thread_in_native, id=4948, stack(0x00000000207a0000,0x00000000208a0000)]
  0x0000000019438000 JavaThread "pool-2-thread-1" [_thread_blocked, id=5716, stack(0x000000001e040000,0x000000001e140000)]
  0x0000000019531000 JavaThread "File lock request listener" [_thread_in_native, id=7392, stack(0x000000001b9a0000,0x000000001baa0000)]
=>0x0000000018e68000 JavaThread "Daemon worker" [_thread_in_vm, id=5724, stack(0x000000001a0d0000,0x000000001a1d0000)]
  0x0000000018b24800 JavaThread "Daemon" [_thread_blocked, id=8556, stack(0x0000000019dd0000,0x0000000019ed0000)]
  0x0000000018a9f000 JavaThread "pool-1-thread-1" [_thread_blocked, id=1724, stack(0x0000000019cd0000,0x0000000019dd0000)]
  0x0000000018a97800 JavaThread "Incoming local TCP Connector on port 8934" [_thread_in_native, id=10152, stack(0x0000000018490000,0x0000000018590000)]
  0x0000000015d9e000 JavaThread "Service Thread" daemon [_thread_blocked, id=4444, stack(0x0000000017a90000,0x0000000017b90000)]
  0x0000000015d45000 JavaThread "C1 CompilerThread2" daemon [_thread_blocked, id=10700, stack(0x0000000017590000,0x0000000017690000)]
  0x0000000015d3d800 JavaThread "C2 CompilerThread1" daemon [_thread_blocked, id=10604, stack(0x0000000017490000,0x0000000017590000)]
  0x0000000015d3b000 JavaThread "C2 CompilerThread0" daemon [_thread_blocked, id=6936, stack(0x0000000017390000,0x0000000017490000)]
  0x0000000015d3a000 JavaThread "Attach Listener" daemon [_thread_blocked, id=10768, stack(0x0000000017290000,0x0000000017390000)]
  0x0000000015d39000 JavaThread "Signal Dispatcher" daemon [_thread_blocked, id=11024, stack(0x0000000017190000,0x0000000017290000)]
  0x00000000023ca800 JavaThread "Finalizer" daemon [_thread_blocked, id=10556, stack(0x0000000016fa0000,0x00000000170a0000)]
  0x00000000023bf800 JavaThread "Reference Handler" daemon [_thread_blocked, id=9856, stack(0x0000000016ea0000,0x0000000016fa0000)]
  0x00000000022d0800 JavaThread "main" [_thread_blocked, id=6844, stack(0x00000000020d0000,0x00000000021d0000)]

Other Threads:
  0x0000000015d05000 VMThread [stack: 0x0000000016da0000,0x0000000016ea0000] [id=2888]
  0x00000000176ad000 WatcherThread [stack: 0x0000000017b90000,0x0000000017c90000] [id=9564]

VM state:not at safepoint (normal execution)

VM Mutex/Monitor currently owned by a thread: None

Heap:
 PSYoungGen      total 115200K, used 34871K [0x00000000e0000000, 0x00000000e8a00000, 0x0000000100000000)
  eden space 92160K, 35% used [0x00000000e0000000,0x00000000e1f9dc88,0x00000000e5a00000)
  from space 23040K, 10% used [0x00000000e7080000,0x00000000e72f0000,0x00000000e8700000)
  to   space 23040K, 0% used [0x00000000e5a00000,0x00000000e5a00000,0x00000000e7080000)
 ParOldGen       total 105472K, used 40342K [0x00000000a0000000, 0x00000000a6700000, 0x00000000e0000000)
  object space 105472K, 38% used [0x00000000a0000000,0x00000000a2765b18,0x00000000a6700000)
 Metaspace       used 53662K, capacity 55776K, committed 55936K, reserved 1097728K
  class space    used 7271K, capacity 7717K, committed 7808K, reserved 1048576K

Card table byte_map: [0x0000000011790000,0x0000000011aa0000] byte_map_base: 0x0000000011290000

Marking Bits: (ParMarkBitMap*) 0x0000000071bb9d00
 Begin Bits: [0x00000000120a0000, 0x00000000138a0000)
 End Bits:   [0x00000000138a0000, 0x00000000150a0000)

Polling page: 0x0000000000550000

CodeCache: size=245760Kb used=24967Kb max_used=24983Kb free=220792Kb
 bounds [0x00000000023d0000, 0x0000000003c50000, 0x00000000113d0000]
 total_blobs=7480 nmethods=6774 adapters=619
 compilation: enabled

Compilation events (10 events):
Event: 40.229 Thread 0x0000000015d45000 7579       3       java.io.DataInputStream::<init> (30 bytes)
Event: 40.230 Thread 0x0000000015d45000 nmethod 7579 0x0000000003c435d0 code [0x0000000003c43740, 0x0000000003c43b90]
Event: 40.230 Thread 0x0000000015d45000 7580       3       java.io.ObjectInputStream::skipCustomData (103 bytes)
Event: 40.231 Thread 0x0000000015d45000 nmethod 7580 0x0000000003c42510 code [0x0000000003c42760, 0x0000000003c430a8]
Event: 40.233 Thread 0x0000000015d45000 7581       1       org.gradle.api.internal.project.taskfactory.AnnotationProcessingTaskFactory$PropertyInfo$5::getValue (5 bytes)
Event: 40.233 Thread 0x0000000015d45000 nmethod 7581 0x0000000003c42250 code [0x0000000003c423a0, 0x0000000003c424b0]
Event: 40.233 Thread 0x0000000015d45000 7582   !   3       org.gradle.internal.FileUtils::canonicalize (15 bytes)
Event: 40.234 Thread 0x0000000015d45000 nmethod 7582 0x0000000003c41510 code [0x0000000003c41700, 0x0000000003c41db8]
Event: 40.237 Thread 0x0000000015d3d800 7583       4       java.io.ObjectOutputStream$BlockDataOutputStream::drain (45 bytes)
Event: 40.265 Thread 0x0000000015d3d800 nmethod 7583 0x0000000003c490d0 code [0x0000000003c492c0, 0x0000000003c4a6b0]

GC Heap History (10 events):
Event: 26.824 GC heap before
{Heap before GC invocations=17 (full 2):
 PSYoungGen      total 84992K, used 84988K [0x00000000e0000000, 0x00000000e6280000, 0x0000000100000000)
  eden space 73728K, 100% used [0x00000000e0000000,0x00000000e4800000,0x00000000e4800000)
  from space 11264K, 99% used [0x00000000e5480000,0x00000000e5f7f218,0x00000000e5f80000)
  to   space 12800K, 0% used [0x00000000e4800000,0x00000000e4800000,0x00000000e5480000)
 ParOldGen       total 105472K, used 16851K [0x00000000a0000000, 0x00000000a6700000, 0x00000000e0000000)
  object space 105472K, 15% used [0x00000000a0000000,0x00000000a1074ec0,0x00000000a6700000)
 Metaspace       used 49670K, capacity 51050K, committed 51328K, reserved 1093632K
  class space    used 6707K, capacity 7036K, committed 7040K, reserved 1048576K
Event: 26.859 GC heap after
Heap after GC invocations=17 (full 2):
 PSYoungGen      total 86528K, used 12771K [0x00000000e0000000, 0x00000000e7680000, 0x0000000100000000)
  eden space 73728K, 0% used [0x00000000e0000000,0x00000000e0000000,0x00000000e4800000)
  from space 12800K, 99% used [0x00000000e4800000,0x00000000e5478c80,0x00000000e5480000)
  to   space 16384K, 0% used [0x00000000e6680000,0x00000000e6680000,0x00000000e7680000)
 ParOldGen       total 105472K, used 22843K [0x00000000a0000000, 0x00000000a6700000, 0x00000000e0000000)
  object space 105472K, 21% used [0x00000000a0000000,0x00000000a164edb8,0x00000000a6700000)
 Metaspace       used 49670K, capacity 51050K, committed 51328K, reserved 1093632K
  class space    used 6707K, capacity 7036K, committed 7040K, reserved 1048576K
}
Event: 28.136 GC heap before
{Heap before GC invocations=18 (full 2):
 PSYoungGen      total 86528K, used 86499K [0x00000000e0000000, 0x00000000e7680000, 0x0000000100000000)
  eden space 73728K, 100% used [0x00000000e0000000,0x00000000e4800000,0x00000000e4800000)
  from space 12800K, 99% used [0x00000000e4800000,0x00000000e5478c80,0x00000000e5480000)
  to   space 16384K, 0% used [0x00000000e6680000,0x00000000e6680000,0x00000000e7680000)
 ParOldGen       total 105472K, used 22843K [0x00000000a0000000, 0x00000000a6700000, 0x00000000e0000000)
  object space 105472K, 21% used [0x00000000a0000000,0x00000000a164edb8,0x00000000a6700000)
 Metaspace       used 51645K, capacity 53620K, committed 53888K, reserved 1095680K
  class space    used 7077K, capacity 7537K, committed 7552K, reserved 1048576K
Event: 28.200 GC heap after
Heap after GC invocations=18 (full 2):
 PSYoungGen      total 99840K, used 16367K [0x00000000e0000000, 0x00000000e8400000, 0x0000000100000000)
  eden space 83456K, 0% used [0x00000000e0000000,0x00000000e0000000,0x00000000e5180000)
  from space 16384K, 99% used [0x00000000e6680000,0x00000000e767bff0,0x00000000e7680000)
  to   space 21504K, 0% used [0x00000000e5180000,0x00000000e5180000,0x00000000e6680000)
 ParOldGen       total 105472K, used 30189K [0x00000000a0000000, 0x00000000a6700000, 0x00000000e0000000)
  object space 105472K, 28% used [0x00000000a0000000,0x00000000a1d7b6e8,0x00000000a6700000)
 Metaspace       used 51645K, capacity 53620K, committed 53888K, reserved 1095680K
  class space    used 7077K, capacity 7537K, committed 7552K, reserved 1048576K
}
Event: 28.266 GC heap before
{Heap before GC invocations=19 (full 2):
 PSYoungGen      total 99840K, used 18435K [0x00000000e0000000, 0x00000000e8400000, 0x0000000100000000)
  eden space 83456K, 2% used [0x00000000e0000000,0x00000000e0204d10,0x00000000e5180000)
  from space 16384K, 99% used [0x00000000e6680000,0x00000000e767bff0,0x00000000e7680000)
  to   space 21504K, 0% used [0x00000000e5180000,0x00000000e5180000,0x00000000e6680000)
 ParOldGen       total 105472K, used 30189K [0x00000000a0000000, 0x00000000a6700000, 0x00000000e0000000)
  object space 105472K, 28% used [0x00000000a0000000,0x00000000a1d7b6e8,0x00000000a6700000)
 Metaspace       used 51745K, capacity 53726K, committed 53888K, reserved 1095680K
  class space    used 7090K, capacity 7544K, committed 7552K, reserved 1048576K
Event: 28.324 GC heap after
Heap after GC invocations=19 (full 2):
 PSYoungGen      total 104960K, used 16571K [0x00000000e0000000, 0x00000000e8700000, 0x0000000100000000)
  eden space 83456K, 0% used [0x00000000e0000000,0x00000000e0000000,0x00000000e5180000)
  from space 21504K, 77% used [0x00000000e5180000,0x00000000e61aed90,0x00000000e6680000)
  to   space 23040K, 0% used [0x00000000e7080000,0x00000000e7080000,0x00000000e8700000)
 ParOldGen       total 105472K, used 30197K [0x00000000a0000000, 0x00000000a6700000, 0x00000000e0000000)
  object space 105472K, 28% used [0x00000000a0000000,0x00000000a1d7d6e8,0x00000000a6700000)
 Metaspace       used 51745K, capacity 53726K, committed 53888K, reserved 1095680K
  class space    used 7090K, capacity 7544K, committed 7552K, reserved 1048576K
}
Event: 28.324 GC heap before
{Heap before GC invocations=20 (full 3):
 PSYoungGen      total 104960K, used 16571K [0x00000000e0000000, 0x00000000e8700000, 0x0000000100000000)
  eden space 83456K, 0% used [0x00000000e0000000,0x00000000e0000000,0x00000000e5180000)
  from space 21504K, 77% used [0x00000000e5180000,0x00000000e61aed90,0x00000000e6680000)
  to   space 23040K, 0% used [0x00000000e7080000,0x00000000e7080000,0x00000000e8700000)
 ParOldGen       total 105472K, used 30197K [0x00000000a0000000, 0x00000000a6700000, 0x00000000e0000000)
  object space 105472K, 28% used [0x00000000a0000000,0x00000000a1d7d6e8,0x00000000a6700000)
 Metaspace       used 51745K, capacity 53726K, committed 53888K, reserved 1095680K
  class space    used 7090K, capacity 7544K, committed 7552K, reserved 1048576K
Event: 28.995 GC heap after
Heap after GC invocations=20 (full 3):
 PSYoungGen      total 104960K, used 0K [0x00000000e0000000, 0x00000000e8700000, 0x0000000100000000)
  eden space 83456K, 0% used [0x00000000e0000000,0x00000000e0000000,0x00000000e5180000)
  from space 21504K, 0% used [0x00000000e5180000,0x00000000e5180000,0x00000000e6680000)
  to   space 23040K, 0% used [0x00000000e7080000,0x00000000e7080000,0x00000000e8700000)
 ParOldGen       total 105472K, used 40334K [0x00000000a0000000, 0x00000000a6700000, 0x00000000e0000000)
  object space 105472K, 38% used [0x00000000a0000000,0x00000000a2763b18,0x00000000a6700000)
 Metaspace       used 51745K, capacity 53726K, committed 53888K, reserved 1095680K
  class space    used 7090K, capacity 7544K, committed 7552K, reserved 1048576K
}
Event: 38.950 GC heap before
{Heap before GC invocations=21 (full 3):
 PSYoungGen      total 104960K, used 83456K [0x00000000e0000000, 0x00000000e8700000, 0x0000000100000000)
  eden space 83456K, 100% used [0x00000000e0000000,0x00000000e5180000,0x00000000e5180000)
  from space 21504K, 0% used [0x00000000e5180000,0x00000000e5180000,0x00000000e6680000)
  to   space 23040K, 0% used [0x00000000e7080000,0x00000000e7080000,0x00000000e8700000)
 ParOldGen       total 105472K, used 40334K [0x00000000a0000000, 0x00000000a6700000, 0x00000000e0000000)
  object space 105472K, 38% used [0x00000000a0000000,0x00000000a2763b18,0x00000000a6700000)
 Metaspace       used 52135K, capacity 54178K, committed 54528K, reserved 1095680K
  class space    used 7113K, capacity 7570K, committed 7680K, reserved 1048576K
Event: 38.959 GC heap after
Heap after GC invocations=21 (full 3):
 PSYoungGen      total 115200K, used 2496K [0x00000000e0000000, 0x00000000e8a00000, 0x0000000100000000)
  eden space 92160K, 0% used [0x00000000e0000000,0x00000000e0000000,0x00000000e5a00000)
  from space 23040K, 10% used [0x00000000e7080000,0x00000000e72f0000,0x00000000e8700000)
  to   space 23040K, 0% used [0x00000000e5a00000,0x00000000e5a00000,0x00000000e7080000)
 ParOldGen       total 105472K, used 40342K [0x00000000a0000000, 0x00000000a6700000, 0x00000000e0000000)
  object space 105472K, 38% used [0x00000000a0000000,0x00000000a2765b18,0x00000000a6700000)
 Metaspace       used 52135K, capacity 54178K, committed 54528K, reserved 1095680K
  class space    used 7113K, capacity 7570K, committed 7680K, reserved 1048576K
}

Deoptimization events (10 events):
Event: 39.820 Thread 0x0000000018e68000 Uncommon trap: reason=class_check action=maybe_recompile pc=0x000000000353b638 method=com.google.common.collect.AbstractMapBasedMultimap.put(Ljava/lang/Object;Ljava/lang/Object;)Z @ 10
Event: 39.820 Thread 0x0000000018e68000 Uncommon trap: reason=class_check action=maybe_recompile pc=0x000000000353b638 method=com.google.common.collect.AbstractMapBasedMultimap.put(Ljava/lang/Object;Ljava/lang/Object;)Z @ 10
Event: 39.820 Thread 0x0000000018e68000 Uncommon trap: reason=class_check action=maybe_recompile pc=0x000000000353b638 method=com.google.common.collect.AbstractMapBasedMultimap.put(Ljava/lang/Object;Ljava/lang/Object;)Z @ 10
Event: 39.905 Thread 0x0000000018e68000 Uncommon trap: reason=unstable_if action=reinterpret pc=0x0000000002ca460c method=java.util.concurrent.ConcurrentHashMap.get(Ljava/lang/Object;)Ljava/lang/Object; @ 76
Event: 39.905 Thread 0x0000000018e68000 Uncommon trap: reason=class_check action=maybe_recompile pc=0x0000000002c7fd10 method=java.util.concurrent.ConcurrentHashMap.putVal(Ljava/lang/Object;Ljava/lang/Object;Z)Ljava/lang/Object; @ 192
Event: 39.932 Thread 0x0000000018e68000 Uncommon trap: reason=unstable_if action=reinterpret pc=0x0000000002cc2bcc method=java.lang.String.regionMatches(ZILjava/lang/String;II)Z @ 102
Event: 40.108 Thread 0x0000000018e68000 Uncommon trap: reason=unstable_if action=reinterpret pc=0x0000000003b3e138 method=com.esotericsoftware.kryo.io.Output.writeByte(B)V @ 8
Event: 40.267 Thread 0x0000000018e68000 Uncommon trap: reason=unstable_if action=reinterpret pc=0x0000000003489910 method=com.sun.org.apache.xerces.internal.impl.XMLEntityScanner.skipSpaces()Z @ 75
Event: 40.268 Thread 0x0000000018e68000 Uncommon trap: reason=unstable_if action=reinterpret pc=0x00000000033e61ac method=com.sun.org.apache.xerces.internal.impl.XMLEntityScanner.peekChar()I @ 51
Event: 40.268 Thread 0x0000000018e68000 Uncommon trap: reason=unstable_if action=reinterpret pc=0x000000000336d044 method=com.sun.org.apache.xerces.internal.impl.XMLEntityScanner.scanContent(Lcom/sun/org/apache/xerces/internal/xni/XMLString;)I @ 124

Internal exceptions (10 events):
Event: 38.902 Thread 0x0000000018e68000 Exception <a 'sun/nio/fs/WindowsException'> (0x00000000e4d6d638) thrown at [C:\src\android\AOSP-openjdk\external\jetbrains\jdk\hotspot\src\share\vm\prims\jni.cpp, line 709]
Event: 38.902 Thread 0x0000000018e68000 Exception <a 'sun/nio/fs/WindowsException'> (0x00000000e4d70c90) thrown at [C:\src\android\AOSP-openjdk\external\jetbrains\jdk\hotspot\src\share\vm\prims\jni.cpp, line 709]
Event: 38.902 Thread 0x0000000018e68000 Exception <a 'sun/nio/fs/WindowsException'> (0x00000000e4d717a8) thrown at [C:\src\android\AOSP-openjdk\external\jetbrains\jdk\hotspot\src\share\vm\prims\jni.cpp, line 709]
Event: 38.903 Thread 0x0000000018e68000 Exception <a 'sun/nio/fs/WindowsException'> (0x00000000e4d732f8) thrown at [C:\src\android\AOSP-openjdk\external\jetbrains\jdk\hotspot\src\share\vm\prims\jni.cpp, line 709]
Event: 38.903 Thread 0x0000000018e68000 Exception <a 'sun/nio/fs/WindowsException'> (0x00000000e4d73e50) thrown at [C:\src\android\AOSP-openjdk\external\jetbrains\jdk\hotspot\src\share\vm\prims\jni.cpp, line 709]
Event: 39.875 Thread 0x0000000018e68000 Exception <a 'java/lang/NoSuchMethodError': <clinit>> (0x00000000e16a8b50) thrown at [C:\src\android\AOSP-openjdk\external\jetbrains\jdk\hotspot\src\share\vm\prims\jni.cpp, line 1591]
Event: 39.876 Thread 0x0000000018e68000 Exception <a 'java/lang/NoSuchMethodError': <clinit>> (0x00000000e16b5b00) thrown at [C:\src\android\AOSP-openjdk\external\jetbrains\jdk\hotspot\src\share\vm\prims\jni.cpp, line 1591]
Event: 39.897 Thread 0x0000000018e68000 Exception <a 'java/lang/NoSuchMethodError': <clinit>> (0x00000000e17b3488) thrown at [C:\src\android\AOSP-openjdk\external\jetbrains\jdk\hotspot\src\share\vm\prims\jni.cpp, line 1591]
Event: 39.899 Thread 0x0000000018e68000 Exception <a 'java/lang/NoSuchMethodError': <clinit>> (0x00000000e17cbc98) thrown at [C:\src\android\AOSP-openjdk\external\jetbrains\jdk\hotspot\src\share\vm\prims\jni.cpp, line 1591]
Event: 39.899 Thread 0x0000000018e68000 Exception <a 'java/lang/NoSuchMethodError': <clinit>> (0x00000000e17cd1b0) thrown at [C:\src\android\AOSP-openjdk\external\jetbrains\jdk\hotspot\src\share\vm\prims\jni.cpp, line 1591]

Events (10 events):
Event: 40.278 loading class com/sun/org/apache/xpath/internal/compiler/FunctionTable done
Event: 40.278 loading class com/sun/org/apache/xpath/internal/functions/FuncCurrent
Event: 40.278 loading class com/sun/org/apache/xpath/internal/functions/Function
Event: 40.278 loading class com/sun/org/apache/xpath/internal/Expression
Event: 40.278 loading class com/sun/org/apache/xpath/internal/ExpressionNode
Event: 40.278 loading class javax/xml/transform/SourceLocator
Event: 40.278 loading class javax/xml/transform/SourceLocator done
Event: 40.278 loading class com/sun/org/apache/xpath/internal/ExpressionNode done
Event: 40.278 loading class com/sun/org/apache/xpath/internal/XPathVisitable
Event: 40.278 loading class com/sun/org/apache/xpath/internal/XPathVisitable done


Dynamic libraries:
0x00007ff71f5e0000 - 0x00007ff71f611000 	C:\Program Files\Android\Android Studio\jre\bin\java.exe
0x00007ffc3b610000 - 0x00007ffc3b7e1000 	C:\WINDOWS\SYSTEM32\ntdll.dll
0x00007ffc3ad40000 - 0x00007ffc3adeb000 	C:\WINDOWS\System32\KERNEL32.DLL
0x00007ffc37ec0000 - 0x00007ffc380dd000 	C:\WINDOWS\System32\KERNELBASE.dll
0x00007ffc38fd0000 - 0x00007ffc39072000 	C:\WINDOWS\System32\ADVAPI32.dll
0x00007ffc3a850000 - 0x00007ffc3a8ee000 	C:\WINDOWS\System32\msvcrt.dll
0x00007ffc39080000 - 0x00007ffc390d9000 	C:\WINDOWS\System32\sechost.dll
0x00007ffc3a960000 - 0x00007ffc3aa81000 	C:\WINDOWS\System32\RPCRT4.dll
0x00007ffc38de0000 - 0x00007ffc38f45000 	C:\WINDOWS\System32\USER32.dll
0x00007ffc37b00000 - 0x00007ffc37b1e000 	C:\WINDOWS\System32\win32u.dll
0x00007ffc3aa90000 - 0x00007ffc3aac4000 	C:\WINDOWS\System32\GDI32.dll
0x00007ffc388c0000 - 0x00007ffc38a42000 	C:\WINDOWS\System32\gdi32full.dll
0x00007ffc2f1a0000 - 0x00007ffc2f419000 	C:\WINDOWS\WinSxS\amd64_microsoft.windows.common-controls_6595b64144ccf1df_6.0.14393.447_none_42191651c6827bb3\COMCTL32.dll
0x00007ffc3b2e0000 - 0x00007ffc3b5a8000 	C:\WINDOWS\System32\combase.dll
0x00007ffc37b90000 - 0x00007ffc37c85000 	C:\WINDOWS\System32\ucrtbase.dll
0x00007ffc37b20000 - 0x00007ffc37b8a000 	C:\WINDOWS\System32\bcryptPrimitives.dll
0x00007ffc390e0000 - 0x00007ffc3910e000 	C:\WINDOWS\System32\IMM32.DLL
0x0000000073010000 - 0x00000000730e2000 	C:\Program Files\Android\Android Studio\jre\jre\bin\msvcr100.dll
0x0000000071400000 - 0x0000000071c34000 	C:\Program Files\Android\Android Studio\jre\jre\bin\server\jvm.dll
0x00007ffc3ab30000 - 0x00007ffc3ab38000 	C:\WINDOWS\System32\PSAPI.DLL
0x00007ffc35a40000 - 0x00007ffc35a49000 	C:\WINDOWS\SYSTEM32\WSOCK32.dll
0x00007ffc35950000 - 0x00007ffc35973000 	C:\WINDOWS\SYSTEM32\WINMM.dll
0x00007ffc34470000 - 0x00007ffc3447a000 	C:\WINDOWS\SYSTEM32\VERSION.dll
0x00007ffc38f60000 - 0x00007ffc38fca000 	C:\WINDOWS\System32\WS2_32.dll
0x00007ffc35920000 - 0x00007ffc3594b000 	C:\WINDOWS\SYSTEM32\WINMMBASE.dll
0x00007ffc38870000 - 0x00007ffc388b2000 	C:\WINDOWS\System32\cfgmgr32.dll
0x00007ffc32a80000 - 0x00007ffc32a8f000 	C:\Program Files\Android\Android Studio\jre\jre\bin\verify.dll
0x00007ffc2d520000 - 0x00007ffc2d549000 	C:\Program Files\Android\Android Studio\jre\jre\bin\java.dll
0x00007ffc314b0000 - 0x00007ffc314c6000 	C:\Program Files\Android\Android Studio\jre\jre\bin\zip.dll
0x00007ffc391a0000 - 0x00007ffc3a6a9000 	C:\WINDOWS\System32\SHELL32.dll
0x00007ffc380e0000 - 0x00007ffc387ba000 	C:\WINDOWS\System32\windows.storage.dll
0x00007ffc37ab0000 - 0x00007ffc37afc000 	C:\WINDOWS\System32\powrprof.dll
0x00007ffc3a8f0000 - 0x00007ffc3a942000 	C:\WINDOWS\System32\shlwapi.dll
0x00007ffc37aa0000 - 0x00007ffc37aaf000 	C:\WINDOWS\System32\kernel.appcore.dll
0x00007ffc387c0000 - 0x00007ffc38869000 	C:\WINDOWS\System32\shcore.dll
0x00007ffc37a80000 - 0x00007ffc37a94000 	C:\WINDOWS\System32\profapi.dll
0x00007ffc2d410000 - 0x00007ffc2d42a000 	C:\Program Files\Android\Android Studio\jre\jre\bin\net.dll
0x00007ffc373a0000 - 0x00007ffc373fc000 	C:\WINDOWS\system32\mswsock.dll
0x00007ffc2d3f0000 - 0x00007ffc2d401000 	C:\Program Files\Android\Android Studio\jre\jre\bin\nio.dll
0x00007ffc1dce0000 - 0x00007ffc1dcf2000 	C:\Users\Sandy\.gradle\native\19\windows-amd64\native-platform.dll
0x00007ffc37540000 - 0x00007ffc37557000 	C:\WINDOWS\SYSTEM32\CRYPTSP.dll
0x00007ffc36f50000 - 0x00007ffc36f83000 	C:\WINDOWS\system32\rsaenh.dll
0x00007ffc379b0000 - 0x00007ffc379db000 	C:\WINDOWS\SYSTEM32\bcrypt.dll
0x00007ffc37230000 - 0x00007ffc3724f000 	C:\WINDOWS\SYSTEM32\USERENV.dll
0x00007ffc37560000 - 0x00007ffc3756b000 	C:\WINDOWS\SYSTEM32\CRYPTBASE.dll
0x00007ffc37130000 - 0x00007ffc37168000 	C:\WINDOWS\SYSTEM32\IPHLPAPI.DLL
0x00007ffc38f50000 - 0x00007ffc38f58000 	C:\WINDOWS\System32\NSI.dll
0x00007ffc31ff0000 - 0x00007ffc32006000 	C:\WINDOWS\SYSTEM32\dhcpcsvc6.DLL
0x00007ffc31fd0000 - 0x00007ffc31fea000 	C:\WINDOWS\SYSTEM32\dhcpcsvc.DLL
0x00007ffc32a70000 - 0x00007ffc32a7d000 	C:\Program Files\Android\Android Studio\jre\jre\bin\management.dll
0x00007ffc23a80000 - 0x00007ffc23c12000 	C:\WINDOWS\SYSTEM32\dbghelp.dll

VM Arguments:
jvm_args: -Xmx1536m -Dfile.encoding=windows-1252 -Duser.country=IN -Duser.language=en -Duser.variant 
java_command: org.gradle.launcher.daemon.bootstrap.GradleDaemon 2.14.1
java_class_path (initial): C:\Program Files\Android\Android Studio\gradle\gradle-2.14.1\lib\gradle-launcher-2.14.1.jar
Launcher Type: SUN_STANDARD

Environment Variables:
PATH=C:\ProgramData\Oracle\Java\javapath;C:\WINDOWS\system32;C:\WINDOWS;C:\WINDOWS\System32\Wbem;C:\WINDOWS\System32\WindowsPowerShell\v1.0\;C:\Program Files\WIDCOMM\Bluetooth Software\;C:\Program Files\WIDCOMM\Bluetooth Software\syswow64;;C:\Android;C:\Windows\System32;C:\Program Files (x86)\Skype\Phone\;C:\Program Files\Java\jdk1.8.0_112\bin
USERNAME=Sandy
OS=Windows_NT
PROCESSOR_IDENTIFIER=AMD64 Family 21 Model 48 Stepping 1, AuthenticAMD



---------------  S Y S T E M  ---------------

OS: Windows 10.0 , 64 bit Build 14393 (10.0.14393.0)

CPU:total 4 (4 cores per cpu, 1 threads per core) family 21 model 48 stepping 1, cmov, cx8, fxsr, mmx, sse, sse2, sse3, ssse3, sse4.1, sse4.2, popcnt, avx, aes, clmul, mmxext, 3dnowpref, lzcnt, sse4a, tsc, tscinvbit, tscinv, bmi1

Memory: 4k page, physical 7289200k(3137848k free), swap 13417984k(7541624k free)

vm_info: OpenJDK 64-Bit Server VM (25.76-b03) for windows-amd64 JRE (1.8.0_76-release-b03), built on Jun 29 2016 19:09:20 by "ralucas" with MS VC++ 10.0 (VS2010)

time: Mon Mar 06 00:21:26 2017
elapsed time: 40 seconds (0d 0h 0m 40s)

